E:\DESKTOP_FOLDER_\COURSES\FINALPAPER-RAYTRACING\PRACTICAL\FINALPAPERRAYTRACER\FILETOSTRINGUTILITY\FILETOSTRINGUTILITY\RELEASE\STDAFX.OBJ
E:\DESKTOP_FOLDER_\COURSES\FINALPAPER-RAYTRACING\PRACTICAL\FINALPAPERRAYTRACER\FILETOSTRINGUTILITY\FILETOSTRINGUTILITY\RELEASE\FILETOSTRINGUTILITY.OBJ
E:\DESKTOP_FOLDER_\COURSES\FINALPAPER-RAYTRACING\PRACTICAL\FINALPAPERRAYTRACER\FILETOSTRINGUTILITY\FILETOSTRINGUTILITY\RELEASE\VC110.PDB
E:\DESKTOP_FOLDER_\COURSES\FINALPAPER-RAYTRACING\PRACTICAL\FINALPAPERRAYTRACER\FILETOSTRINGUTILITY\RELEASE\FILETOSTRINGUTILITY.EXE
E:\DESKTOP_FOLDER_\COURSES\FINALPAPER-RAYTRACING\PRACTICAL\FINALPAPERRAYTRACER\FILETOSTRINGUTILITY\RELEASE\FILETOSTRINGUTILITY.PDB
E:\DESKTOP_FOLDER_\courses\FinalPaper-RayTracing\Practical\FinalPaperRayTracer\FileToStringUtility\FileToStringUtility\Release\FileToStringUtility.obj
E:\DESKTOP_FOLDER_\courses\FinalPaper-RayTracing\Practical\FinalPaperRayTracer\FileToStringUtility\FileToStringUtility\Release\stdafx.obj
E:\DESKTOP_FOLDER_\courses\FinalPaper-RayTracing\Practical\FinalPaperRayTracer\FileToStringUtility\FileToStringUtility\Release\cl.command.1.tlog
E:\DESKTOP_FOLDER_\courses\FinalPaper-RayTracing\Practical\FinalPaperRayTracer\FileToStringUtility\FileToStringUtility\Release\CL.read.1.tlog
E:\DESKTOP_FOLDER_\courses\FinalPaper-RayTracing\Practical\FinalPaperRayTracer\FileToStringUtility\FileToStringUtility\Release\CL.write.1.tlog
E:\DESKTOP_FOLDER_\courses\FinalPaper-RayTracing\Practical\FinalPaperRayTracer\FileToStringUtility\FileToStringUtility\Release\link-cvtres.read.1.tlog
E:\DESKTOP_FOLDER_\courses\FinalPaper-RayTracing\Practical\FinalPaperRayTracer\FileToStringUtility\FileToStringUtility\Release\link-cvtres.write.1.tlog
E:\DESKTOP_FOLDER_\courses\FinalPaper-RayTracing\Practical\FinalPaperRayTracer\FileToStringUtility\FileToStringUtility\Release\link-rc.read.1.tlog
E:\DESKTOP_FOLDER_\courses\FinalPaper-RayTracing\Practical\FinalPaperRayTracer\FileToStringUtility\FileToStringUtility\Release\link-rc.write.1.tlog
E:\DESKTOP_FOLDER_\courses\FinalPaper-RayTracing\Practical\FinalPaperRayTracer\FileToStringUtility\FileToStringUtility\Release\link.command.1.tlog
E:\DESKTOP_FOLDER_\courses\FinalPaper-RayTracing\Practical\FinalPaperRayTracer\FileToStringUtility\FileToStringUtility\Release\link.read.1.tlog
E:\DESKTOP_FOLDER_\courses\FinalPaper-RayTracing\Practical\FinalPaperRayTracer\FileToStringUtility\FileToStringUtility\Release\link.write.1.tlog
E:\DESKTOP_FOLDER_\courses\FinalPaper-RayTracing\Practical\FinalPaperRayTracer\FileToStringUtility\FileToStringUtility\Release\vc110.pdb
E:\DESKTOP_FOLDER_\courses\FinalPaper-RayTracing\Practical\FinalPaperRayTracer\FileToStringUtility\Release\FileToStringUtility.pdb
E:\DESKTOP_FOLDER_\courses\FinalPaper-RayTracing\Practical\FinalPaperRayTracer\FileToStringUtility\Release\FileToStringUtility.exe
