Build started 27/06/2016 11:12:03.
     1>Project "E:\DESKTOP_FOLDER_\courses\FinalPaper-RayTracing\Practical\FinalPaperRayTracer\OpenCLRayTracer\src\Demos\OpenCLRayTracerDemo\OpenCLRayTracerDemo.vcxproj" on node 2 (Rebuild target(s)).
     1>ClCompile:
         E:\Visual Studio 2012\VC\bin\CL.exe /c /I"C:\Program Files (x86)\AMD APP SDK\3.0\/include" /I"E:\AMD_APP_SDK\AMD_APP_SDK_3.0\AMD APP SDK\3.0\Include" /I../../../../Libs/boost/boost_1_59_0 /I../../../Include /Zi /nologo /W3 /WX- /O2 /Oi /Oy- /GL /D _MBCS /Gm- /EHsc /MD /GS /Gy /fp:precise /Zc:wchar_t /Zc:forScope /Fo"Release\\" /Fd"Release\vc110.pdb" /Gd /TP /analyze- /errorReport:prompt OpenCLRayTracerDemo.cpp
         OpenCLRayTracerDemo.cpp
     1>E:\DESKTOP_FOLDER_\courses\FinalPaper-RayTracing\Practical\FinalPaperRayTracer\OpenCLRayTracer\Include\common/Errata.h(38): warning C4005: 'FILL_ERRATA' : macro redefinition
                 E:\DESKTOP_FOLDER_\courses\FinalPaper-RayTracing\Practical\FinalPaperRayTracer\OpenCLRayTracer\Include\common/Errata.h(36) : see previous definition of 'FILL_ERRATA'
     1>E:\DESKTOP_FOLDER_\courses\FinalPaper-RayTracing\Practical\FinalPaperRayTracer\OpenCLRayTracer\Include\OpenCLUtils\CLInterface.h(94): warning C4003: not enough actual parameters for macro 'FILL_ERRATA'
     1>E:\DESKTOP_FOLDER_\courses\FinalPaper-RayTracing\Practical\FinalPaperRayTracer\OpenCLRayTracer\Include\OpenCLUtils\CLInterface.h(103): warning C4003: not enough actual parameters for macro 'FILL_ERRATA'
     1>E:\DESKTOP_FOLDER_\courses\FinalPaper-RayTracing\Practical\FinalPaperRayTracer\OpenCLRayTracer\Include\OpenCLUtils\CLInterface.h(112): warning C4003: not enough actual parameters for macro 'FILL_ERRATA'
     1>E:\DESKTOP_FOLDER_\courses\FinalPaper-RayTracing\Practical\FinalPaperRayTracer\OpenCLRayTracer\Include\OpenCLUtils\CLInterface.h(121): warning C4003: not enough actual parameters for macro 'FILL_ERRATA'
     1>E:\DESKTOP_FOLDER_\courses\FinalPaper-RayTracing\Practical\FinalPaperRayTracer\OpenCLRayTracer\Include\OpenCLUtils\CLInterface.h(130): warning C4003: not enough actual parameters for macro 'FILL_ERRATA'
     1>E:\DESKTOP_FOLDER_\courses\FinalPaper-RayTracing\Practical\FinalPaperRayTracer\OpenCLRayTracer\Include\OpenCLUtils\CLInterface.h(139): warning C4003: not enough actual parameters for macro 'FILL_ERRATA'
     1>E:\DESKTOP_FOLDER_\courses\FinalPaper-RayTracing\Practical\FinalPaperRayTracer\OpenCLRayTracer\Include\OpenCLUtils\CLInterface.h(148): warning C4003: not enough actual parameters for macro 'FILL_ERRATA'
     1>E:\DESKTOP_FOLDER_\courses\FinalPaper-RayTracing\Practical\FinalPaperRayTracer\OpenCLRayTracer\Include\OpenCLUtils\CLInterface.h(157): warning C4003: not enough actual parameters for macro 'FILL_ERRATA'
     1>E:\DESKTOP_FOLDER_\courses\FinalPaper-RayTracing\Practical\FinalPaperRayTracer\OpenCLRayTracer\Include\OpenCLUtils\CLInterface.h(166): warning C4003: not enough actual parameters for macro 'FILL_ERRATA'
     1>E:\DESKTOP_FOLDER_\courses\FinalPaper-RayTracing\Practical\FinalPaperRayTracer\OpenCLRayTracer\Include\OpenCLUtils\CLInterface.h(183): warning C4003: not enough actual parameters for macro 'FILL_ERRATA'
     1>E:\DESKTOP_FOLDER_\courses\FinalPaper-RayTracing\Practical\FinalPaperRayTracer\OpenCLRayTracer\Include\OpenCLUtils\CLInterface.h(191): warning C4003: not enough actual parameters for macro 'FILL_ERRATA'
     1>E:\DESKTOP_FOLDER_\courses\FinalPaper-RayTracing\Practical\FinalPaperRayTracer\OpenCLRayTracer\Include\OpenCLUtils\CLInterface.h(199): warning C4003: not enough actual parameters for macro 'FILL_ERRATA'
     1>E:\DESKTOP_FOLDER_\courses\FinalPaper-RayTracing\Practical\FinalPaperRayTracer\OpenCLRayTracer\Include\OpenCLUtils\CLInterface.h(207): warning C4003: not enough actual parameters for macro 'FILL_ERRATA'
     1>E:\DESKTOP_FOLDER_\courses\FinalPaper-RayTracing\Practical\FinalPaperRayTracer\OpenCLRayTracer\Include\OpenCLUtils\CLInterface.h(215): warning C4003: not enough actual parameters for macro 'FILL_ERRATA'
     1>E:\DESKTOP_FOLDER_\courses\FinalPaper-RayTracing\Practical\FinalPaperRayTracer\OpenCLRayTracer\Include\OpenCLUtils\CLInterface.h(224): warning C4003: not enough actual parameters for macro 'FILL_ERRATA'
     1>E:\DESKTOP_FOLDER_\courses\FinalPaper-RayTracing\Practical\FinalPaperRayTracer\OpenCLRayTracer\Include\OpenCLUtils\CLInterface.h(233): warning C4003: not enough actual parameters for macro 'FILL_ERRATA'
     1>E:\DESKTOP_FOLDER_\courses\FinalPaper-RayTracing\Practical\FinalPaperRayTracer\OpenCLRayTracer\Include\OpenCLUtils\CLInterface.h(242): warning C4003: not enough actual parameters for macro 'FILL_ERRATA'
     1>E:\DESKTOP_FOLDER_\courses\FinalPaper-RayTracing\Practical\FinalPaperRayTracer\OpenCLRayTracer\Include\OpenCLUtils\CLInterface.h(260): warning C4003: not enough actual parameters for macro 'FILL_ERRATA'
     1>E:\DESKTOP_FOLDER_\courses\FinalPaper-RayTracing\Practical\FinalPaperRayTracer\OpenCLRayTracer\Include\OpenCLUtils\CLInterface.h(268): warning C4003: not enough actual parameters for macro 'FILL_ERRATA'
     1>E:\DESKTOP_FOLDER_\courses\FinalPaper-RayTracing\Practical\FinalPaperRayTracer\OpenCLRayTracer\Include\OpenCLUtils\CLInterface.h(276): warning C4003: not enough actual parameters for macro 'FILL_ERRATA'
     1>E:\DESKTOP_FOLDER_\courses\FinalPaper-RayTracing\Practical\FinalPaperRayTracer\OpenCLRayTracer\Include\OpenCLUtils\CLInterface.h(284): warning C4003: not enough actual parameters for macro 'FILL_ERRATA'
     1>E:\DESKTOP_FOLDER_\courses\FinalPaper-RayTracing\Practical\FinalPaperRayTracer\OpenCLRayTracer\Include\OpenCLUtils\CLInterface.h(292): warning C4003: not enough actual parameters for macro 'FILL_ERRATA'
     1>E:\DESKTOP_FOLDER_\courses\FinalPaper-RayTracing\Practical\FinalPaperRayTracer\OpenCLRayTracer\Include\OpenCLUtils\CLInterface.h(300): warning C4003: not enough actual parameters for macro 'FILL_ERRATA'
     1>E:\DESKTOP_FOLDER_\courses\FinalPaper-RayTracing\Practical\FinalPaperRayTracer\OpenCLRayTracer\Include\OpenCLUtils\CLInterface.h(308): warning C4003: not enough actual parameters for macro 'FILL_ERRATA'
     1>E:\DESKTOP_FOLDER_\courses\FinalPaper-RayTracing\Practical\FinalPaperRayTracer\OpenCLRayTracer\Include\OpenCLUtils\CLInterface.h(316): warning C4003: not enough actual parameters for macro 'FILL_ERRATA'
     1>E:\DESKTOP_FOLDER_\courses\FinalPaper-RayTracing\Practical\FinalPaperRayTracer\OpenCLRayTracer\Include\OpenCLUtils\CLInterface.h(325): warning C4003: not enough actual parameters for macro 'FILL_ERRATA'
     1>E:\DESKTOP_FOLDER_\courses\FinalPaper-RayTracing\Practical\FinalPaperRayTracer\OpenCLRayTracer\Include\OpenCLUtils\CLInterface.h(343): warning C4003: not enough actual parameters for macro 'FILL_ERRATA'
     1>E:\DESKTOP_FOLDER_\courses\FinalPaper-RayTracing\Practical\FinalPaperRayTracer\OpenCLRayTracer\Include\OpenCLUtils\CLInterface.h(351): warning C4003: not enough actual parameters for macro 'FILL_ERRATA'
     1>E:\DESKTOP_FOLDER_\courses\FinalPaper-RayTracing\Practical\FinalPaperRayTracer\OpenCLRayTracer\Include\OpenCLUtils\CLInterface.h(365): warning C4003: not enough actual parameters for macro 'FILL_ERRATA'
     1>E:\DESKTOP_FOLDER_\courses\FinalPaper-RayTracing\Practical\FinalPaperRayTracer\OpenCLRayTracer\Include\OpenCLUtils\CLInterface.h(399): warning C4003: not enough actual parameters for macro 'FILL_ERRATA'
     1>E:\DESKTOP_FOLDER_\courses\FinalPaper-RayTracing\Practical\FinalPaperRayTracer\OpenCLRayTracer\Include\OpenCLUtils\CLInterface.h(408): warning C4003: not enough actual parameters for macro 'FILL_ERRATA'
     1>E:\DESKTOP_FOLDER_\courses\FinalPaper-RayTracing\Practical\FinalPaperRayTracer\OpenCLRayTracer\Include\OpenCLUtils\CLInterface.h(417): warning C4003: not enough actual parameters for macro 'FILL_ERRATA'
     1>E:\DESKTOP_FOLDER_\courses\FinalPaper-RayTracing\Practical\FinalPaperRayTracer\OpenCLRayTracer\Include\OpenCLUtils\CLInterface.h(437): warning C4003: not enough actual parameters for macro 'FILL_ERRATA'
     1>E:\DESKTOP_FOLDER_\courses\FinalPaper-RayTracing\Practical\FinalPaperRayTracer\OpenCLRayTracer\Include\OpenCLUtils\CLInterface.h(446): warning C4003: not enough actual parameters for macro 'FILL_ERRATA'
     1>E:\DESKTOP_FOLDER_\courses\FinalPaper-RayTracing\Practical\FinalPaperRayTracer\OpenCLRayTracer\Include\OpenCLUtils\CLInterface.h(455): warning C4003: not enough actual parameters for macro 'FILL_ERRATA'
     1>E:\DESKTOP_FOLDER_\courses\FinalPaper-RayTracing\Practical\FinalPaperRayTracer\OpenCLRayTracer\Include\OpenCLUtils\CLInterface.h(464): warning C4003: not enough actual parameters for macro 'FILL_ERRATA'
     1>E:\DESKTOP_FOLDER_\courses\FinalPaper-RayTracing\Practical\FinalPaperRayTracer\OpenCLRayTracer\Include\OpenCLUtils\CLInterface.h(473): warning C4003: not enough actual parameters for macro 'FILL_ERRATA'
     1>E:\DESKTOP_FOLDER_\courses\FinalPaper-RayTracing\Practical\FinalPaperRayTracer\OpenCLRayTracer\Include\OpenCLUtils\CLInterface.h(482): warning C4003: not enough actual parameters for macro 'FILL_ERRATA'
     1>E:\DESKTOP_FOLDER_\courses\FinalPaper-RayTracing\Practical\FinalPaperRayTracer\OpenCLRayTracer\Include\OpenCLUtils\CLInterface.h(531): warning C4003: not enough actual parameters for macro 'FILL_ERRATA'
     1>E:\DESKTOP_FOLDER_\courses\FinalPaper-RayTracing\Practical\FinalPaperRayTracer\OpenCLRayTracer\Include\OpenCLUtils\CLInterface.h(539): warning C4003: not enough actual parameters for macro 'FILL_ERRATA'
     1>E:\DESKTOP_FOLDER_\courses\FinalPaper-RayTracing\Practical\FinalPaperRayTracer\OpenCLRayTracer\Include\OpenCLUtils\CLInterface.h(547): warning C4003: not enough actual parameters for macro 'FILL_ERRATA'
     1>E:\DESKTOP_FOLDER_\courses\FinalPaper-RayTracing\Practical\FinalPaperRayTracer\OpenCLRayTracer\Include\OpenCLUtils\CLInterface.h(555): warning C4003: not enough actual parameters for macro 'FILL_ERRATA'
     1>E:\DESKTOP_FOLDER_\courses\FinalPaper-RayTracing\Practical\FinalPaperRayTracer\OpenCLRayTracer\Include\OpenCLUtils\CLInterface.h(563): warning C4003: not enough actual parameters for macro 'FILL_ERRATA'
     1>E:\DESKTOP_FOLDER_\courses\FinalPaper-RayTracing\Practical\FinalPaperRayTracer\OpenCLRayTracer\Include\OpenCLUtils\CLInterface.h(571): warning C4003: not enough actual parameters for macro 'FILL_ERRATA'
     1>E:\DESKTOP_FOLDER_\courses\FinalPaper-RayTracing\Practical\FinalPaperRayTracer\OpenCLRayTracer\Include\OpenCLUtils\CLInterface.h(580): warning C4003: not enough actual parameters for macro 'FILL_ERRATA'
     1>E:\DESKTOP_FOLDER_\courses\FinalPaper-RayTracing\Practical\FinalPaperRayTracer\OpenCLRayTracer\Include\OpenCLUtils\CLInterface.h(588): warning C4003: not enough actual parameters for macro 'FILL_ERRATA'
     1>E:\DESKTOP_FOLDER_\courses\FinalPaper-RayTracing\Practical\FinalPaperRayTracer\OpenCLRayTracer\Include\OpenCLUtils\CLInterface.h(596): warning C4003: not enough actual parameters for macro 'FILL_ERRATA'
     1>E:\DESKTOP_FOLDER_\courses\FinalPaper-RayTracing\Practical\FinalPaperRayTracer\OpenCLRayTracer\Include\OpenCLUtils\CLInterface.h(604): warning C4003: not enough actual parameters for macro 'FILL_ERRATA'
     1>E:\DESKTOP_FOLDER_\courses\FinalPaper-RayTracing\Practical\FinalPaperRayTracer\OpenCLRayTracer\Include\OpenCLUtils\CLInterface.h(612): warning C4003: not enough actual parameters for macro 'FILL_ERRATA'
     1>E:\DESKTOP_FOLDER_\courses\FinalPaper-RayTracing\Practical\FinalPaperRayTracer\OpenCLRayTracer\Include\OpenCLUtils\CLInterface.h(621): warning C4003: not enough actual parameters for macro 'FILL_ERRATA'
     1>E:\DESKTOP_FOLDER_\courses\FinalPaper-RayTracing\Practical\FinalPaperRayTracer\OpenCLRayTracer\Include\OpenCLUtils\CLInterface.h(681): warning C4018: '<' : signed/unsigned mismatch
     1>E:\DESKTOP_FOLDER_\courses\FinalPaper-RayTracing\Practical\FinalPaperRayTracer\OpenCLRayTracer\Include\OpenCLUtils\CLInterface.h(745): warning C4018: '>' : signed/unsigned mismatch
     1>E:\DESKTOP_FOLDER_\courses\FinalPaper-RayTracing\Practical\FinalPaperRayTracer\OpenCLRayTracer\Include\OpenCLUtils\CLInterface.h(767): warning C4018: '<' : signed/unsigned mismatch
     1>E:\DESKTOP_FOLDER_\courses\FinalPaper-RayTracing\Practical\FinalPaperRayTracer\OpenCLRayTracer\Include\OpenCLUtils\CLExecutionContext.h(201): warning C4018: '<' : signed/unsigned mismatch
     1>E:\DESKTOP_FOLDER_\courses\FinalPaper-RayTracing\Practical\FinalPaperRayTracer\OpenCLRayTracer\Include\OpenCLUtils\CLExecutionContext.h(212): warning C4018: '<' : signed/unsigned mismatch
     1>E:\DESKTOP_FOLDER_\courses\FinalPaper-RayTracing\Practical\FinalPaperRayTracer\OpenCLRayTracer\Include\CLData\CLPortability.h(87): warning C4005: 'CL_FLOAT' : macro redefinition
                 C:\Program Files (x86)\AMD APP SDK\3.0\include\CL\cl.h(437) : see previous definition of 'CL_FLOAT'
     1>E:\DESKTOP_FOLDER_\courses\FinalPaper-RayTracing\Practical\FinalPaperRayTracer\OpenCLRayTracer\Include\CLData\CLPortability.h(93): warning C4005: 'CL_GLOBAL' : macro redefinition
                 C:\Program Files (x86)\AMD APP SDK\3.0\include\CL\cl.h(332) : see previous definition of 'CL_GLOBAL'
     1>E:\DESKTOP_FOLDER_\courses\FinalPaper-RayTracing\Practical\FinalPaperRayTracer\OpenCLRayTracer\Include\CLData\CLPortability.h(94): warning C4005: 'CL_LOCAL' : macro redefinition
                 C:\Program Files (x86)\AMD APP SDK\3.0\include\CL\cl.h(331) : see previous definition of 'CL_LOCAL'
     1>E:\DESKTOP_FOLDER_\courses\FinalPaper-RayTracing\Practical\FinalPaperRayTracer\OpenCLRayTracer\Include\CLData\RTKernelUtils.h(166): warning C4334: '<<' : result of 32-bit shift implicitly converted to 64 bits (was 64-bit shift intended?)
     1>E:\DESKTOP_FOLDER_\courses\FinalPaper-RayTracing\Practical\FinalPaperRayTracer\OpenCLRayTracer\Include\CLData/SceneBufferParser.h(178): warning C4018: '<' : signed/unsigned mismatch
     1>E:\DESKTOP_FOLDER_\courses\FinalPaper-RayTracing\Practical\FinalPaperRayTracer\OpenCLRayTracer\Include\CLData/SceneBufferParser.h(192): warning C4018: '<' : signed/unsigned mismatch
     1>E:\DESKTOP_FOLDER_\courses\FinalPaper-RayTracing\Practical\FinalPaperRayTracer\OpenCLRayTracer\Include\CLData/SceneBufferParser.h(268): warning C4018: '>' : signed/unsigned mismatch
     1>E:\DESKTOP_FOLDER_\courses\FinalPaper-RayTracing\Practical\FinalPaperRayTracer\OpenCLRayTracer\Include\CLData/SceneBufferParser.h(280): warning C4018: '>' : signed/unsigned mismatch
     1>E:\DESKTOP_FOLDER_\courses\FinalPaper-RayTracing\Practical\FinalPaperRayTracer\OpenCLRayTracer\Include\CLData\MeshUtils.h(52): warning C4101: 'sumY' : unreferenced local variable
     1>E:\DESKTOP_FOLDER_\courses\FinalPaper-RayTracing\Practical\FinalPaperRayTracer\OpenCLRayTracer\Include\CLData\MeshUtils.h(52): warning C4101: 'sumX' : unreferenced local variable
     1>E:\DESKTOP_FOLDER_\courses\FinalPaper-RayTracing\Practical\FinalPaperRayTracer\OpenCLRayTracer\Include\CLData\MeshUtils.h(52): warning C4101: 'sumZ' : unreferenced local variable
     1>E:\DESKTOP_FOLDER_\courses\FinalPaper-RayTracing\Practical\FinalPaperRayTracer\OpenCLRayTracer\Include\CLData\Shading.h(128): warning C4018: '<' : signed/unsigned mismatch
     1>E:\DESKTOP_FOLDER_\courses\FinalPaper-RayTracing\Practical\FinalPaperRayTracer\OpenCLRayTracer\Include\Scene\SceneDebug.h(101): warning C4018: '<' : signed/unsigned mismatch
     1>E:\DESKTOP_FOLDER_\courses\FinalPaper-RayTracing\Practical\FinalPaperRayTracer\OpenCLRayTracer\Include\Scene\SceneDebug.h(106): warning C4018: '<' : signed/unsigned mismatch
     1>E:\DESKTOP_FOLDER_\courses\FinalPaper-RayTracing\Practical\FinalPaperRayTracer\OpenCLRayTracer\Include\Scene\SceneDebug.h(135): warning C4018: '<' : signed/unsigned mismatch
     1>OpenCLRayTracerDemo.cpp(246): warning C4018: '<' : signed/unsigned mismatch
       Link:
         E:\Visual Studio 2012\VC\bin\link.exe /ERRORREPORT:PROMPT /OUT:"E:\DESKTOP_FOLDER_\courses\FinalPaper-RayTracing\Practical\FinalPaperRayTracer\OpenCLRayTracer\\bin\Release\OpenCLRayTracerDemo.exe" /NOLOGO /LIBPATH:"C:\Program Files (x86)\AMD APP SDK\3.0\\lib\x86\\" kernel32.lib user32.lib gdi32.lib winspool.lib comdlg32.lib advapi32.lib shell32.lib ole32.lib oleaut32.lib uuid.lib odbc32.lib odbccp32.lib /MANIFEST /MANIFESTUAC:"level='asInvoker' uiAccess='false'" /manifest:embed /DEBUG /PDB:"E:\DESKTOP_FOLDER_\courses\FinalPaper-RayTracing\Practical\FinalPaperRayTracer\OpenCLRayTracer\\bin\Release\OpenCLRayTracerDemo.pdb" /OPT:REF /OPT:ICF /LTCG /TLBID:1 /DYNAMICBASE /NXCOMPAT /IMPLIB:"E:\DESKTOP_FOLDER_\courses\FinalPaper-RayTracing\Practical\FinalPaperRayTracer\OpenCLRayTracer\\bin\Release\OpenCLRayTracerDemo.lib" /MACHINE:X86 /SAFESEH:NO Release\OpenCLRayTracerDemo.obj
         "E:\DESKTOP_FOLDER_\courses\FinalPaper-RayTracing\Practical\FinalPaperRayTracer\OpenCLRayTracer\bin\Release\OpenCLUtils.lib"
         "E:\DESKTOP_FOLDER_\courses\FinalPaper-RayTracing\Practical\FinalPaperRayTracer\OpenCLRayTracer\bin\Release\CLRayTracerEngine.lib"
         Generating code
         Finished generating code
         OpenCLRayTracerDemo.vcxproj -> E:\DESKTOP_FOLDER_\courses\FinalPaper-RayTracing\Practical\FinalPaperRayTracer\OpenCLRayTracer\\bin\Release\OpenCLRayTracerDemo.exe
     1>Done Building Project "E:\DESKTOP_FOLDER_\courses\FinalPaper-RayTracing\Practical\FinalPaperRayTracer\OpenCLRayTracer\src\Demos\OpenCLRayTracerDemo\OpenCLRayTracerDemo.vcxproj" (Rebuild target(s)).

Build succeeded.

Time Elapsed 00:00:06.78
