E:\DESKTOP_FOLDER_\COURSES\FINALPAPER-RAYTRACING\PRACTICAL\FINALPAPERRAYTRACER\OPENCLRAYTRACER\OPENCLRAYTRACER\DEBUG\CLINTERFACE.OBJ
E:\DESKTOP_FOLDER_\COURSES\FINALPAPER-RAYTRACING\PRACTICAL\FINALPAPERRAYTRACER\OPENCLRAYTRACER\OPENCLRAYTRACER\DEBUG\MAIN.OBJ
E:\DESKTOP_FOLDER_\COURSES\FINALPAPER-RAYTRACING\PRACTICAL\FINALPAPERRAYTRACER\OPENCLRAYTRACER\OPENCLRAYTRACER\DEBUG\CLEXECUTIONCONTEXT.OBJ
E:\DESKTOP_FOLDER_\COURSES\FINALPAPER-RAYTRACING\PRACTICAL\FINALPAPERRAYTRACER\OPENCLRAYTRACER\OPENCLRAYTRACER\DEBUG\VC110.PDB
E:\DESKTOP_FOLDER_\COURSES\FINALPAPER-RAYTRACING\PRACTICAL\FINALPAPERRAYTRACER\OPENCLRAYTRACER\DEBUG\OPENCLRAYTRACER.ILK
E:\DESKTOP_FOLDER_\COURSES\FINALPAPER-RAYTRACING\PRACTICAL\FINALPAPERRAYTRACER\OPENCLRAYTRACER\DEBUG\OPENCLRAYTRACER.EXE
E:\DESKTOP_FOLDER_\COURSES\FINALPAPER-RAYTRACING\PRACTICAL\FINALPAPERRAYTRACER\OPENCLRAYTRACER\DEBUG\OPENCLRAYTRACER.PDB
E:\DESKTOP_FOLDER_\courses\FinalPaper-RayTracing\Practical\FinalPaperRayTracer\OpenCLRayTracer\OpenCLRayTracer\Debug\CLExecutionContext.obj
E:\DESKTOP_FOLDER_\courses\FinalPaper-RayTracing\Practical\FinalPaperRayTracer\OpenCLRayTracer\OpenCLRayTracer\Debug\CLInterface.obj
E:\DESKTOP_FOLDER_\courses\FinalPaper-RayTracing\Practical\FinalPaperRayTracer\OpenCLRayTracer\OpenCLRayTracer\Debug\Main.obj
E:\DESKTOP_FOLDER_\courses\FinalPaper-RayTracing\Practical\FinalPaperRayTracer\OpenCLRayTracer\OpenCLRayTracer\Debug\cl.command.1.tlog
E:\DESKTOP_FOLDER_\courses\FinalPaper-RayTracing\Practical\FinalPaperRayTracer\OpenCLRayTracer\OpenCLRayTracer\Debug\CL.read.1.tlog
E:\DESKTOP_FOLDER_\courses\FinalPaper-RayTracing\Practical\FinalPaperRayTracer\OpenCLRayTracer\OpenCLRayTracer\Debug\CL.write.1.tlog
E:\DESKTOP_FOLDER_\courses\FinalPaper-RayTracing\Practical\FinalPaperRayTracer\OpenCLRayTracer\OpenCLRayTracer\Debug\link-cvtres.read.1.tlog
E:\DESKTOP_FOLDER_\courses\FinalPaper-RayTracing\Practical\FinalPaperRayTracer\OpenCLRayTracer\OpenCLRayTracer\Debug\link-cvtres.write.1.tlog
E:\DESKTOP_FOLDER_\courses\FinalPaper-RayTracing\Practical\FinalPaperRayTracer\OpenCLRayTracer\OpenCLRayTracer\Debug\link-rc.read.1.tlog
E:\DESKTOP_FOLDER_\courses\FinalPaper-RayTracing\Practical\FinalPaperRayTracer\OpenCLRayTracer\OpenCLRayTracer\Debug\link-rc.write.1.tlog
E:\DESKTOP_FOLDER_\courses\FinalPaper-RayTracing\Practical\FinalPaperRayTracer\OpenCLRayTracer\OpenCLRayTracer\Debug\link.13512-cvtres.read.1.tlog
E:\DESKTOP_FOLDER_\courses\FinalPaper-RayTracing\Practical\FinalPaperRayTracer\OpenCLRayTracer\OpenCLRayTracer\Debug\link.13512-cvtres.write.1.tlog
E:\DESKTOP_FOLDER_\courses\FinalPaper-RayTracing\Practical\FinalPaperRayTracer\OpenCLRayTracer\OpenCLRayTracer\Debug\link.13512-rc.read.1.tlog
E:\DESKTOP_FOLDER_\courses\FinalPaper-RayTracing\Practical\FinalPaperRayTracer\OpenCLRayTracer\OpenCLRayTracer\Debug\link.13512-rc.write.1.tlog
E:\DESKTOP_FOLDER_\courses\FinalPaper-RayTracing\Practical\FinalPaperRayTracer\OpenCLRayTracer\OpenCLRayTracer\Debug\link.13512.read.1.tlog
E:\DESKTOP_FOLDER_\courses\FinalPaper-RayTracing\Practical\FinalPaperRayTracer\OpenCLRayTracer\OpenCLRayTracer\Debug\link.13512.write.1.tlog
E:\DESKTOP_FOLDER_\courses\FinalPaper-RayTracing\Practical\FinalPaperRayTracer\OpenCLRayTracer\OpenCLRayTracer\Debug\link.15236-cvtres.read.1.tlog
E:\DESKTOP_FOLDER_\courses\FinalPaper-RayTracing\Practical\FinalPaperRayTracer\OpenCLRayTracer\OpenCLRayTracer\Debug\link.15236-cvtres.write.1.tlog
E:\DESKTOP_FOLDER_\courses\FinalPaper-RayTracing\Practical\FinalPaperRayTracer\OpenCLRayTracer\OpenCLRayTracer\Debug\link.15236-rc.read.1.tlog
E:\DESKTOP_FOLDER_\courses\FinalPaper-RayTracing\Practical\FinalPaperRayTracer\OpenCLRayTracer\OpenCLRayTracer\Debug\link.15236-rc.write.1.tlog
E:\DESKTOP_FOLDER_\courses\FinalPaper-RayTracing\Practical\FinalPaperRayTracer\OpenCLRayTracer\OpenCLRayTracer\Debug\link.15236.read.1.tlog
E:\DESKTOP_FOLDER_\courses\FinalPaper-RayTracing\Practical\FinalPaperRayTracer\OpenCLRayTracer\OpenCLRayTracer\Debug\link.15236.write.1.tlog
E:\DESKTOP_FOLDER_\courses\FinalPaper-RayTracing\Practical\FinalPaperRayTracer\OpenCLRayTracer\OpenCLRayTracer\Debug\link.command.1.tlog
E:\DESKTOP_FOLDER_\courses\FinalPaper-RayTracing\Practical\FinalPaperRayTracer\OpenCLRayTracer\OpenCLRayTracer\Debug\link.read.1.tlog
E:\DESKTOP_FOLDER_\courses\FinalPaper-RayTracing\Practical\FinalPaperRayTracer\OpenCLRayTracer\OpenCLRayTracer\Debug\link.write.1.tlog
E:\DESKTOP_FOLDER_\courses\FinalPaper-RayTracing\Practical\FinalPaperRayTracer\OpenCLRayTracer\OpenCLRayTracer\Debug\vc110.idb
E:\DESKTOP_FOLDER_\courses\FinalPaper-RayTracing\Practical\FinalPaperRayTracer\OpenCLRayTracer\OpenCLRayTracer\Debug\vc110.pdb
E:\DESKTOP_FOLDER_\courses\FinalPaper-RayTracing\Practical\FinalPaperRayTracer\OpenCLRayTracer\Debug\OpenCLRayTracer.pdb
E:\DESKTOP_FOLDER_\courses\FinalPaper-RayTracing\Practical\FinalPaperRayTracer\OpenCLRayTracer\Debug\OpenCLRayTracer.ilk
