Build started 27/06/2016 11:11:41.
     1>Project "E:\DESKTOP_FOLDER_\courses\FinalPaper-RayTracing\Practical\FinalPaperRayTracer\OpenCLRayTracer\src\OpenCLUtils\OpenCLUtils.vcxproj" on node 2 (Rebuild target(s)).
     1>ClCompile:
         E:\Visual Studio 2012\VC\bin\CL.exe /c /I"C:\Program Files (x86)\AMD APP SDK\3.0\/include" /I"E:\AMD_APP_SDK\AMD_APP_SDK_3.0\AMD APP SDK\3.0\Include" /I../../../Libs/boost/boost_1_59_0 /I../../Include /Zi /nologo /W3 /WX- /O2 /Oi /Oy- /GL /D WIN32 /D NDEBUG /D _CONSOLE /D _MBCS /Gm- /EHsc /MD /GS /Gy /fp:precise /Zc:wchar_t /Zc:forScope /Fo"Release\\" /Fd"Release\vc110.pdb" /Gd /TP /analyze- /errorReport:prompt CLBuffer.cpp CLGLExecutionContext.cpp CLGLInteropContext.cpp CLInterface.cpp CLExecutionContext.cpp
         CLBuffer.cpp
     1>E:\DESKTOP_FOLDER_\courses\FinalPaper-RayTracing\Practical\FinalPaperRayTracer\OpenCLRayTracer\Include\Common\Errata.h(38): warning C4005: 'FILL_ERRATA' : macro redefinition
                 E:\DESKTOP_FOLDER_\courses\FinalPaper-RayTracing\Practical\FinalPaperRayTracer\OpenCLRayTracer\Include\Common\Errata.h(36) : see previous definition of 'FILL_ERRATA'
     1>E:\DESKTOP_FOLDER_\courses\FinalPaper-RayTracing\Practical\FinalPaperRayTracer\OpenCLRayTracer\Include\OpenCLUtils\CLExecutionContext.h(201): warning C4018: '<' : signed/unsigned mismatch
     1>E:\DESKTOP_FOLDER_\courses\FinalPaper-RayTracing\Practical\FinalPaperRayTracer\OpenCLRayTracer\Include\OpenCLUtils\CLExecutionContext.h(212): warning C4018: '<' : signed/unsigned mismatch
         CLGLExecutionContext.cpp
     1>E:\DESKTOP_FOLDER_\courses\FinalPaper-RayTracing\Practical\FinalPaperRayTracer\OpenCLRayTracer\Include\Common/Errata.h(38): warning C4005: 'FILL_ERRATA' : macro redefinition
                 E:\DESKTOP_FOLDER_\courses\FinalPaper-RayTracing\Practical\FinalPaperRayTracer\OpenCLRayTracer\Include\Common/Errata.h(36) : see previous definition of 'FILL_ERRATA'
     1>E:\DESKTOP_FOLDER_\courses\FinalPaper-RayTracing\Practical\FinalPaperRayTracer\OpenCLRayTracer\Include\OpenCLUtils\CLExecutionContext.h(201): warning C4018: '<' : signed/unsigned mismatch
     1>E:\DESKTOP_FOLDER_\courses\FinalPaper-RayTracing\Practical\FinalPaperRayTracer\OpenCLRayTracer\Include\OpenCLUtils\CLExecutionContext.h(212): warning C4018: '<' : signed/unsigned mismatch
     1>CLGLExecutionContext.cpp(86): warning C4003: not enough actual parameters for macro 'FILL_ERRATA'
     1>CLGLExecutionContext.cpp(96): warning C4003: not enough actual parameters for macro 'FILL_ERRATA'
     1>CLGLExecutionContext.cpp(114): warning C4003: not enough actual parameters for macro 'FILL_ERRATA'
     1>CLGLExecutionContext.cpp(130): warning C4003: not enough actual parameters for macro 'FILL_ERRATA'
     1>CLGLExecutionContext.cpp(147): warning C4003: not enough actual parameters for macro 'FILL_ERRATA'
     1>CLGLExecutionContext.cpp(163): warning C4003: not enough actual parameters for macro 'FILL_ERRATA'
         CLGLInteropContext.cpp
     1>E:\DESKTOP_FOLDER_\courses\FinalPaper-RayTracing\Practical\FinalPaperRayTracer\OpenCLRayTracer\Include\common/Errata.h(38): warning C4005: 'FILL_ERRATA' : macro redefinition
                 E:\DESKTOP_FOLDER_\courses\FinalPaper-RayTracing\Practical\FinalPaperRayTracer\OpenCLRayTracer\Include\common/Errata.h(36) : see previous definition of 'FILL_ERRATA'
     1>E:\DESKTOP_FOLDER_\courses\FinalPaper-RayTracing\Practical\FinalPaperRayTracer\OpenCLRayTracer\Include\OpenCLUtils/CLInterface.h(94): warning C4003: not enough actual parameters for macro 'FILL_ERRATA'
     1>E:\DESKTOP_FOLDER_\courses\FinalPaper-RayTracing\Practical\FinalPaperRayTracer\OpenCLRayTracer\Include\OpenCLUtils/CLInterface.h(103): warning C4003: not enough actual parameters for macro 'FILL_ERRATA'
     1>E:\DESKTOP_FOLDER_\courses\FinalPaper-RayTracing\Practical\FinalPaperRayTracer\OpenCLRayTracer\Include\OpenCLUtils/CLInterface.h(112): warning C4003: not enough actual parameters for macro 'FILL_ERRATA'
     1>E:\DESKTOP_FOLDER_\courses\FinalPaper-RayTracing\Practical\FinalPaperRayTracer\OpenCLRayTracer\Include\OpenCLUtils/CLInterface.h(121): warning C4003: not enough actual parameters for macro 'FILL_ERRATA'
     1>E:\DESKTOP_FOLDER_\courses\FinalPaper-RayTracing\Practical\FinalPaperRayTracer\OpenCLRayTracer\Include\OpenCLUtils/CLInterface.h(130): warning C4003: not enough actual parameters for macro 'FILL_ERRATA'
     1>E:\DESKTOP_FOLDER_\courses\FinalPaper-RayTracing\Practical\FinalPaperRayTracer\OpenCLRayTracer\Include\OpenCLUtils/CLInterface.h(139): warning C4003: not enough actual parameters for macro 'FILL_ERRATA'
     1>E:\DESKTOP_FOLDER_\courses\FinalPaper-RayTracing\Practical\FinalPaperRayTracer\OpenCLRayTracer\Include\OpenCLUtils/CLInterface.h(148): warning C4003: not enough actual parameters for macro 'FILL_ERRATA'
     1>E:\DESKTOP_FOLDER_\courses\FinalPaper-RayTracing\Practical\FinalPaperRayTracer\OpenCLRayTracer\Include\OpenCLUtils/CLInterface.h(157): warning C4003: not enough actual parameters for macro 'FILL_ERRATA'
     1>E:\DESKTOP_FOLDER_\courses\FinalPaper-RayTracing\Practical\FinalPaperRayTracer\OpenCLRayTracer\Include\OpenCLUtils/CLInterface.h(166): warning C4003: not enough actual parameters for macro 'FILL_ERRATA'
     1>E:\DESKTOP_FOLDER_\courses\FinalPaper-RayTracing\Practical\FinalPaperRayTracer\OpenCLRayTracer\Include\OpenCLUtils/CLInterface.h(183): warning C4003: not enough actual parameters for macro 'FILL_ERRATA'
     1>E:\DESKTOP_FOLDER_\courses\FinalPaper-RayTracing\Practical\FinalPaperRayTracer\OpenCLRayTracer\Include\OpenCLUtils/CLInterface.h(191): warning C4003: not enough actual parameters for macro 'FILL_ERRATA'
     1>E:\DESKTOP_FOLDER_\courses\FinalPaper-RayTracing\Practical\FinalPaperRayTracer\OpenCLRayTracer\Include\OpenCLUtils/CLInterface.h(199): warning C4003: not enough actual parameters for macro 'FILL_ERRATA'
     1>E:\DESKTOP_FOLDER_\courses\FinalPaper-RayTracing\Practical\FinalPaperRayTracer\OpenCLRayTracer\Include\OpenCLUtils/CLInterface.h(207): warning C4003: not enough actual parameters for macro 'FILL_ERRATA'
     1>E:\DESKTOP_FOLDER_\courses\FinalPaper-RayTracing\Practical\FinalPaperRayTracer\OpenCLRayTracer\Include\OpenCLUtils/CLInterface.h(215): warning C4003: not enough actual parameters for macro 'FILL_ERRATA'
     1>E:\DESKTOP_FOLDER_\courses\FinalPaper-RayTracing\Practical\FinalPaperRayTracer\OpenCLRayTracer\Include\OpenCLUtils/CLInterface.h(224): warning C4003: not enough actual parameters for macro 'FILL_ERRATA'
     1>E:\DESKTOP_FOLDER_\courses\FinalPaper-RayTracing\Practical\FinalPaperRayTracer\OpenCLRayTracer\Include\OpenCLUtils/CLInterface.h(233): warning C4003: not enough actual parameters for macro 'FILL_ERRATA'
     1>E:\DESKTOP_FOLDER_\courses\FinalPaper-RayTracing\Practical\FinalPaperRayTracer\OpenCLRayTracer\Include\OpenCLUtils/CLInterface.h(242): warning C4003: not enough actual parameters for macro 'FILL_ERRATA'
     1>E:\DESKTOP_FOLDER_\courses\FinalPaper-RayTracing\Practical\FinalPaperRayTracer\OpenCLRayTracer\Include\OpenCLUtils/CLInterface.h(260): warning C4003: not enough actual parameters for macro 'FILL_ERRATA'
     1>E:\DESKTOP_FOLDER_\courses\FinalPaper-RayTracing\Practical\FinalPaperRayTracer\OpenCLRayTracer\Include\OpenCLUtils/CLInterface.h(268): warning C4003: not enough actual parameters for macro 'FILL_ERRATA'
     1>E:\DESKTOP_FOLDER_\courses\FinalPaper-RayTracing\Practical\FinalPaperRayTracer\OpenCLRayTracer\Include\OpenCLUtils/CLInterface.h(276): warning C4003: not enough actual parameters for macro 'FILL_ERRATA'
     1>E:\DESKTOP_FOLDER_\courses\FinalPaper-RayTracing\Practical\FinalPaperRayTracer\OpenCLRayTracer\Include\OpenCLUtils/CLInterface.h(284): warning C4003: not enough actual parameters for macro 'FILL_ERRATA'
     1>E:\DESKTOP_FOLDER_\courses\FinalPaper-RayTracing\Practical\FinalPaperRayTracer\OpenCLRayTracer\Include\OpenCLUtils/CLInterface.h(292): warning C4003: not enough actual parameters for macro 'FILL_ERRATA'
     1>E:\DESKTOP_FOLDER_\courses\FinalPaper-RayTracing\Practical\FinalPaperRayTracer\OpenCLRayTracer\Include\OpenCLUtils/CLInterface.h(300): warning C4003: not enough actual parameters for macro 'FILL_ERRATA'
     1>E:\DESKTOP_FOLDER_\courses\FinalPaper-RayTracing\Practical\FinalPaperRayTracer\OpenCLRayTracer\Include\OpenCLUtils/CLInterface.h(308): warning C4003: not enough actual parameters for macro 'FILL_ERRATA'
     1>E:\DESKTOP_FOLDER_\courses\FinalPaper-RayTracing\Practical\FinalPaperRayTracer\OpenCLRayTracer\Include\OpenCLUtils/CLInterface.h(316): warning C4003: not enough actual parameters for macro 'FILL_ERRATA'
     1>E:\DESKTOP_FOLDER_\courses\FinalPaper-RayTracing\Practical\FinalPaperRayTracer\OpenCLRayTracer\Include\OpenCLUtils/CLInterface.h(325): warning C4003: not enough actual parameters for macro 'FILL_ERRATA'
     1>E:\DESKTOP_FOLDER_\courses\FinalPaper-RayTracing\Practical\FinalPaperRayTracer\OpenCLRayTracer\Include\OpenCLUtils/CLInterface.h(343): warning C4003: not enough actual parameters for macro 'FILL_ERRATA'
     1>E:\DESKTOP_FOLDER_\courses\FinalPaper-RayTracing\Practical\FinalPaperRayTracer\OpenCLRayTracer\Include\OpenCLUtils/CLInterface.h(351): warning C4003: not enough actual parameters for macro 'FILL_ERRATA'
     1>E:\DESKTOP_FOLDER_\courses\FinalPaper-RayTracing\Practical\FinalPaperRayTracer\OpenCLRayTracer\Include\OpenCLUtils/CLInterface.h(365): warning C4003: not enough actual parameters for macro 'FILL_ERRATA'
     1>E:\DESKTOP_FOLDER_\courses\FinalPaper-RayTracing\Practical\FinalPaperRayTracer\OpenCLRayTracer\Include\OpenCLUtils/CLInterface.h(399): warning C4003: not enough actual parameters for macro 'FILL_ERRATA'
     1>E:\DESKTOP_FOLDER_\courses\FinalPaper-RayTracing\Practical\FinalPaperRayTracer\OpenCLRayTracer\Include\OpenCLUtils/CLInterface.h(408): warning C4003: not enough actual parameters for macro 'FILL_ERRATA'
     1>E:\DESKTOP_FOLDER_\courses\FinalPaper-RayTracing\Practical\FinalPaperRayTracer\OpenCLRayTracer\Include\OpenCLUtils/CLInterface.h(417): warning C4003: not enough actual parameters for macro 'FILL_ERRATA'
     1>E:\DESKTOP_FOLDER_\courses\FinalPaper-RayTracing\Practical\FinalPaperRayTracer\OpenCLRayTracer\Include\OpenCLUtils/CLInterface.h(437): warning C4003: not enough actual parameters for macro 'FILL_ERRATA'
     1>E:\DESKTOP_FOLDER_\courses\FinalPaper-RayTracing\Practical\FinalPaperRayTracer\OpenCLRayTracer\Include\OpenCLUtils/CLInterface.h(446): warning C4003: not enough actual parameters for macro 'FILL_ERRATA'
     1>E:\DESKTOP_FOLDER_\courses\FinalPaper-RayTracing\Practical\FinalPaperRayTracer\OpenCLRayTracer\Include\OpenCLUtils/CLInterface.h(455): warning C4003: not enough actual parameters for macro 'FILL_ERRATA'
     1>E:\DESKTOP_FOLDER_\courses\FinalPaper-RayTracing\Practical\FinalPaperRayTracer\OpenCLRayTracer\Include\OpenCLUtils/CLInterface.h(464): warning C4003: not enough actual parameters for macro 'FILL_ERRATA'
     1>E:\DESKTOP_FOLDER_\courses\FinalPaper-RayTracing\Practical\FinalPaperRayTracer\OpenCLRayTracer\Include\OpenCLUtils/CLInterface.h(473): warning C4003: not enough actual parameters for macro 'FILL_ERRATA'
     1>E:\DESKTOP_FOLDER_\courses\FinalPaper-RayTracing\Practical\FinalPaperRayTracer\OpenCLRayTracer\Include\OpenCLUtils/CLInterface.h(482): warning C4003: not enough actual parameters for macro 'FILL_ERRATA'
     1>E:\DESKTOP_FOLDER_\courses\FinalPaper-RayTracing\Practical\FinalPaperRayTracer\OpenCLRayTracer\Include\OpenCLUtils/CLInterface.h(531): warning C4003: not enough actual parameters for macro 'FILL_ERRATA'
     1>E:\DESKTOP_FOLDER_\courses\FinalPaper-RayTracing\Practical\FinalPaperRayTracer\OpenCLRayTracer\Include\OpenCLUtils/CLInterface.h(539): warning C4003: not enough actual parameters for macro 'FILL_ERRATA'
     1>E:\DESKTOP_FOLDER_\courses\FinalPaper-RayTracing\Practical\FinalPaperRayTracer\OpenCLRayTracer\Include\OpenCLUtils/CLInterface.h(547): warning C4003: not enough actual parameters for macro 'FILL_ERRATA'
     1>E:\DESKTOP_FOLDER_\courses\FinalPaper-RayTracing\Practical\FinalPaperRayTracer\OpenCLRayTracer\Include\OpenCLUtils/CLInterface.h(555): warning C4003: not enough actual parameters for macro 'FILL_ERRATA'
     1>E:\DESKTOP_FOLDER_\courses\FinalPaper-RayTracing\Practical\FinalPaperRayTracer\OpenCLRayTracer\Include\OpenCLUtils/CLInterface.h(563): warning C4003: not enough actual parameters for macro 'FILL_ERRATA'
     1>E:\DESKTOP_FOLDER_\courses\FinalPaper-RayTracing\Practical\FinalPaperRayTracer\OpenCLRayTracer\Include\OpenCLUtils/CLInterface.h(571): warning C4003: not enough actual parameters for macro 'FILL_ERRATA'
     1>E:\DESKTOP_FOLDER_\courses\FinalPaper-RayTracing\Practical\FinalPaperRayTracer\OpenCLRayTracer\Include\OpenCLUtils/CLInterface.h(580): warning C4003: not enough actual parameters for macro 'FILL_ERRATA'
     1>E:\DESKTOP_FOLDER_\courses\FinalPaper-RayTracing\Practical\FinalPaperRayTracer\OpenCLRayTracer\Include\OpenCLUtils/CLInterface.h(588): warning C4003: not enough actual parameters for macro 'FILL_ERRATA'
     1>E:\DESKTOP_FOLDER_\courses\FinalPaper-RayTracing\Practical\FinalPaperRayTracer\OpenCLRayTracer\Include\OpenCLUtils/CLInterface.h(596): warning C4003: not enough actual parameters for macro 'FILL_ERRATA'
     1>E:\DESKTOP_FOLDER_\courses\FinalPaper-RayTracing\Practical\FinalPaperRayTracer\OpenCLRayTracer\Include\OpenCLUtils/CLInterface.h(604): warning C4003: not enough actual parameters for macro 'FILL_ERRATA'
     1>E:\DESKTOP_FOLDER_\courses\FinalPaper-RayTracing\Practical\FinalPaperRayTracer\OpenCLRayTracer\Include\OpenCLUtils/CLInterface.h(612): warning C4003: not enough actual parameters for macro 'FILL_ERRATA'
     1>E:\DESKTOP_FOLDER_\courses\FinalPaper-RayTracing\Practical\FinalPaperRayTracer\OpenCLRayTracer\Include\OpenCLUtils/CLInterface.h(621): warning C4003: not enough actual parameters for macro 'FILL_ERRATA'
     1>E:\DESKTOP_FOLDER_\courses\FinalPaper-RayTracing\Practical\FinalPaperRayTracer\OpenCLRayTracer\Include\OpenCLUtils/CLInterface.h(681): warning C4018: '<' : signed/unsigned mismatch
     1>E:\DESKTOP_FOLDER_\courses\FinalPaper-RayTracing\Practical\FinalPaperRayTracer\OpenCLRayTracer\Include\OpenCLUtils/CLInterface.h(745): warning C4018: '>' : signed/unsigned mismatch
     1>E:\DESKTOP_FOLDER_\courses\FinalPaper-RayTracing\Practical\FinalPaperRayTracer\OpenCLRayTracer\Include\OpenCLUtils/CLInterface.h(767): warning C4018: '<' : signed/unsigned mismatch
     1>E:\DESKTOP_FOLDER_\courses\FinalPaper-RayTracing\Practical\FinalPaperRayTracer\OpenCLRayTracer\Include\OpenCLUtils\CLExecutionContext.h(201): warning C4018: '<' : signed/unsigned mismatch
     1>E:\DESKTOP_FOLDER_\courses\FinalPaper-RayTracing\Practical\FinalPaperRayTracer\OpenCLRayTracer\Include\OpenCLUtils\CLExecutionContext.h(212): warning C4018: '<' : signed/unsigned mismatch
     1>CLGLInteropContext.cpp(109): warning C4003: not enough actual parameters for macro 'FILL_ERRATA'
     1>CLGLInteropContext.cpp(137): warning C4003: not enough actual parameters for macro 'FILL_ERRATA'
     1>CLGLInteropContext.cpp(150): warning C4003: not enough actual parameters for macro 'FILL_ERRATA'
     1>CLGLInteropContext.cpp(156): warning C4003: not enough actual parameters for macro 'FILL_ERRATA'
     1>CLGLInteropContext.cpp(170): warning C4003: not enough actual parameters for macro 'FILL_ERRATA'
         CLInterface.cpp
     1>E:\DESKTOP_FOLDER_\courses\FinalPaper-RayTracing\Practical\FinalPaperRayTracer\OpenCLRayTracer\Include\Common/Errata.h(38): warning C4005: 'FILL_ERRATA' : macro redefinition
                 E:\DESKTOP_FOLDER_\courses\FinalPaper-RayTracing\Practical\FinalPaperRayTracer\OpenCLRayTracer\Include\Common/Errata.h(36) : see previous definition of 'FILL_ERRATA'
     1>E:\DESKTOP_FOLDER_\courses\FinalPaper-RayTracing\Practical\FinalPaperRayTracer\OpenCLRayTracer\Include\OpenCLUtils\CLExecutionContext.h(201): warning C4018: '<' : signed/unsigned mismatch
     1>E:\DESKTOP_FOLDER_\courses\FinalPaper-RayTracing\Practical\FinalPaperRayTracer\OpenCLRayTracer\Include\OpenCLUtils\CLExecutionContext.h(212): warning C4018: '<' : signed/unsigned mismatch
     1>E:\DESKTOP_FOLDER_\courses\FinalPaper-RayTracing\Practical\FinalPaperRayTracer\OpenCLRayTracer\Include\OpenCLUtils\CLInterface.h(94): warning C4003: not enough actual parameters for macro 'FILL_ERRATA'
     1>E:\DESKTOP_FOLDER_\courses\FinalPaper-RayTracing\Practical\FinalPaperRayTracer\OpenCLRayTracer\Include\OpenCLUtils\CLInterface.h(103): warning C4003: not enough actual parameters for macro 'FILL_ERRATA'
     1>E:\DESKTOP_FOLDER_\courses\FinalPaper-RayTracing\Practical\FinalPaperRayTracer\OpenCLRayTracer\Include\OpenCLUtils\CLInterface.h(112): warning C4003: not enough actual parameters for macro 'FILL_ERRATA'
     1>E:\DESKTOP_FOLDER_\courses\FinalPaper-RayTracing\Practical\FinalPaperRayTracer\OpenCLRayTracer\Include\OpenCLUtils\CLInterface.h(121): warning C4003: not enough actual parameters for macro 'FILL_ERRATA'
     1>E:\DESKTOP_FOLDER_\courses\FinalPaper-RayTracing\Practical\FinalPaperRayTracer\OpenCLRayTracer\Include\OpenCLUtils\CLInterface.h(130): warning C4003: not enough actual parameters for macro 'FILL_ERRATA'
     1>E:\DESKTOP_FOLDER_\courses\FinalPaper-RayTracing\Practical\FinalPaperRayTracer\OpenCLRayTracer\Include\OpenCLUtils\CLInterface.h(139): warning C4003: not enough actual parameters for macro 'FILL_ERRATA'
     1>E:\DESKTOP_FOLDER_\courses\FinalPaper-RayTracing\Practical\FinalPaperRayTracer\OpenCLRayTracer\Include\OpenCLUtils\CLInterface.h(148): warning C4003: not enough actual parameters for macro 'FILL_ERRATA'
     1>E:\DESKTOP_FOLDER_\courses\FinalPaper-RayTracing\Practical\FinalPaperRayTracer\OpenCLRayTracer\Include\OpenCLUtils\CLInterface.h(157): warning C4003: not enough actual parameters for macro 'FILL_ERRATA'
     1>E:\DESKTOP_FOLDER_\courses\FinalPaper-RayTracing\Practical\FinalPaperRayTracer\OpenCLRayTracer\Include\OpenCLUtils\CLInterface.h(166): warning C4003: not enough actual parameters for macro 'FILL_ERRATA'
     1>E:\DESKTOP_FOLDER_\courses\FinalPaper-RayTracing\Practical\FinalPaperRayTracer\OpenCLRayTracer\Include\OpenCLUtils\CLInterface.h(183): warning C4003: not enough actual parameters for macro 'FILL_ERRATA'
     1>E:\DESKTOP_FOLDER_\courses\FinalPaper-RayTracing\Practical\FinalPaperRayTracer\OpenCLRayTracer\Include\OpenCLUtils\CLInterface.h(191): warning C4003: not enough actual parameters for macro 'FILL_ERRATA'
     1>E:\DESKTOP_FOLDER_\courses\FinalPaper-RayTracing\Practical\FinalPaperRayTracer\OpenCLRayTracer\Include\OpenCLUtils\CLInterface.h(199): warning C4003: not enough actual parameters for macro 'FILL_ERRATA'
     1>E:\DESKTOP_FOLDER_\courses\FinalPaper-RayTracing\Practical\FinalPaperRayTracer\OpenCLRayTracer\Include\OpenCLUtils\CLInterface.h(207): warning C4003: not enough actual parameters for macro 'FILL_ERRATA'
     1>E:\DESKTOP_FOLDER_\courses\FinalPaper-RayTracing\Practical\FinalPaperRayTracer\OpenCLRayTracer\Include\OpenCLUtils\CLInterface.h(215): warning C4003: not enough actual parameters for macro 'FILL_ERRATA'
     1>E:\DESKTOP_FOLDER_\courses\FinalPaper-RayTracing\Practical\FinalPaperRayTracer\OpenCLRayTracer\Include\OpenCLUtils\CLInterface.h(224): warning C4003: not enough actual parameters for macro 'FILL_ERRATA'
     1>E:\DESKTOP_FOLDER_\courses\FinalPaper-RayTracing\Practical\FinalPaperRayTracer\OpenCLRayTracer\Include\OpenCLUtils\CLInterface.h(233): warning C4003: not enough actual parameters for macro 'FILL_ERRATA'
     1>E:\DESKTOP_FOLDER_\courses\FinalPaper-RayTracing\Practical\FinalPaperRayTracer\OpenCLRayTracer\Include\OpenCLUtils\CLInterface.h(242): warning C4003: not enough actual parameters for macro 'FILL_ERRATA'
     1>E:\DESKTOP_FOLDER_\courses\FinalPaper-RayTracing\Practical\FinalPaperRayTracer\OpenCLRayTracer\Include\OpenCLUtils\CLInterface.h(260): warning C4003: not enough actual parameters for macro 'FILL_ERRATA'
     1>E:\DESKTOP_FOLDER_\courses\FinalPaper-RayTracing\Practical\FinalPaperRayTracer\OpenCLRayTracer\Include\OpenCLUtils\CLInterface.h(268): warning C4003: not enough actual parameters for macro 'FILL_ERRATA'
     1>E:\DESKTOP_FOLDER_\courses\FinalPaper-RayTracing\Practical\FinalPaperRayTracer\OpenCLRayTracer\Include\OpenCLUtils\CLInterface.h(276): warning C4003: not enough actual parameters for macro 'FILL_ERRATA'
     1>E:\DESKTOP_FOLDER_\courses\FinalPaper-RayTracing\Practical\FinalPaperRayTracer\OpenCLRayTracer\Include\OpenCLUtils\CLInterface.h(284): warning C4003: not enough actual parameters for macro 'FILL_ERRATA'
     1>E:\DESKTOP_FOLDER_\courses\FinalPaper-RayTracing\Practical\FinalPaperRayTracer\OpenCLRayTracer\Include\OpenCLUtils\CLInterface.h(292): warning C4003: not enough actual parameters for macro 'FILL_ERRATA'
     1>E:\DESKTOP_FOLDER_\courses\FinalPaper-RayTracing\Practical\FinalPaperRayTracer\OpenCLRayTracer\Include\OpenCLUtils\CLInterface.h(300): warning C4003: not enough actual parameters for macro 'FILL_ERRATA'
     1>E:\DESKTOP_FOLDER_\courses\FinalPaper-RayTracing\Practical\FinalPaperRayTracer\OpenCLRayTracer\Include\OpenCLUtils\CLInterface.h(308): warning C4003: not enough actual parameters for macro 'FILL_ERRATA'
     1>E:\DESKTOP_FOLDER_\courses\FinalPaper-RayTracing\Practical\FinalPaperRayTracer\OpenCLRayTracer\Include\OpenCLUtils\CLInterface.h(316): warning C4003: not enough actual parameters for macro 'FILL_ERRATA'
     1>E:\DESKTOP_FOLDER_\courses\FinalPaper-RayTracing\Practical\FinalPaperRayTracer\OpenCLRayTracer\Include\OpenCLUtils\CLInterface.h(325): warning C4003: not enough actual parameters for macro 'FILL_ERRATA'
     1>E:\DESKTOP_FOLDER_\courses\FinalPaper-RayTracing\Practical\FinalPaperRayTracer\OpenCLRayTracer\Include\OpenCLUtils\CLInterface.h(343): warning C4003: not enough actual parameters for macro 'FILL_ERRATA'
     1>E:\DESKTOP_FOLDER_\courses\FinalPaper-RayTracing\Practical\FinalPaperRayTracer\OpenCLRayTracer\Include\OpenCLUtils\CLInterface.h(351): warning C4003: not enough actual parameters for macro 'FILL_ERRATA'
     1>E:\DESKTOP_FOLDER_\courses\FinalPaper-RayTracing\Practical\FinalPaperRayTracer\OpenCLRayTracer\Include\OpenCLUtils\CLInterface.h(365): warning C4003: not enough actual parameters for macro 'FILL_ERRATA'
     1>E:\DESKTOP_FOLDER_\courses\FinalPaper-RayTracing\Practical\FinalPaperRayTracer\OpenCLRayTracer\Include\OpenCLUtils\CLInterface.h(399): warning C4003: not enough actual parameters for macro 'FILL_ERRATA'
     1>E:\DESKTOP_FOLDER_\courses\FinalPaper-RayTracing\Practical\FinalPaperRayTracer\OpenCLRayTracer\Include\OpenCLUtils\CLInterface.h(408): warning C4003: not enough actual parameters for macro 'FILL_ERRATA'
     1>E:\DESKTOP_FOLDER_\courses\FinalPaper-RayTracing\Practical\FinalPaperRayTracer\OpenCLRayTracer\Include\OpenCLUtils\CLInterface.h(417): warning C4003: not enough actual parameters for macro 'FILL_ERRATA'
     1>E:\DESKTOP_FOLDER_\courses\FinalPaper-RayTracing\Practical\FinalPaperRayTracer\OpenCLRayTracer\Include\OpenCLUtils\CLInterface.h(437): warning C4003: not enough actual parameters for macro 'FILL_ERRATA'
     1>E:\DESKTOP_FOLDER_\courses\FinalPaper-RayTracing\Practical\FinalPaperRayTracer\OpenCLRayTracer\Include\OpenCLUtils\CLInterface.h(446): warning C4003: not enough actual parameters for macro 'FILL_ERRATA'
     1>E:\DESKTOP_FOLDER_\courses\FinalPaper-RayTracing\Practical\FinalPaperRayTracer\OpenCLRayTracer\Include\OpenCLUtils\CLInterface.h(455): warning C4003: not enough actual parameters for macro 'FILL_ERRATA'
     1>E:\DESKTOP_FOLDER_\courses\FinalPaper-RayTracing\Practical\FinalPaperRayTracer\OpenCLRayTracer\Include\OpenCLUtils\CLInterface.h(464): warning C4003: not enough actual parameters for macro 'FILL_ERRATA'
     1>E:\DESKTOP_FOLDER_\courses\FinalPaper-RayTracing\Practical\FinalPaperRayTracer\OpenCLRayTracer\Include\OpenCLUtils\CLInterface.h(473): warning C4003: not enough actual parameters for macro 'FILL_ERRATA'
     1>E:\DESKTOP_FOLDER_\courses\FinalPaper-RayTracing\Practical\FinalPaperRayTracer\OpenCLRayTracer\Include\OpenCLUtils\CLInterface.h(482): warning C4003: not enough actual parameters for macro 'FILL_ERRATA'
     1>E:\DESKTOP_FOLDER_\courses\FinalPaper-RayTracing\Practical\FinalPaperRayTracer\OpenCLRayTracer\Include\OpenCLUtils\CLInterface.h(531): warning C4003: not enough actual parameters for macro 'FILL_ERRATA'
     1>E:\DESKTOP_FOLDER_\courses\FinalPaper-RayTracing\Practical\FinalPaperRayTracer\OpenCLRayTracer\Include\OpenCLUtils\CLInterface.h(539): warning C4003: not enough actual parameters for macro 'FILL_ERRATA'
     1>E:\DESKTOP_FOLDER_\courses\FinalPaper-RayTracing\Practical\FinalPaperRayTracer\OpenCLRayTracer\Include\OpenCLUtils\CLInterface.h(547): warning C4003: not enough actual parameters for macro 'FILL_ERRATA'
     1>E:\DESKTOP_FOLDER_\courses\FinalPaper-RayTracing\Practical\FinalPaperRayTracer\OpenCLRayTracer\Include\OpenCLUtils\CLInterface.h(555): warning C4003: not enough actual parameters for macro 'FILL_ERRATA'
     1>E:\DESKTOP_FOLDER_\courses\FinalPaper-RayTracing\Practical\FinalPaperRayTracer\OpenCLRayTracer\Include\OpenCLUtils\CLInterface.h(563): warning C4003: not enough actual parameters for macro 'FILL_ERRATA'
     1>E:\DESKTOP_FOLDER_\courses\FinalPaper-RayTracing\Practical\FinalPaperRayTracer\OpenCLRayTracer\Include\OpenCLUtils\CLInterface.h(571): warning C4003: not enough actual parameters for macro 'FILL_ERRATA'
     1>E:\DESKTOP_FOLDER_\courses\FinalPaper-RayTracing\Practical\FinalPaperRayTracer\OpenCLRayTracer\Include\OpenCLUtils\CLInterface.h(580): warning C4003: not enough actual parameters for macro 'FILL_ERRATA'
     1>E:\DESKTOP_FOLDER_\courses\FinalPaper-RayTracing\Practical\FinalPaperRayTracer\OpenCLRayTracer\Include\OpenCLUtils\CLInterface.h(588): warning C4003: not enough actual parameters for macro 'FILL_ERRATA'
     1>E:\DESKTOP_FOLDER_\courses\FinalPaper-RayTracing\Practical\FinalPaperRayTracer\OpenCLRayTracer\Include\OpenCLUtils\CLInterface.h(596): warning C4003: not enough actual parameters for macro 'FILL_ERRATA'
     1>E:\DESKTOP_FOLDER_\courses\FinalPaper-RayTracing\Practical\FinalPaperRayTracer\OpenCLRayTracer\Include\OpenCLUtils\CLInterface.h(604): warning C4003: not enough actual parameters for macro 'FILL_ERRATA'
     1>E:\DESKTOP_FOLDER_\courses\FinalPaper-RayTracing\Practical\FinalPaperRayTracer\OpenCLRayTracer\Include\OpenCLUtils\CLInterface.h(612): warning C4003: not enough actual parameters for macro 'FILL_ERRATA'
     1>E:\DESKTOP_FOLDER_\courses\FinalPaper-RayTracing\Practical\FinalPaperRayTracer\OpenCLRayTracer\Include\OpenCLUtils\CLInterface.h(621): warning C4003: not enough actual parameters for macro 'FILL_ERRATA'
     1>E:\DESKTOP_FOLDER_\courses\FinalPaper-RayTracing\Practical\FinalPaperRayTracer\OpenCLRayTracer\Include\OpenCLUtils\CLInterface.h(681): warning C4018: '<' : signed/unsigned mismatch
     1>E:\DESKTOP_FOLDER_\courses\FinalPaper-RayTracing\Practical\FinalPaperRayTracer\OpenCLRayTracer\Include\OpenCLUtils\CLInterface.h(745): warning C4018: '>' : signed/unsigned mismatch
     1>E:\DESKTOP_FOLDER_\courses\FinalPaper-RayTracing\Practical\FinalPaperRayTracer\OpenCLRayTracer\Include\OpenCLUtils\CLInterface.h(767): warning C4018: '<' : signed/unsigned mismatch
     1>CLInterface.cpp(60): warning C4003: not enough actual parameters for macro 'FILL_ERRATA'
     1>CLInterface.cpp(72): warning C4003: not enough actual parameters for macro 'FILL_ERRATA'
     1>CLInterface.cpp(77): warning C4018: '<' : signed/unsigned mismatch
     1>CLInterface.cpp(92): warning C4003: not enough actual parameters for macro 'FILL_ERRATA'
     1>CLInterface.cpp(108): warning C4003: not enough actual parameters for macro 'FILL_ERRATA'
     1>CLInterface.cpp(124): warning C4003: not enough actual parameters for macro 'FILL_ERRATA'
     1>CLInterface.cpp(140): warning C4003: not enough actual parameters for macro 'FILL_ERRATA'
     1>CLInterface.cpp(156): warning C4003: not enough actual parameters for macro 'FILL_ERRATA'
     1>CLInterface.cpp(208): warning C4018: '>=' : signed/unsigned mismatch
     1>CLInterface.cpp(210): warning C4003: not enough actual parameters for macro 'FILL_ERRATA'
     1>CLInterface.cpp(216): warning C4003: not enough actual parameters for macro 'FILL_ERRATA'
     1>CLInterface.cpp(231): warning C4003: not enough actual parameters for macro 'FILL_ERRATA'
     1>CLInterface.cpp(241): warning C4003: not enough actual parameters for macro 'FILL_ERRATA'
         CLExecutionContext.cpp
     1>E:\DESKTOP_FOLDER_\courses\FinalPaper-RayTracing\Practical\FinalPaperRayTracer\OpenCLRayTracer\Include\Common/Errata.h(38): warning C4005: 'FILL_ERRATA' : macro redefinition
                 E:\DESKTOP_FOLDER_\courses\FinalPaper-RayTracing\Practical\FinalPaperRayTracer\OpenCLRayTracer\Include\Common/Errata.h(36) : see previous definition of 'FILL_ERRATA'
     1>E:\DESKTOP_FOLDER_\courses\FinalPaper-RayTracing\Practical\FinalPaperRayTracer\OpenCLRayTracer\Include\OpenCLUtils\CLExecutionContext.h(201): warning C4018: '<' : signed/unsigned mismatch
     1>E:\DESKTOP_FOLDER_\courses\FinalPaper-RayTracing\Practical\FinalPaperRayTracer\OpenCLRayTracer\Include\OpenCLUtils\CLExecutionContext.h(212): warning C4018: '<' : signed/unsigned mismatch
     1>E:\DESKTOP_FOLDER_\courses\FinalPaper-RayTracing\Practical\FinalPaperRayTracer\OpenCLRayTracer\Include\OpenCLUtils\CLInterface.h(94): warning C4003: not enough actual parameters for macro 'FILL_ERRATA'
     1>E:\DESKTOP_FOLDER_\courses\FinalPaper-RayTracing\Practical\FinalPaperRayTracer\OpenCLRayTracer\Include\OpenCLUtils\CLInterface.h(103): warning C4003: not enough actual parameters for macro 'FILL_ERRATA'
     1>E:\DESKTOP_FOLDER_\courses\FinalPaper-RayTracing\Practical\FinalPaperRayTracer\OpenCLRayTracer\Include\OpenCLUtils\CLInterface.h(112): warning C4003: not enough actual parameters for macro 'FILL_ERRATA'
     1>E:\DESKTOP_FOLDER_\courses\FinalPaper-RayTracing\Practical\FinalPaperRayTracer\OpenCLRayTracer\Include\OpenCLUtils\CLInterface.h(121): warning C4003: not enough actual parameters for macro 'FILL_ERRATA'
     1>E:\DESKTOP_FOLDER_\courses\FinalPaper-RayTracing\Practical\FinalPaperRayTracer\OpenCLRayTracer\Include\OpenCLUtils\CLInterface.h(130): warning C4003: not enough actual parameters for macro 'FILL_ERRATA'
     1>E:\DESKTOP_FOLDER_\courses\FinalPaper-RayTracing\Practical\FinalPaperRayTracer\OpenCLRayTracer\Include\OpenCLUtils\CLInterface.h(139): warning C4003: not enough actual parameters for macro 'FILL_ERRATA'
     1>E:\DESKTOP_FOLDER_\courses\FinalPaper-RayTracing\Practical\FinalPaperRayTracer\OpenCLRayTracer\Include\OpenCLUtils\CLInterface.h(148): warning C4003: not enough actual parameters for macro 'FILL_ERRATA'
     1>E:\DESKTOP_FOLDER_\courses\FinalPaper-RayTracing\Practical\FinalPaperRayTracer\OpenCLRayTracer\Include\OpenCLUtils\CLInterface.h(157): warning C4003: not enough actual parameters for macro 'FILL_ERRATA'
     1>E:\DESKTOP_FOLDER_\courses\FinalPaper-RayTracing\Practical\FinalPaperRayTracer\OpenCLRayTracer\Include\OpenCLUtils\CLInterface.h(166): warning C4003: not enough actual parameters for macro 'FILL_ERRATA'
     1>E:\DESKTOP_FOLDER_\courses\FinalPaper-RayTracing\Practical\FinalPaperRayTracer\OpenCLRayTracer\Include\OpenCLUtils\CLInterface.h(183): warning C4003: not enough actual parameters for macro 'FILL_ERRATA'
     1>E:\DESKTOP_FOLDER_\courses\FinalPaper-RayTracing\Practical\FinalPaperRayTracer\OpenCLRayTracer\Include\OpenCLUtils\CLInterface.h(191): warning C4003: not enough actual parameters for macro 'FILL_ERRATA'
     1>E:\DESKTOP_FOLDER_\courses\FinalPaper-RayTracing\Practical\FinalPaperRayTracer\OpenCLRayTracer\Include\OpenCLUtils\CLInterface.h(199): warning C4003: not enough actual parameters for macro 'FILL_ERRATA'
     1>E:\DESKTOP_FOLDER_\courses\FinalPaper-RayTracing\Practical\FinalPaperRayTracer\OpenCLRayTracer\Include\OpenCLUtils\CLInterface.h(207): warning C4003: not enough actual parameters for macro 'FILL_ERRATA'
     1>E:\DESKTOP_FOLDER_\courses\FinalPaper-RayTracing\Practical\FinalPaperRayTracer\OpenCLRayTracer\Include\OpenCLUtils\CLInterface.h(215): warning C4003: not enough actual parameters for macro 'FILL_ERRATA'
     1>E:\DESKTOP_FOLDER_\courses\FinalPaper-RayTracing\Practical\FinalPaperRayTracer\OpenCLRayTracer\Include\OpenCLUtils\CLInterface.h(224): warning C4003: not enough actual parameters for macro 'FILL_ERRATA'
     1>E:\DESKTOP_FOLDER_\courses\FinalPaper-RayTracing\Practical\FinalPaperRayTracer\OpenCLRayTracer\Include\OpenCLUtils\CLInterface.h(233): warning C4003: not enough actual parameters for macro 'FILL_ERRATA'
     1>E:\DESKTOP_FOLDER_\courses\FinalPaper-RayTracing\Practical\FinalPaperRayTracer\OpenCLRayTracer\Include\OpenCLUtils\CLInterface.h(242): warning C4003: not enough actual parameters for macro 'FILL_ERRATA'
     1>E:\DESKTOP_FOLDER_\courses\FinalPaper-RayTracing\Practical\FinalPaperRayTracer\OpenCLRayTracer\Include\OpenCLUtils\CLInterface.h(260): warning C4003: not enough actual parameters for macro 'FILL_ERRATA'
     1>E:\DESKTOP_FOLDER_\courses\FinalPaper-RayTracing\Practical\FinalPaperRayTracer\OpenCLRayTracer\Include\OpenCLUtils\CLInterface.h(268): warning C4003: not enough actual parameters for macro 'FILL_ERRATA'
     1>E:\DESKTOP_FOLDER_\courses\FinalPaper-RayTracing\Practical\FinalPaperRayTracer\OpenCLRayTracer\Include\OpenCLUtils\CLInterface.h(276): warning C4003: not enough actual parameters for macro 'FILL_ERRATA'
     1>E:\DESKTOP_FOLDER_\courses\FinalPaper-RayTracing\Practical\FinalPaperRayTracer\OpenCLRayTracer\Include\OpenCLUtils\CLInterface.h(284): warning C4003: not enough actual parameters for macro 'FILL_ERRATA'
     1>E:\DESKTOP_FOLDER_\courses\FinalPaper-RayTracing\Practical\FinalPaperRayTracer\OpenCLRayTracer\Include\OpenCLUtils\CLInterface.h(292): warning C4003: not enough actual parameters for macro 'FILL_ERRATA'
     1>E:\DESKTOP_FOLDER_\courses\FinalPaper-RayTracing\Practical\FinalPaperRayTracer\OpenCLRayTracer\Include\OpenCLUtils\CLInterface.h(300): warning C4003: not enough actual parameters for macro 'FILL_ERRATA'
     1>E:\DESKTOP_FOLDER_\courses\FinalPaper-RayTracing\Practical\FinalPaperRayTracer\OpenCLRayTracer\Include\OpenCLUtils\CLInterface.h(308): warning C4003: not enough actual parameters for macro 'FILL_ERRATA'
     1>E:\DESKTOP_FOLDER_\courses\FinalPaper-RayTracing\Practical\FinalPaperRayTracer\OpenCLRayTracer\Include\OpenCLUtils\CLInterface.h(316): warning C4003: not enough actual parameters for macro 'FILL_ERRATA'
     1>E:\DESKTOP_FOLDER_\courses\FinalPaper-RayTracing\Practical\FinalPaperRayTracer\OpenCLRayTracer\Include\OpenCLUtils\CLInterface.h(325): warning C4003: not enough actual parameters for macro 'FILL_ERRATA'
     1>E:\DESKTOP_FOLDER_\courses\FinalPaper-RayTracing\Practical\FinalPaperRayTracer\OpenCLRayTracer\Include\OpenCLUtils\CLInterface.h(343): warning C4003: not enough actual parameters for macro 'FILL_ERRATA'
     1>E:\DESKTOP_FOLDER_\courses\FinalPaper-RayTracing\Practical\FinalPaperRayTracer\OpenCLRayTracer\Include\OpenCLUtils\CLInterface.h(351): warning C4003: not enough actual parameters for macro 'FILL_ERRATA'
     1>E:\DESKTOP_FOLDER_\courses\FinalPaper-RayTracing\Practical\FinalPaperRayTracer\OpenCLRayTracer\Include\OpenCLUtils\CLInterface.h(365): warning C4003: not enough actual parameters for macro 'FILL_ERRATA'
     1>E:\DESKTOP_FOLDER_\courses\FinalPaper-RayTracing\Practical\FinalPaperRayTracer\OpenCLRayTracer\Include\OpenCLUtils\CLInterface.h(399): warning C4003: not enough actual parameters for macro 'FILL_ERRATA'
     1>E:\DESKTOP_FOLDER_\courses\FinalPaper-RayTracing\Practical\FinalPaperRayTracer\OpenCLRayTracer\Include\OpenCLUtils\CLInterface.h(408): warning C4003: not enough actual parameters for macro 'FILL_ERRATA'
     1>E:\DESKTOP_FOLDER_\courses\FinalPaper-RayTracing\Practical\FinalPaperRayTracer\OpenCLRayTracer\Include\OpenCLUtils\CLInterface.h(417): warning C4003: not enough actual parameters for macro 'FILL_ERRATA'
     1>E:\DESKTOP_FOLDER_\courses\FinalPaper-RayTracing\Practical\FinalPaperRayTracer\OpenCLRayTracer\Include\OpenCLUtils\CLInterface.h(437): warning C4003: not enough actual parameters for macro 'FILL_ERRATA'
     1>E:\DESKTOP_FOLDER_\courses\FinalPaper-RayTracing\Practical\FinalPaperRayTracer\OpenCLRayTracer\Include\OpenCLUtils\CLInterface.h(446): warning C4003: not enough actual parameters for macro 'FILL_ERRATA'
     1>E:\DESKTOP_FOLDER_\courses\FinalPaper-RayTracing\Practical\FinalPaperRayTracer\OpenCLRayTracer\Include\OpenCLUtils\CLInterface.h(455): warning C4003: not enough actual parameters for macro 'FILL_ERRATA'
     1>E:\DESKTOP_FOLDER_\courses\FinalPaper-RayTracing\Practical\FinalPaperRayTracer\OpenCLRayTracer\Include\OpenCLUtils\CLInterface.h(464): warning C4003: not enough actual parameters for macro 'FILL_ERRATA'
     1>E:\DESKTOP_FOLDER_\courses\FinalPaper-RayTracing\Practical\FinalPaperRayTracer\OpenCLRayTracer\Include\OpenCLUtils\CLInterface.h(473): warning C4003: not enough actual parameters for macro 'FILL_ERRATA'
     1>E:\DESKTOP_FOLDER_\courses\FinalPaper-RayTracing\Practical\FinalPaperRayTracer\OpenCLRayTracer\Include\OpenCLUtils\CLInterface.h(482): warning C4003: not enough actual parameters for macro 'FILL_ERRATA'
     1>E:\DESKTOP_FOLDER_\courses\FinalPaper-RayTracing\Practical\FinalPaperRayTracer\OpenCLRayTracer\Include\OpenCLUtils\CLInterface.h(531): warning C4003: not enough actual parameters for macro 'FILL_ERRATA'
     1>E:\DESKTOP_FOLDER_\courses\FinalPaper-RayTracing\Practical\FinalPaperRayTracer\OpenCLRayTracer\Include\OpenCLUtils\CLInterface.h(539): warning C4003: not enough actual parameters for macro 'FILL_ERRATA'
     1>E:\DESKTOP_FOLDER_\courses\FinalPaper-RayTracing\Practical\FinalPaperRayTracer\OpenCLRayTracer\Include\OpenCLUtils\CLInterface.h(547): warning C4003: not enough actual parameters for macro 'FILL_ERRATA'
     1>E:\DESKTOP_FOLDER_\courses\FinalPaper-RayTracing\Practical\FinalPaperRayTracer\OpenCLRayTracer\Include\OpenCLUtils\CLInterface.h(555): warning C4003: not enough actual parameters for macro 'FILL_ERRATA'
     1>E:\DESKTOP_FOLDER_\courses\FinalPaper-RayTracing\Practical\FinalPaperRayTracer\OpenCLRayTracer\Include\OpenCLUtils\CLInterface.h(563): warning C4003: not enough actual parameters for macro 'FILL_ERRATA'
     1>E:\DESKTOP_FOLDER_\courses\FinalPaper-RayTracing\Practical\FinalPaperRayTracer\OpenCLRayTracer\Include\OpenCLUtils\CLInterface.h(571): warning C4003: not enough actual parameters for macro 'FILL_ERRATA'
     1>E:\DESKTOP_FOLDER_\courses\FinalPaper-RayTracing\Practical\FinalPaperRayTracer\OpenCLRayTracer\Include\OpenCLUtils\CLInterface.h(580): warning C4003: not enough actual parameters for macro 'FILL_ERRATA'
     1>E:\DESKTOP_FOLDER_\courses\FinalPaper-RayTracing\Practical\FinalPaperRayTracer\OpenCLRayTracer\Include\OpenCLUtils\CLInterface.h(588): warning C4003: not enough actual parameters for macro 'FILL_ERRATA'
     1>E:\DESKTOP_FOLDER_\courses\FinalPaper-RayTracing\Practical\FinalPaperRayTracer\OpenCLRayTracer\Include\OpenCLUtils\CLInterface.h(596): warning C4003: not enough actual parameters for macro 'FILL_ERRATA'
     1>E:\DESKTOP_FOLDER_\courses\FinalPaper-RayTracing\Practical\FinalPaperRayTracer\OpenCLRayTracer\Include\OpenCLUtils\CLInterface.h(604): warning C4003: not enough actual parameters for macro 'FILL_ERRATA'
     1>E:\DESKTOP_FOLDER_\courses\FinalPaper-RayTracing\Practical\FinalPaperRayTracer\OpenCLRayTracer\Include\OpenCLUtils\CLInterface.h(612): warning C4003: not enough actual parameters for macro 'FILL_ERRATA'
     1>E:\DESKTOP_FOLDER_\courses\FinalPaper-RayTracing\Practical\FinalPaperRayTracer\OpenCLRayTracer\Include\OpenCLUtils\CLInterface.h(621): warning C4003: not enough actual parameters for macro 'FILL_ERRATA'
     1>E:\DESKTOP_FOLDER_\courses\FinalPaper-RayTracing\Practical\FinalPaperRayTracer\OpenCLRayTracer\Include\OpenCLUtils\CLInterface.h(681): warning C4018: '<' : signed/unsigned mismatch
     1>E:\DESKTOP_FOLDER_\courses\FinalPaper-RayTracing\Practical\FinalPaperRayTracer\OpenCLRayTracer\Include\OpenCLUtils\CLInterface.h(745): warning C4018: '>' : signed/unsigned mismatch
     1>E:\DESKTOP_FOLDER_\courses\FinalPaper-RayTracing\Practical\FinalPaperRayTracer\OpenCLRayTracer\Include\OpenCLUtils\CLInterface.h(767): warning C4018: '<' : signed/unsigned mismatch
     1>CLExecutionContext.cpp(78): warning C4003: not enough actual parameters for macro 'FILL_ERRATA'
     1>CLExecutionContext.cpp(105): warning C4003: not enough actual parameters for macro 'FILL_ERRATA'
     1>CLExecutionContext.cpp(116): warning C4003: not enough actual parameters for macro 'FILL_ERRATA'
     1>CLExecutionContext.cpp(189): warning C4003: not enough actual parameters for macro 'FILL_ERRATA'
     1>CLExecutionContext.cpp(204): warning C4003: not enough actual parameters for macro 'FILL_ERRATA'
     1>CLExecutionContext.cpp(230): warning C4003: not enough actual parameters for macro 'FILL_ERRATA'
     1>CLExecutionContext.cpp(268): warning C4003: not enough actual parameters for macro 'FILL_ERRATA'
     1>CLExecutionContext.cpp(285): warning C4996: 'clCreateCommandQueue': was declared deprecated
                 C:\Program Files (x86)\AMD APP SDK\3.0\include\CL/cl.h(1359) : see declaration of 'clCreateCommandQueue'
     1>CLExecutionContext.cpp(288): warning C4003: not enough actual parameters for macro 'FILL_ERRATA'
     1>CLExecutionContext.cpp(314): warning C4003: not enough actual parameters for macro 'FILL_ERRATA'
     1>CLExecutionContext.cpp(322): warning C4003: not enough actual parameters for macro 'FILL_ERRATA'
     1>CLExecutionContext.cpp(353): warning C4003: not enough actual parameters for macro 'FILL_ERRATA'
     1>CLExecutionContext.cpp(372): warning C4003: not enough actual parameters for macro 'FILL_ERRATA'
     1>CLExecutionContext.cpp(392): warning C4003: not enough actual parameters for macro 'FILL_ERRATA'
     1>CLExecutionContext.cpp(417): warning C4003: not enough actual parameters for macro 'FILL_ERRATA'
     1>CLExecutionContext.cpp(436): warning C4003: not enough actual parameters for macro 'FILL_ERRATA'
     1>CLExecutionContext.cpp(468): warning C4003: not enough actual parameters for macro 'FILL_ERRATA'
     1>CLExecutionContext.cpp(484): warning C4003: not enough actual parameters for macro 'FILL_ERRATA'
     1>CLExecutionContext.cpp(500): warning C4003: not enough actual parameters for macro 'FILL_ERRATA'
     1>CLExecutionContext.cpp(525): warning C4003: not enough actual parameters for macro 'FILL_ERRATA'
     1>CLExecutionContext.cpp(544): warning C4003: not enough actual parameters for macro 'FILL_ERRATA'
     1>CLExecutionContext.cpp(563): warning C4003: not enough actual parameters for macro 'FILL_ERRATA'
     1>CLExecutionContext.cpp(622): warning C4003: not enough actual parameters for macro 'FILL_ERRATA'
     1>CLExecutionContext.cpp(636): warning C4018: '<' : signed/unsigned mismatch
     1>CLExecutionContext.cpp(641): warning C4003: not enough actual parameters for macro 'FILL_ERRATA'
     1>CLExecutionContext.cpp(644): warning C4018: '<' : signed/unsigned mismatch
       Lib:
         E:\Visual Studio 2012\VC\bin\Lib.exe /OUT:"E:\DESKTOP_FOLDER_\courses\FinalPaper-RayTracing\Practical\FinalPaperRayTracer\OpenCLRayTracer\\bin\Release\OpenCLUtils.lib" OpenCL.lib opengl32.lib glu32.lib glut32.lib glew32.lib GLEW32.lib /LIBPATH:"C:\Program Files (x86)\AMD APP SDK\3.0\\lib\x86\\" /NOLOGO /LTCG Release\CLBuffer.obj
         Release\CLGLExecutionContext.obj
         Release\CLGLInteropContext.obj
         Release\CLInterface.obj
         Release\CLExecutionContext.obj
     1>opengl32.lib(OPENGL32.dll) : warning LNK4006: __NULL_IMPORT_DESCRIPTOR already defined in OpenCL.lib(OpenCL.dll); second definition ignored
     1>glu32.lib(GLU32.dll) : warning LNK4006: __NULL_IMPORT_DESCRIPTOR already defined in OpenCL.lib(OpenCL.dll); second definition ignored
     1>glut32.lib(glut32.dll) : warning LNK4006: __NULL_IMPORT_DESCRIPTOR already defined in OpenCL.lib(OpenCL.dll); second definition ignored
     1>glew32.lib(glew32.dll) : warning LNK4006: __NULL_IMPORT_DESCRIPTOR already defined in OpenCL.lib(OpenCL.dll); second definition ignored
         OpenCLUtils.vcxproj -> E:\DESKTOP_FOLDER_\courses\FinalPaper-RayTracing\Practical\FinalPaperRayTracer\OpenCLRayTracer\\bin\Release\OpenCLUtils.lib
     1>Done Building Project "E:\DESKTOP_FOLDER_\courses\FinalPaper-RayTracing\Practical\FinalPaperRayTracer\OpenCLRayTracer\src\OpenCLUtils\OpenCLUtils.vcxproj" (Rebuild target(s)).

Build succeeded.

Time Elapsed 00:00:08.76
