E:\DESKTOP_FOLDER_\COURSES\FINALPAPER-RAYTRACING\PRACTICAL\FINALPAPERRAYTRACER\OPENCLRAYTRACER\SRC\OPENCLUTILS\RELEASE\CLINTERFACE.OBJ
E:\DESKTOP_FOLDER_\COURSES\FINALPAPER-RAYTRACING\PRACTICAL\FINALPAPERRAYTRACER\OPENCLRAYTRACER\SRC\OPENCLUTILS\RELEASE\CLGLINTEROPCONTEXT.OBJ
E:\DESKTOP_FOLDER_\COURSES\FINALPAPER-RAYTRACING\PRACTICAL\FINALPAPERRAYTRACER\OPENCLRAYTRACER\SRC\OPENCLUTILS\RELEASE\CLGLEXECUTIONCONTEXT.OBJ
E:\DESKTOP_FOLDER_\COURSES\FINALPAPER-RAYTRACING\PRACTICAL\FINALPAPERRAYTRACER\OPENCLRAYTRACER\SRC\OPENCLUTILS\RELEASE\CLEXECUTIONCONTEXT.OBJ
E:\DESKTOP_FOLDER_\COURSES\FINALPAPER-RAYTRACING\PRACTICAL\FINALPAPERRAYTRACER\OPENCLRAYTRACER\SRC\OPENCLUTILS\RELEASE\CLBUFFER.OBJ
E:\DESKTOP_FOLDER_\COURSES\FINALPAPER-RAYTRACING\PRACTICAL\FINALPAPERRAYTRACER\OPENCLRAYTRACER\SRC\OPENCLUTILS\RELEASE\VC110.PDB
E:\DESKTOP_FOLDER_\COURSES\FINALPAPER-RAYTRACING\PRACTICAL\FINALPAPERRAYTRACER\OPENCLRAYTRACER\BIN\RELEASE\OPENCLUTILS.LIB
E:\DESKTOP_FOLDER_\courses\FinalPaper-RayTracing\Practical\FinalPaperRayTracer\OpenCLRayTracer\src\OpenCLUtils\Release\CLBuffer.obj
E:\DESKTOP_FOLDER_\courses\FinalPaper-RayTracing\Practical\FinalPaperRayTracer\OpenCLRayTracer\src\OpenCLUtils\Release\CLExecutionContext.obj
E:\DESKTOP_FOLDER_\courses\FinalPaper-RayTracing\Practical\FinalPaperRayTracer\OpenCLRayTracer\src\OpenCLUtils\Release\CLGLExecutionContext.obj
E:\DESKTOP_FOLDER_\courses\FinalPaper-RayTracing\Practical\FinalPaperRayTracer\OpenCLRayTracer\src\OpenCLUtils\Release\CLGLInteropContext.obj
E:\DESKTOP_FOLDER_\courses\FinalPaper-RayTracing\Practical\FinalPaperRayTracer\OpenCLRayTracer\src\OpenCLUtils\Release\CLInterface.obj
E:\DESKTOP_FOLDER_\courses\FinalPaper-RayTracing\Practical\FinalPaperRayTracer\OpenCLRayTracer\src\OpenCLUtils\Release\cl.command.1.tlog
E:\DESKTOP_FOLDER_\courses\FinalPaper-RayTracing\Practical\FinalPaperRayTracer\OpenCLRayTracer\src\OpenCLUtils\Release\CL.read.1.tlog
E:\DESKTOP_FOLDER_\courses\FinalPaper-RayTracing\Practical\FinalPaperRayTracer\OpenCLRayTracer\src\OpenCLUtils\Release\CL.write.1.tlog
E:\DESKTOP_FOLDER_\courses\FinalPaper-RayTracing\Practical\FinalPaperRayTracer\OpenCLRayTracer\src\OpenCLUtils\Release\Lib-link.read.1.tlog
E:\DESKTOP_FOLDER_\courses\FinalPaper-RayTracing\Practical\FinalPaperRayTracer\OpenCLRayTracer\src\OpenCLUtils\Release\Lib-link.write.1.tlog
E:\DESKTOP_FOLDER_\courses\FinalPaper-RayTracing\Practical\FinalPaperRayTracer\OpenCLRayTracer\src\OpenCLUtils\Release\lib.command.1.tlog
E:\DESKTOP_FOLDER_\courses\FinalPaper-RayTracing\Practical\FinalPaperRayTracer\OpenCLRayTracer\src\OpenCLUtils\Release\vc110.pdb
E:\DESKTOP_FOLDER_\courses\FinalPaper-RayTracing\Practical\FinalPaperRayTracer\OpenCLRayTracer\\bin\Release\OpenCLUtils.lib
