Build started 27/06/2016 11:12:24.
     1>Project "E:\DESKTOP_FOLDER_\courses\FinalPaper-RayTracing\Practical\FinalPaperRayTracer\OpenCLRayTracer\src\Demos\OpenCLRayTracerDemo\OpenCLRayTracerDemo.vcxproj" on node 2 (Build target(s)).
     1>ClCompile:
         E:\Visual Studio 2012\VC\bin\CL.exe /c /I"C:\Program Files (x86)\AMD APP SDK\3.0\/include" /I"E:\AMD_APP_SDK\AMD_APP_SDK_3.0\AMD APP SDK\3.0\Include" /I../../../../Libs/boost/boost_1_59_0 /I../../../Include /ZI /nologo /W3 /WX- /Od /Oy- /D _MBCS /Gm /EHsc /RTC1 /MDd /GS /fp:precise /Zc:wchar_t /Zc:forScope /Fo"Debug\\" /Fd"Debug\vc110.pdb" /Gd /TP /analyze- /errorReport:prompt OpenCLRayTracerDemo.cpp
         OpenCLRayTracerDemo.cpp
     1>e:\desktop_folder_\courses\finalpaper-raytracing\practical\finalpaperraytracer\openclraytracer\include\common\errata.h(38): warning C4005: 'FILL_ERRATA' : macro redefinition
                 e:\desktop_folder_\courses\finalpaper-raytracing\practical\finalpaperraytracer\openclraytracer\include\common\errata.h(36) : see previous definition of 'FILL_ERRATA'
     1>e:\desktop_folder_\courses\finalpaper-raytracing\practical\finalpaperraytracer\openclraytracer\include\openclutils\clinterface.h(94): warning C4003: not enough actual parameters for macro 'FILL_ERRATA'
     1>e:\desktop_folder_\courses\finalpaper-raytracing\practical\finalpaperraytracer\openclraytracer\include\openclutils\clinterface.h(103): warning C4003: not enough actual parameters for macro 'FILL_ERRATA'
     1>e:\desktop_folder_\courses\finalpaper-raytracing\practical\finalpaperraytracer\openclraytracer\include\openclutils\clinterface.h(112): warning C4003: not enough actual parameters for macro 'FILL_ERRATA'
     1>e:\desktop_folder_\courses\finalpaper-raytracing\practical\finalpaperraytracer\openclraytracer\include\openclutils\clinterface.h(121): warning C4003: not enough actual parameters for macro 'FILL_ERRATA'
     1>e:\desktop_folder_\courses\finalpaper-raytracing\practical\finalpaperraytracer\openclraytracer\include\openclutils\clinterface.h(130): warning C4003: not enough actual parameters for macro 'FILL_ERRATA'
     1>e:\desktop_folder_\courses\finalpaper-raytracing\practical\finalpaperraytracer\openclraytracer\include\openclutils\clinterface.h(139): warning C4003: not enough actual parameters for macro 'FILL_ERRATA'
     1>e:\desktop_folder_\courses\finalpaper-raytracing\practical\finalpaperraytracer\openclraytracer\include\openclutils\clinterface.h(148): warning C4003: not enough actual parameters for macro 'FILL_ERRATA'
     1>e:\desktop_folder_\courses\finalpaper-raytracing\practical\finalpaperraytracer\openclraytracer\include\openclutils\clinterface.h(157): warning C4003: not enough actual parameters for macro 'FILL_ERRATA'
     1>e:\desktop_folder_\courses\finalpaper-raytracing\practical\finalpaperraytracer\openclraytracer\include\openclutils\clinterface.h(166): warning C4003: not enough actual parameters for macro 'FILL_ERRATA'
     1>e:\desktop_folder_\courses\finalpaper-raytracing\practical\finalpaperraytracer\openclraytracer\include\openclutils\clinterface.h(183): warning C4003: not enough actual parameters for macro 'FILL_ERRATA'
     1>e:\desktop_folder_\courses\finalpaper-raytracing\practical\finalpaperraytracer\openclraytracer\include\openclutils\clinterface.h(191): warning C4003: not enough actual parameters for macro 'FILL_ERRATA'
     1>e:\desktop_folder_\courses\finalpaper-raytracing\practical\finalpaperraytracer\openclraytracer\include\openclutils\clinterface.h(199): warning C4003: not enough actual parameters for macro 'FILL_ERRATA'
     1>e:\desktop_folder_\courses\finalpaper-raytracing\practical\finalpaperraytracer\openclraytracer\include\openclutils\clinterface.h(207): warning C4003: not enough actual parameters for macro 'FILL_ERRATA'
     1>e:\desktop_folder_\courses\finalpaper-raytracing\practical\finalpaperraytracer\openclraytracer\include\openclutils\clinterface.h(215): warning C4003: not enough actual parameters for macro 'FILL_ERRATA'
     1>e:\desktop_folder_\courses\finalpaper-raytracing\practical\finalpaperraytracer\openclraytracer\include\openclutils\clinterface.h(224): warning C4003: not enough actual parameters for macro 'FILL_ERRATA'
     1>e:\desktop_folder_\courses\finalpaper-raytracing\practical\finalpaperraytracer\openclraytracer\include\openclutils\clinterface.h(233): warning C4003: not enough actual parameters for macro 'FILL_ERRATA'
     1>e:\desktop_folder_\courses\finalpaper-raytracing\practical\finalpaperraytracer\openclraytracer\include\openclutils\clinterface.h(242): warning C4003: not enough actual parameters for macro 'FILL_ERRATA'
     1>e:\desktop_folder_\courses\finalpaper-raytracing\practical\finalpaperraytracer\openclraytracer\include\openclutils\clinterface.h(260): warning C4003: not enough actual parameters for macro 'FILL_ERRATA'
     1>e:\desktop_folder_\courses\finalpaper-raytracing\practical\finalpaperraytracer\openclraytracer\include\openclutils\clinterface.h(268): warning C4003: not enough actual parameters for macro 'FILL_ERRATA'
     1>e:\desktop_folder_\courses\finalpaper-raytracing\practical\finalpaperraytracer\openclraytracer\include\openclutils\clinterface.h(276): warning C4003: not enough actual parameters for macro 'FILL_ERRATA'
     1>e:\desktop_folder_\courses\finalpaper-raytracing\practical\finalpaperraytracer\openclraytracer\include\openclutils\clinterface.h(284): warning C4003: not enough actual parameters for macro 'FILL_ERRATA'
     1>e:\desktop_folder_\courses\finalpaper-raytracing\practical\finalpaperraytracer\openclraytracer\include\openclutils\clinterface.h(292): warning C4003: not enough actual parameters for macro 'FILL_ERRATA'
     1>e:\desktop_folder_\courses\finalpaper-raytracing\practical\finalpaperraytracer\openclraytracer\include\openclutils\clinterface.h(300): warning C4003: not enough actual parameters for macro 'FILL_ERRATA'
     1>e:\desktop_folder_\courses\finalpaper-raytracing\practical\finalpaperraytracer\openclraytracer\include\openclutils\clinterface.h(308): warning C4003: not enough actual parameters for macro 'FILL_ERRATA'
     1>e:\desktop_folder_\courses\finalpaper-raytracing\practical\finalpaperraytracer\openclraytracer\include\openclutils\clinterface.h(316): warning C4003: not enough actual parameters for macro 'FILL_ERRATA'
     1>e:\desktop_folder_\courses\finalpaper-raytracing\practical\finalpaperraytracer\openclraytracer\include\openclutils\clinterface.h(325): warning C4003: not enough actual parameters for macro 'FILL_ERRATA'
     1>e:\desktop_folder_\courses\finalpaper-raytracing\practical\finalpaperraytracer\openclraytracer\include\openclutils\clinterface.h(343): warning C4003: not enough actual parameters for macro 'FILL_ERRATA'
     1>e:\desktop_folder_\courses\finalpaper-raytracing\practical\finalpaperraytracer\openclraytracer\include\openclutils\clinterface.h(351): warning C4003: not enough actual parameters for macro 'FILL_ERRATA'
     1>e:\desktop_folder_\courses\finalpaper-raytracing\practical\finalpaperraytracer\openclraytracer\include\openclutils\clinterface.h(365): warning C4003: not enough actual parameters for macro 'FILL_ERRATA'
     1>e:\desktop_folder_\courses\finalpaper-raytracing\practical\finalpaperraytracer\openclraytracer\include\openclutils\clinterface.h(399): warning C4003: not enough actual parameters for macro 'FILL_ERRATA'
     1>e:\desktop_folder_\courses\finalpaper-raytracing\practical\finalpaperraytracer\openclraytracer\include\openclutils\clinterface.h(408): warning C4003: not enough actual parameters for macro 'FILL_ERRATA'
     1>e:\desktop_folder_\courses\finalpaper-raytracing\practical\finalpaperraytracer\openclraytracer\include\openclutils\clinterface.h(417): warning C4003: not enough actual parameters for macro 'FILL_ERRATA'
     1>e:\desktop_folder_\courses\finalpaper-raytracing\practical\finalpaperraytracer\openclraytracer\include\openclutils\clinterface.h(437): warning C4003: not enough actual parameters for macro 'FILL_ERRATA'
     1>e:\desktop_folder_\courses\finalpaper-raytracing\practical\finalpaperraytracer\openclraytracer\include\openclutils\clinterface.h(446): warning C4003: not enough actual parameters for macro 'FILL_ERRATA'
     1>e:\desktop_folder_\courses\finalpaper-raytracing\practical\finalpaperraytracer\openclraytracer\include\openclutils\clinterface.h(455): warning C4003: not enough actual parameters for macro 'FILL_ERRATA'
     1>e:\desktop_folder_\courses\finalpaper-raytracing\practical\finalpaperraytracer\openclraytracer\include\openclutils\clinterface.h(464): warning C4003: not enough actual parameters for macro 'FILL_ERRATA'
     1>e:\desktop_folder_\courses\finalpaper-raytracing\practical\finalpaperraytracer\openclraytracer\include\openclutils\clinterface.h(473): warning C4003: not enough actual parameters for macro 'FILL_ERRATA'
     1>e:\desktop_folder_\courses\finalpaper-raytracing\practical\finalpaperraytracer\openclraytracer\include\openclutils\clinterface.h(482): warning C4003: not enough actual parameters for macro 'FILL_ERRATA'
     1>e:\desktop_folder_\courses\finalpaper-raytracing\practical\finalpaperraytracer\openclraytracer\include\openclutils\clinterface.h(531): warning C4003: not enough actual parameters for macro 'FILL_ERRATA'
     1>e:\desktop_folder_\courses\finalpaper-raytracing\practical\finalpaperraytracer\openclraytracer\include\openclutils\clinterface.h(539): warning C4003: not enough actual parameters for macro 'FILL_ERRATA'
     1>e:\desktop_folder_\courses\finalpaper-raytracing\practical\finalpaperraytracer\openclraytracer\include\openclutils\clinterface.h(547): warning C4003: not enough actual parameters for macro 'FILL_ERRATA'
     1>e:\desktop_folder_\courses\finalpaper-raytracing\practical\finalpaperraytracer\openclraytracer\include\openclutils\clinterface.h(555): warning C4003: not enough actual parameters for macro 'FILL_ERRATA'
     1>e:\desktop_folder_\courses\finalpaper-raytracing\practical\finalpaperraytracer\openclraytracer\include\openclutils\clinterface.h(563): warning C4003: not enough actual parameters for macro 'FILL_ERRATA'
     1>e:\desktop_folder_\courses\finalpaper-raytracing\practical\finalpaperraytracer\openclraytracer\include\openclutils\clinterface.h(571): warning C4003: not enough actual parameters for macro 'FILL_ERRATA'
     1>e:\desktop_folder_\courses\finalpaper-raytracing\practical\finalpaperraytracer\openclraytracer\include\openclutils\clinterface.h(580): warning C4003: not enough actual parameters for macro 'FILL_ERRATA'
     1>e:\desktop_folder_\courses\finalpaper-raytracing\practical\finalpaperraytracer\openclraytracer\include\openclutils\clinterface.h(588): warning C4003: not enough actual parameters for macro 'FILL_ERRATA'
     1>e:\desktop_folder_\courses\finalpaper-raytracing\practical\finalpaperraytracer\openclraytracer\include\openclutils\clinterface.h(596): warning C4003: not enough actual parameters for macro 'FILL_ERRATA'
     1>e:\desktop_folder_\courses\finalpaper-raytracing\practical\finalpaperraytracer\openclraytracer\include\openclutils\clinterface.h(604): warning C4003: not enough actual parameters for macro 'FILL_ERRATA'
     1>e:\desktop_folder_\courses\finalpaper-raytracing\practical\finalpaperraytracer\openclraytracer\include\openclutils\clinterface.h(612): warning C4003: not enough actual parameters for macro 'FILL_ERRATA'
     1>e:\desktop_folder_\courses\finalpaper-raytracing\practical\finalpaperraytracer\openclraytracer\include\openclutils\clinterface.h(621): warning C4003: not enough actual parameters for macro 'FILL_ERRATA'
     1>e:\desktop_folder_\courses\finalpaper-raytracing\practical\finalpaperraytracer\openclraytracer\include\openclutils\clinterface.h(681): warning C4018: '<' : signed/unsigned mismatch
     1>e:\desktop_folder_\courses\finalpaper-raytracing\practical\finalpaperraytracer\openclraytracer\include\openclutils\clinterface.h(745): warning C4018: '>' : signed/unsigned mismatch
     1>e:\desktop_folder_\courses\finalpaper-raytracing\practical\finalpaperraytracer\openclraytracer\include\openclutils\clinterface.h(767): warning C4018: '<' : signed/unsigned mismatch
     1>e:\desktop_folder_\courses\finalpaper-raytracing\practical\finalpaperraytracer\openclraytracer\include\openclutils\clexecutioncontext.h(201): warning C4018: '<' : signed/unsigned mismatch
     1>e:\desktop_folder_\courses\finalpaper-raytracing\practical\finalpaperraytracer\openclraytracer\include\openclutils\clexecutioncontext.h(212): warning C4018: '<' : signed/unsigned mismatch
     1>e:\desktop_folder_\courses\finalpaper-raytracing\practical\finalpaperraytracer\openclraytracer\include\cldata\clportability.h(87): warning C4005: 'CL_FLOAT' : macro redefinition
                 c:\program files (x86)\amd app sdk\3.0\include\cl\cl.h(437) : see previous definition of 'CL_FLOAT'
     1>e:\desktop_folder_\courses\finalpaper-raytracing\practical\finalpaperraytracer\openclraytracer\include\cldata\clportability.h(93): warning C4005: 'CL_GLOBAL' : macro redefinition
                 c:\program files (x86)\amd app sdk\3.0\include\cl\cl.h(332) : see previous definition of 'CL_GLOBAL'
     1>e:\desktop_folder_\courses\finalpaper-raytracing\practical\finalpaperraytracer\openclraytracer\include\cldata\clportability.h(94): warning C4005: 'CL_LOCAL' : macro redefinition
                 c:\program files (x86)\amd app sdk\3.0\include\cl\cl.h(331) : see previous definition of 'CL_LOCAL'
     1>e:\desktop_folder_\courses\finalpaper-raytracing\practical\finalpaperraytracer\openclraytracer\include\cldata\rtkernelutils.h(166): warning C4334: '<<' : result of 32-bit shift implicitly converted to 64 bits (was 64-bit shift intended?)
     1>e:\desktop_folder_\courses\finalpaper-raytracing\practical\finalpaperraytracer\openclraytracer\include\cldata\scenebufferparser.h(178): warning C4018: '<' : signed/unsigned mismatch
     1>e:\desktop_folder_\courses\finalpaper-raytracing\practical\finalpaperraytracer\openclraytracer\include\cldata\scenebufferparser.h(192): warning C4018: '<' : signed/unsigned mismatch
     1>e:\desktop_folder_\courses\finalpaper-raytracing\practical\finalpaperraytracer\openclraytracer\include\cldata\scenebufferparser.h(268): warning C4018: '>' : signed/unsigned mismatch
     1>e:\desktop_folder_\courses\finalpaper-raytracing\practical\finalpaperraytracer\openclraytracer\include\cldata\scenebufferparser.h(280): warning C4018: '>' : signed/unsigned mismatch
     1>e:\desktop_folder_\courses\finalpaper-raytracing\practical\finalpaperraytracer\openclraytracer\include\cldata\meshutils.h(52): warning C4101: 'sumY' : unreferenced local variable
     1>e:\desktop_folder_\courses\finalpaper-raytracing\practical\finalpaperraytracer\openclraytracer\include\cldata\meshutils.h(52): warning C4101: 'sumX' : unreferenced local variable
     1>e:\desktop_folder_\courses\finalpaper-raytracing\practical\finalpaperraytracer\openclraytracer\include\cldata\meshutils.h(52): warning C4101: 'sumZ' : unreferenced local variable
     1>e:\desktop_folder_\courses\finalpaper-raytracing\practical\finalpaperraytracer\openclraytracer\include\cldata\shading.h(128): warning C4018: '<' : signed/unsigned mismatch
     1>e:\desktop_folder_\courses\finalpaper-raytracing\practical\finalpaperraytracer\openclraytracer\include\scene\scenedebug.h(101): warning C4018: '<' : signed/unsigned mismatch
     1>e:\desktop_folder_\courses\finalpaper-raytracing\practical\finalpaperraytracer\openclraytracer\include\scene\scenedebug.h(106): warning C4018: '<' : signed/unsigned mismatch
     1>e:\desktop_folder_\courses\finalpaper-raytracing\practical\finalpaperraytracer\openclraytracer\include\scene\scenedebug.h(135): warning C4018: '<' : signed/unsigned mismatch
     1>e:\desktop_folder_\courses\finalpaper-raytracing\practical\finalpaperraytracer\openclraytracer\src\demos\openclraytracerdemo\openclraytracerdemo.cpp(246): warning C4018: '<' : signed/unsigned mismatch
       Link:
         E:\Visual Studio 2012\VC\bin\link.exe /ERRORREPORT:PROMPT /OUT:"E:\DESKTOP_FOLDER_\courses\FinalPaper-RayTracing\Practical\FinalPaperRayTracer\OpenCLRayTracer\\bin\Debug\OpenCLRayTracerDemo.exe" /INCREMENTAL /NOLOGO /LIBPATH:"C:\Program Files (x86)\AMD APP SDK\3.0\\lib\x86\\" kernel32.lib user32.lib gdi32.lib winspool.lib comdlg32.lib advapi32.lib shell32.lib ole32.lib oleaut32.lib uuid.lib odbc32.lib odbccp32.lib kernel32.lib user32.lib gdi32.lib winspool.lib comdlg32.lib advapi32.lib shell32.lib ole32.lib oleaut32.lib uuid.lib odbc32.lib odbccp32.lib /MANIFEST /MANIFESTUAC:"level='asInvoker' uiAccess='false'" /manifest:embed /DEBUG /PDB:"E:\DESKTOP_FOLDER_\courses\FinalPaper-RayTracing\Practical\FinalPaperRayTracer\OpenCLRayTracer\\bin\Debug\OpenCLRayTracerDemo.pdb" /TLBID:1 /DYNAMICBASE /NXCOMPAT /IMPLIB:"E:\DESKTOP_FOLDER_\courses\FinalPaper-RayTracing\Practical\FinalPaperRayTracer\OpenCLRayTracer\\bin\Debug\OpenCLRayTracerDemo.lib" /MACHINE:X86 Debug\OpenCLRayTracerDemo.obj
         "E:\DESKTOP_FOLDER_\courses\FinalPaper-RayTracing\Practical\FinalPaperRayTracer\OpenCLRayTracer\bin\Debug\OpenCLUtils.lib"
         "E:\DESKTOP_FOLDER_\courses\FinalPaper-RayTracing\Practical\FinalPaperRayTracer\OpenCLRayTracer\bin\Debug\CLRayTracerEngine.lib"
         OpenCLRayTracerDemo.vcxproj -> E:\DESKTOP_FOLDER_\courses\FinalPaper-RayTracing\Practical\FinalPaperRayTracer\OpenCLRayTracer\\bin\Debug\OpenCLRayTracerDemo.exe
     1>Done Building Project "E:\DESKTOP_FOLDER_\courses\FinalPaper-RayTracing\Practical\FinalPaperRayTracer\OpenCLRayTracer\src\Demos\OpenCLRayTracerDemo\OpenCLRayTracerDemo.vcxproj" (Build target(s)).

Build succeeded.

Time Elapsed 00:00:03.75
