E:\DESKTOP_FOLDER_\COURSES\FINALPAPER-RAYTRACING\PRACTICAL\FINALPAPERRAYTRACER\OPENCLRAYTRACER\SRC\DEMOS\OPENCLRAYTRACERDEMO\DEBUG\OPENCLRAYTRACERDEMO.OBJ
E:\DESKTOP_FOLDER_\COURSES\FINALPAPER-RAYTRACING\PRACTICAL\FINALPAPERRAYTRACER\OPENCLRAYTRACER\SRC\DEMOS\OPENCLRAYTRACERDEMO\DEBUG\VC110.PDB
E:\DESKTOP_FOLDER_\COURSES\FINALPAPER-RAYTRACING\PRACTICAL\FINALPAPERRAYTRACER\OPENCLRAYTRACER\BIN\DEBUG\OPENCLRAYTRACERDEMO.ILK
E:\DESKTOP_FOLDER_\COURSES\FINALPAPER-RAYTRACING\PRACTICAL\FINALPAPERRAYTRACER\OPENCLRAYTRACER\BIN\DEBUG\OPENCLRAYTRACERDEMO.EXE
E:\DESKTOP_FOLDER_\COURSES\FINALPAPER-RAYTRACING\PRACTICAL\FINALPAPERRAYTRACER\OPENCLRAYTRACER\BIN\DEBUG\OPENCLRAYTRACERDEMO.PDB
E:\DESKTOP_FOLDER_\courses\FinalPaper-RayTracing\Practical\FinalPaperRayTracer\OpenCLRayTracer\src\Demos\OpenCLRayTracerDemo\Debug\OpenCLRayTracerDemo.vcxprojResolveAssemblyReference.cache
E:\DESKTOP_FOLDER_\courses\FinalPaper-RayTracing\Practical\FinalPaperRayTracer\OpenCLRayTracer\src\Demos\OpenCLRayTracerDemo\Debug\OpenCLRayTracerDemo.obj
E:\DESKTOP_FOLDER_\courses\FinalPaper-RayTracing\Practical\FinalPaperRayTracer\OpenCLRayTracer\src\Demos\OpenCLRayTracerDemo\Debug\cl.command.1.tlog
E:\DESKTOP_FOLDER_\courses\FinalPaper-RayTracing\Practical\FinalPaperRayTracer\OpenCLRayTracer\src\Demos\OpenCLRayTracerDemo\Debug\CL.read.1.tlog
E:\DESKTOP_FOLDER_\courses\FinalPaper-RayTracing\Practical\FinalPaperRayTracer\OpenCLRayTracer\src\Demos\OpenCLRayTracerDemo\Debug\CL.write.1.tlog
E:\DESKTOP_FOLDER_\courses\FinalPaper-RayTracing\Practical\FinalPaperRayTracer\OpenCLRayTracer\src\Demos\OpenCLRayTracerDemo\Debug\link-cvtres.read.1.tlog
E:\DESKTOP_FOLDER_\courses\FinalPaper-RayTracing\Practical\FinalPaperRayTracer\OpenCLRayTracer\src\Demos\OpenCLRayTracerDemo\Debug\link-cvtres.write.1.tlog
E:\DESKTOP_FOLDER_\courses\FinalPaper-RayTracing\Practical\FinalPaperRayTracer\OpenCLRayTracer\src\Demos\OpenCLRayTracerDemo\Debug\link-rc.read.1.tlog
E:\DESKTOP_FOLDER_\courses\FinalPaper-RayTracing\Practical\FinalPaperRayTracer\OpenCLRayTracer\src\Demos\OpenCLRayTracerDemo\Debug\link-rc.write.1.tlog
E:\DESKTOP_FOLDER_\courses\FinalPaper-RayTracing\Practical\FinalPaperRayTracer\OpenCLRayTracer\src\Demos\OpenCLRayTracerDemo\Debug\link.16460-cvtres.read.1.tlog
E:\DESKTOP_FOLDER_\courses\FinalPaper-RayTracing\Practical\FinalPaperRayTracer\OpenCLRayTracer\src\Demos\OpenCLRayTracerDemo\Debug\link.16460-cvtres.write.1.tlog
E:\DESKTOP_FOLDER_\courses\FinalPaper-RayTracing\Practical\FinalPaperRayTracer\OpenCLRayTracer\src\Demos\OpenCLRayTracerDemo\Debug\link.16460-rc.read.1.tlog
E:\DESKTOP_FOLDER_\courses\FinalPaper-RayTracing\Practical\FinalPaperRayTracer\OpenCLRayTracer\src\Demos\OpenCLRayTracerDemo\Debug\link.16460-rc.write.1.tlog
E:\DESKTOP_FOLDER_\courses\FinalPaper-RayTracing\Practical\FinalPaperRayTracer\OpenCLRayTracer\src\Demos\OpenCLRayTracerDemo\Debug\link.16460.read.1.tlog
E:\DESKTOP_FOLDER_\courses\FinalPaper-RayTracing\Practical\FinalPaperRayTracer\OpenCLRayTracer\src\Demos\OpenCLRayTracerDemo\Debug\link.16460.write.1.tlog
E:\DESKTOP_FOLDER_\courses\FinalPaper-RayTracing\Practical\FinalPaperRayTracer\OpenCLRayTracer\src\Demos\OpenCLRayTracerDemo\Debug\link.17224-cvtres.read.1.tlog
E:\DESKTOP_FOLDER_\courses\FinalPaper-RayTracing\Practical\FinalPaperRayTracer\OpenCLRayTracer\src\Demos\OpenCLRayTracerDemo\Debug\link.17224-cvtres.write.1.tlog
E:\DESKTOP_FOLDER_\courses\FinalPaper-RayTracing\Practical\FinalPaperRayTracer\OpenCLRayTracer\src\Demos\OpenCLRayTracerDemo\Debug\link.17224-rc.read.1.tlog
E:\DESKTOP_FOLDER_\courses\FinalPaper-RayTracing\Practical\FinalPaperRayTracer\OpenCLRayTracer\src\Demos\OpenCLRayTracerDemo\Debug\link.17224-rc.write.1.tlog
E:\DESKTOP_FOLDER_\courses\FinalPaper-RayTracing\Practical\FinalPaperRayTracer\OpenCLRayTracer\src\Demos\OpenCLRayTracerDemo\Debug\link.17224.read.1.tlog
E:\DESKTOP_FOLDER_\courses\FinalPaper-RayTracing\Practical\FinalPaperRayTracer\OpenCLRayTracer\src\Demos\OpenCLRayTracerDemo\Debug\link.17224.write.1.tlog
E:\DESKTOP_FOLDER_\courses\FinalPaper-RayTracing\Practical\FinalPaperRayTracer\OpenCLRayTracer\src\Demos\OpenCLRayTracerDemo\Debug\link.2804-cvtres.read.1.tlog
E:\DESKTOP_FOLDER_\courses\FinalPaper-RayTracing\Practical\FinalPaperRayTracer\OpenCLRayTracer\src\Demos\OpenCLRayTracerDemo\Debug\link.2804-cvtres.write.1.tlog
E:\DESKTOP_FOLDER_\courses\FinalPaper-RayTracing\Practical\FinalPaperRayTracer\OpenCLRayTracer\src\Demos\OpenCLRayTracerDemo\Debug\link.2804-rc.read.1.tlog
E:\DESKTOP_FOLDER_\courses\FinalPaper-RayTracing\Practical\FinalPaperRayTracer\OpenCLRayTracer\src\Demos\OpenCLRayTracerDemo\Debug\link.2804-rc.write.1.tlog
E:\DESKTOP_FOLDER_\courses\FinalPaper-RayTracing\Practical\FinalPaperRayTracer\OpenCLRayTracer\src\Demos\OpenCLRayTracerDemo\Debug\link.2804.read.1.tlog
E:\DESKTOP_FOLDER_\courses\FinalPaper-RayTracing\Practical\FinalPaperRayTracer\OpenCLRayTracer\src\Demos\OpenCLRayTracerDemo\Debug\link.2804.write.1.tlog
E:\DESKTOP_FOLDER_\courses\FinalPaper-RayTracing\Practical\FinalPaperRayTracer\OpenCLRayTracer\src\Demos\OpenCLRayTracerDemo\Debug\link.8372-cvtres.read.1.tlog
E:\DESKTOP_FOLDER_\courses\FinalPaper-RayTracing\Practical\FinalPaperRayTracer\OpenCLRayTracer\src\Demos\OpenCLRayTracerDemo\Debug\link.8372-cvtres.write.1.tlog
E:\DESKTOP_FOLDER_\courses\FinalPaper-RayTracing\Practical\FinalPaperRayTracer\OpenCLRayTracer\src\Demos\OpenCLRayTracerDemo\Debug\link.8372-rc.read.1.tlog
E:\DESKTOP_FOLDER_\courses\FinalPaper-RayTracing\Practical\FinalPaperRayTracer\OpenCLRayTracer\src\Demos\OpenCLRayTracerDemo\Debug\link.8372-rc.write.1.tlog
E:\DESKTOP_FOLDER_\courses\FinalPaper-RayTracing\Practical\FinalPaperRayTracer\OpenCLRayTracer\src\Demos\OpenCLRayTracerDemo\Debug\link.8372.read.1.tlog
E:\DESKTOP_FOLDER_\courses\FinalPaper-RayTracing\Practical\FinalPaperRayTracer\OpenCLRayTracer\src\Demos\OpenCLRayTracerDemo\Debug\link.8372.write.1.tlog
E:\DESKTOP_FOLDER_\courses\FinalPaper-RayTracing\Practical\FinalPaperRayTracer\OpenCLRayTracer\src\Demos\OpenCLRayTracerDemo\Debug\link.command.1.tlog
E:\DESKTOP_FOLDER_\courses\FinalPaper-RayTracing\Practical\FinalPaperRayTracer\OpenCLRayTracer\src\Demos\OpenCLRayTracerDemo\Debug\link.read.1.tlog
E:\DESKTOP_FOLDER_\courses\FinalPaper-RayTracing\Practical\FinalPaperRayTracer\OpenCLRayTracer\src\Demos\OpenCLRayTracerDemo\Debug\link.write.1.tlog
E:\DESKTOP_FOLDER_\courses\FinalPaper-RayTracing\Practical\FinalPaperRayTracer\OpenCLRayTracer\src\Demos\OpenCLRayTracerDemo\Debug\vc110.idb
E:\DESKTOP_FOLDER_\courses\FinalPaper-RayTracing\Practical\FinalPaperRayTracer\OpenCLRayTracer\src\Demos\OpenCLRayTracerDemo\Debug\vc110.pdb
E:\DESKTOP_FOLDER_\courses\FinalPaper-RayTracing\Practical\FinalPaperRayTracer\OpenCLRayTracer\\bin\Debug\OpenCLRayTracerDemo.pdb
E:\DESKTOP_FOLDER_\courses\FinalPaper-RayTracing\Practical\FinalPaperRayTracer\OpenCLRayTracer\\bin\Debug\OpenCLRayTracerDemo.exe
E:\DESKTOP_FOLDER_\courses\FinalPaper-RayTracing\Practical\FinalPaperRayTracer\OpenCLRayTracer\\bin\Debug\OpenCLRayTracerDemo.ilk
