E:\DESKTOP_FOLDER_\COURSES\FINALPAPER-RAYTRACING\PRACTICAL\FINALPAPERRAYTRACER\OPENCLRAYTRACER\EXPERIMENTAPPS\RAYTRACER-M0\DEBUG\RAYTRACER-M0.OBJ
E:\DESKTOP_FOLDER_\COURSES\FINALPAPER-RAYTRACING\PRACTICAL\FINALPAPERRAYTRACER\OPENCLRAYTRACER\EXPERIMENTAPPS\RAYTRACER-M0\DEBUG\VC110.PDB
E:\DESKTOP_FOLDER_\COURSES\FINALPAPER-RAYTRACING\PRACTICAL\FINALPAPERRAYTRACER\OPENCLRAYTRACER\DEBUG\RAYTRACER-M0.ILK
E:\DESKTOP_FOLDER_\COURSES\FINALPAPER-RAYTRACING\PRACTICAL\FINALPAPERRAYTRACER\OPENCLRAYTRACER\DEBUG\RAYTRACER-M0.EXE
E:\DESKTOP_FOLDER_\COURSES\FINALPAPER-RAYTRACING\PRACTICAL\FINALPAPERRAYTRACER\OPENCLRAYTRACER\DEBUG\RAYTRACER-M0.PDB
E:\DESKTOP_FOLDER_\courses\FinalPaper-RayTracing\Practical\FinalPaperRayTracer\OpenCLRayTracer\ExperimentApps\RayTracer-M0\Debug\RayTracer-M0.obj
E:\DESKTOP_FOLDER_\courses\FinalPaper-RayTracing\Practical\FinalPaperRayTracer\OpenCLRayTracer\ExperimentApps\RayTracer-M0\Debug\cl.command.1.tlog
E:\DESKTOP_FOLDER_\courses\FinalPaper-RayTracing\Practical\FinalPaperRayTracer\OpenCLRayTracer\ExperimentApps\RayTracer-M0\Debug\CL.read.1.tlog
E:\DESKTOP_FOLDER_\courses\FinalPaper-RayTracing\Practical\FinalPaperRayTracer\OpenCLRayTracer\ExperimentApps\RayTracer-M0\Debug\CL.write.1.tlog
E:\DESKTOP_FOLDER_\courses\FinalPaper-RayTracing\Practical\FinalPaperRayTracer\OpenCLRayTracer\ExperimentApps\RayTracer-M0\Debug\link-cvtres.read.1.tlog
E:\DESKTOP_FOLDER_\courses\FinalPaper-RayTracing\Practical\FinalPaperRayTracer\OpenCLRayTracer\ExperimentApps\RayTracer-M0\Debug\link-cvtres.write.1.tlog
E:\DESKTOP_FOLDER_\courses\FinalPaper-RayTracing\Practical\FinalPaperRayTracer\OpenCLRayTracer\ExperimentApps\RayTracer-M0\Debug\link-rc.read.1.tlog
E:\DESKTOP_FOLDER_\courses\FinalPaper-RayTracing\Practical\FinalPaperRayTracer\OpenCLRayTracer\ExperimentApps\RayTracer-M0\Debug\link-rc.write.1.tlog
E:\DESKTOP_FOLDER_\courses\FinalPaper-RayTracing\Practical\FinalPaperRayTracer\OpenCLRayTracer\ExperimentApps\RayTracer-M0\Debug\link.command.1.tlog
E:\DESKTOP_FOLDER_\courses\FinalPaper-RayTracing\Practical\FinalPaperRayTracer\OpenCLRayTracer\ExperimentApps\RayTracer-M0\Debug\link.read.1.tlog
E:\DESKTOP_FOLDER_\courses\FinalPaper-RayTracing\Practical\FinalPaperRayTracer\OpenCLRayTracer\ExperimentApps\RayTracer-M0\Debug\link.write.1.tlog
E:\DESKTOP_FOLDER_\courses\FinalPaper-RayTracing\Practical\FinalPaperRayTracer\OpenCLRayTracer\ExperimentApps\RayTracer-M0\Debug\vc110.idb
E:\DESKTOP_FOLDER_\courses\FinalPaper-RayTracing\Practical\FinalPaperRayTracer\OpenCLRayTracer\ExperimentApps\RayTracer-M0\Debug\vc110.pdb
E:\DESKTOP_FOLDER_\courses\FinalPaper-RayTracing\Practical\FinalPaperRayTracer\OpenCLRayTracer\Debug\RayTracer-M0.pdb
E:\DESKTOP_FOLDER_\courses\FinalPaper-RayTracing\Practical\FinalPaperRayTracer\OpenCLRayTracer\Debug\RayTracer-M0.exe
E:\DESKTOP_FOLDER_\courses\FinalPaper-RayTracing\Practical\FinalPaperRayTracer\OpenCLRayTracer\Debug\RayTracer-M0.ilk
