Build started 27/06/2016 11:11:50.
     1>Project "E:\DESKTOP_FOLDER_\courses\FinalPaper-RayTracing\Practical\FinalPaperRayTracer\OpenCLRayTracer\src\CLRayTracerEngine\CLRayTracerEngine.vcxproj" on node 2 (Rebuild target(s)).
     1>CustomBuild:
         Packing OpenCL source - Sorting Kernels
         Source: E:\DESKTOP_FOLDER_\courses\FinalPaper-RayTracing\Practical\FinalPaperRayTracer\OpenCLRayTracer\src\CLRayTracerEngine\SortKernels.cl Target: E:\DESKTOP_FOLDER_\courses\FinalPaper-RayTracing\Practical\FinalPaperRayTracer\OpenCLRayTracer\src\CLRayTracerEngine\GeneratedSortingKernelSource.cpp Variable: OpenCLKernelSource
         Packing CL Kernels - BVH Kernel
         Source: E:\DESKTOP_FOLDER_\courses\FinalPaper-RayTracing\Practical\FinalPaperRayTracer\OpenCLRayTracer\src\CLRayTracerEngine\BVHKernels.cl Target: E:\DESKTOP_FOLDER_\courses\FinalPaper-RayTracing\Practical\FinalPaperRayTracer\OpenCLRayTracer\src\CLRayTracerEngine\GeneratedBVHKernelSource.cpp Variable: BVHKernelSource
         Packing CL Kernels - TwoLevelGridKernels
         Source: E:\DESKTOP_FOLDER_\courses\FinalPaper-RayTracing\Practical\FinalPaperRayTracer\OpenCLRayTracer\src\CLRayTracerEngine\TwoLevelGridKernels.cl Target: E:\DESKTOP_FOLDER_\courses\FinalPaper-RayTracing\Practical\FinalPaperRayTracer\OpenCLRayTracer\src\CLRayTracerEngine\GeneratedTwoLevelGridKernelSource.cpp Variable: TwoLevelGridKernelSource
         Packing CL Kernels - Prefix Sum Kernels
         Source: E:\DESKTOP_FOLDER_\courses\FinalPaper-RayTracing\Practical\FinalPaperRayTracer\OpenCLRayTracer\src\CLRayTracerEngine\PrefixSumKernels.cl Target: E:\DESKTOP_FOLDER_\courses\FinalPaper-RayTracing\Practical\FinalPaperRayTracer\OpenCLRayTracer\src\CLRayTracerEngine\GeneratedPrefixSumKernelSource.cpp Variable: PrefixSumKernelSource
       ClCompile:
         E:\Visual Studio 2012\VC\bin\CL.exe /c /I"C:\Program Files (x86)\AMD APP SDK\3.0\/include" /I"E:\AMD_APP_SDK\AMD_APP_SDK_3.0\AMD APP SDK\3.0\Include" /I../../../Libs/boost/boost_1_59_0 /I../../Include /Zi /nologo /W3 /WX- /O2 /Oi /Oy- /GL /D _MBCS /Gm- /EHsc /MD /GS /Gy /fp:precise /Zc:wchar_t /Zc:forScope /Fo"Release\\" /Fd"Release\vc110.pdb" /Gd /TP /analyze- /errorReport:prompt BitonicSort.cpp BVHManager.cpp PrefixSum.cpp GeneratedBVHKernelSource.cpp GeneratedPrefixSumKernelSource.cpp GeneratedSortingKernelSource.cpp GeneratedTwoLevelGridKernelSource.cpp Scene.cpp TwoLevelGridManager.cpp
         BitonicSort.cpp
     1>E:\DESKTOP_FOLDER_\courses\FinalPaper-RayTracing\Practical\FinalPaperRayTracer\OpenCLRayTracer\Include\Common/Errata.h(38): warning C4005: 'FILL_ERRATA' : macro redefinition
                 E:\DESKTOP_FOLDER_\courses\FinalPaper-RayTracing\Practical\FinalPaperRayTracer\OpenCLRayTracer\Include\Common/Errata.h(36) : see previous definition of 'FILL_ERRATA'
     1>E:\DESKTOP_FOLDER_\courses\FinalPaper-RayTracing\Practical\FinalPaperRayTracer\OpenCLRayTracer\Include\OpenCLUtils\CLExecutionContext.h(201): warning C4018: '<' : signed/unsigned mismatch
     1>E:\DESKTOP_FOLDER_\courses\FinalPaper-RayTracing\Practical\FinalPaperRayTracer\OpenCLRayTracer\Include\OpenCLUtils\CLExecutionContext.h(212): warning C4018: '<' : signed/unsigned mismatch
     1>E:\DESKTOP_FOLDER_\courses\FinalPaper-RayTracing\Practical\FinalPaperRayTracer\OpenCLRayTracer\Include\OpenCLUtils\CLInterface.h(94): warning C4003: not enough actual parameters for macro 'FILL_ERRATA'
     1>E:\DESKTOP_FOLDER_\courses\FinalPaper-RayTracing\Practical\FinalPaperRayTracer\OpenCLRayTracer\Include\OpenCLUtils\CLInterface.h(103): warning C4003: not enough actual parameters for macro 'FILL_ERRATA'
     1>E:\DESKTOP_FOLDER_\courses\FinalPaper-RayTracing\Practical\FinalPaperRayTracer\OpenCLRayTracer\Include\OpenCLUtils\CLInterface.h(112): warning C4003: not enough actual parameters for macro 'FILL_ERRATA'
     1>E:\DESKTOP_FOLDER_\courses\FinalPaper-RayTracing\Practical\FinalPaperRayTracer\OpenCLRayTracer\Include\OpenCLUtils\CLInterface.h(121): warning C4003: not enough actual parameters for macro 'FILL_ERRATA'
     1>E:\DESKTOP_FOLDER_\courses\FinalPaper-RayTracing\Practical\FinalPaperRayTracer\OpenCLRayTracer\Include\OpenCLUtils\CLInterface.h(130): warning C4003: not enough actual parameters for macro 'FILL_ERRATA'
     1>E:\DESKTOP_FOLDER_\courses\FinalPaper-RayTracing\Practical\FinalPaperRayTracer\OpenCLRayTracer\Include\OpenCLUtils\CLInterface.h(139): warning C4003: not enough actual parameters for macro 'FILL_ERRATA'
     1>E:\DESKTOP_FOLDER_\courses\FinalPaper-RayTracing\Practical\FinalPaperRayTracer\OpenCLRayTracer\Include\OpenCLUtils\CLInterface.h(148): warning C4003: not enough actual parameters for macro 'FILL_ERRATA'
     1>E:\DESKTOP_FOLDER_\courses\FinalPaper-RayTracing\Practical\FinalPaperRayTracer\OpenCLRayTracer\Include\OpenCLUtils\CLInterface.h(157): warning C4003: not enough actual parameters for macro 'FILL_ERRATA'
     1>E:\DESKTOP_FOLDER_\courses\FinalPaper-RayTracing\Practical\FinalPaperRayTracer\OpenCLRayTracer\Include\OpenCLUtils\CLInterface.h(166): warning C4003: not enough actual parameters for macro 'FILL_ERRATA'
     1>E:\DESKTOP_FOLDER_\courses\FinalPaper-RayTracing\Practical\FinalPaperRayTracer\OpenCLRayTracer\Include\OpenCLUtils\CLInterface.h(183): warning C4003: not enough actual parameters for macro 'FILL_ERRATA'
     1>E:\DESKTOP_FOLDER_\courses\FinalPaper-RayTracing\Practical\FinalPaperRayTracer\OpenCLRayTracer\Include\OpenCLUtils\CLInterface.h(191): warning C4003: not enough actual parameters for macro 'FILL_ERRATA'
     1>E:\DESKTOP_FOLDER_\courses\FinalPaper-RayTracing\Practical\FinalPaperRayTracer\OpenCLRayTracer\Include\OpenCLUtils\CLInterface.h(199): warning C4003: not enough actual parameters for macro 'FILL_ERRATA'
     1>E:\DESKTOP_FOLDER_\courses\FinalPaper-RayTracing\Practical\FinalPaperRayTracer\OpenCLRayTracer\Include\OpenCLUtils\CLInterface.h(207): warning C4003: not enough actual parameters for macro 'FILL_ERRATA'
     1>E:\DESKTOP_FOLDER_\courses\FinalPaper-RayTracing\Practical\FinalPaperRayTracer\OpenCLRayTracer\Include\OpenCLUtils\CLInterface.h(215): warning C4003: not enough actual parameters for macro 'FILL_ERRATA'
     1>E:\DESKTOP_FOLDER_\courses\FinalPaper-RayTracing\Practical\FinalPaperRayTracer\OpenCLRayTracer\Include\OpenCLUtils\CLInterface.h(224): warning C4003: not enough actual parameters for macro 'FILL_ERRATA'
     1>E:\DESKTOP_FOLDER_\courses\FinalPaper-RayTracing\Practical\FinalPaperRayTracer\OpenCLRayTracer\Include\OpenCLUtils\CLInterface.h(233): warning C4003: not enough actual parameters for macro 'FILL_ERRATA'
     1>E:\DESKTOP_FOLDER_\courses\FinalPaper-RayTracing\Practical\FinalPaperRayTracer\OpenCLRayTracer\Include\OpenCLUtils\CLInterface.h(242): warning C4003: not enough actual parameters for macro 'FILL_ERRATA'
     1>E:\DESKTOP_FOLDER_\courses\FinalPaper-RayTracing\Practical\FinalPaperRayTracer\OpenCLRayTracer\Include\OpenCLUtils\CLInterface.h(260): warning C4003: not enough actual parameters for macro 'FILL_ERRATA'
     1>E:\DESKTOP_FOLDER_\courses\FinalPaper-RayTracing\Practical\FinalPaperRayTracer\OpenCLRayTracer\Include\OpenCLUtils\CLInterface.h(268): warning C4003: not enough actual parameters for macro 'FILL_ERRATA'
     1>E:\DESKTOP_FOLDER_\courses\FinalPaper-RayTracing\Practical\FinalPaperRayTracer\OpenCLRayTracer\Include\OpenCLUtils\CLInterface.h(276): warning C4003: not enough actual parameters for macro 'FILL_ERRATA'
     1>E:\DESKTOP_FOLDER_\courses\FinalPaper-RayTracing\Practical\FinalPaperRayTracer\OpenCLRayTracer\Include\OpenCLUtils\CLInterface.h(284): warning C4003: not enough actual parameters for macro 'FILL_ERRATA'
     1>E:\DESKTOP_FOLDER_\courses\FinalPaper-RayTracing\Practical\FinalPaperRayTracer\OpenCLRayTracer\Include\OpenCLUtils\CLInterface.h(292): warning C4003: not enough actual parameters for macro 'FILL_ERRATA'
     1>E:\DESKTOP_FOLDER_\courses\FinalPaper-RayTracing\Practical\FinalPaperRayTracer\OpenCLRayTracer\Include\OpenCLUtils\CLInterface.h(300): warning C4003: not enough actual parameters for macro 'FILL_ERRATA'
     1>E:\DESKTOP_FOLDER_\courses\FinalPaper-RayTracing\Practical\FinalPaperRayTracer\OpenCLRayTracer\Include\OpenCLUtils\CLInterface.h(308): warning C4003: not enough actual parameters for macro 'FILL_ERRATA'
     1>E:\DESKTOP_FOLDER_\courses\FinalPaper-RayTracing\Practical\FinalPaperRayTracer\OpenCLRayTracer\Include\OpenCLUtils\CLInterface.h(316): warning C4003: not enough actual parameters for macro 'FILL_ERRATA'
     1>E:\DESKTOP_FOLDER_\courses\FinalPaper-RayTracing\Practical\FinalPaperRayTracer\OpenCLRayTracer\Include\OpenCLUtils\CLInterface.h(325): warning C4003: not enough actual parameters for macro 'FILL_ERRATA'
     1>E:\DESKTOP_FOLDER_\courses\FinalPaper-RayTracing\Practical\FinalPaperRayTracer\OpenCLRayTracer\Include\OpenCLUtils\CLInterface.h(343): warning C4003: not enough actual parameters for macro 'FILL_ERRATA'
     1>E:\DESKTOP_FOLDER_\courses\FinalPaper-RayTracing\Practical\FinalPaperRayTracer\OpenCLRayTracer\Include\OpenCLUtils\CLInterface.h(351): warning C4003: not enough actual parameters for macro 'FILL_ERRATA'
     1>E:\DESKTOP_FOLDER_\courses\FinalPaper-RayTracing\Practical\FinalPaperRayTracer\OpenCLRayTracer\Include\OpenCLUtils\CLInterface.h(365): warning C4003: not enough actual parameters for macro 'FILL_ERRATA'
     1>E:\DESKTOP_FOLDER_\courses\FinalPaper-RayTracing\Practical\FinalPaperRayTracer\OpenCLRayTracer\Include\OpenCLUtils\CLInterface.h(399): warning C4003: not enough actual parameters for macro 'FILL_ERRATA'
     1>E:\DESKTOP_FOLDER_\courses\FinalPaper-RayTracing\Practical\FinalPaperRayTracer\OpenCLRayTracer\Include\OpenCLUtils\CLInterface.h(408): warning C4003: not enough actual parameters for macro 'FILL_ERRATA'
     1>E:\DESKTOP_FOLDER_\courses\FinalPaper-RayTracing\Practical\FinalPaperRayTracer\OpenCLRayTracer\Include\OpenCLUtils\CLInterface.h(417): warning C4003: not enough actual parameters for macro 'FILL_ERRATA'
     1>E:\DESKTOP_FOLDER_\courses\FinalPaper-RayTracing\Practical\FinalPaperRayTracer\OpenCLRayTracer\Include\OpenCLUtils\CLInterface.h(437): warning C4003: not enough actual parameters for macro 'FILL_ERRATA'
     1>E:\DESKTOP_FOLDER_\courses\FinalPaper-RayTracing\Practical\FinalPaperRayTracer\OpenCLRayTracer\Include\OpenCLUtils\CLInterface.h(446): warning C4003: not enough actual parameters for macro 'FILL_ERRATA'
     1>E:\DESKTOP_FOLDER_\courses\FinalPaper-RayTracing\Practical\FinalPaperRayTracer\OpenCLRayTracer\Include\OpenCLUtils\CLInterface.h(455): warning C4003: not enough actual parameters for macro 'FILL_ERRATA'
     1>E:\DESKTOP_FOLDER_\courses\FinalPaper-RayTracing\Practical\FinalPaperRayTracer\OpenCLRayTracer\Include\OpenCLUtils\CLInterface.h(464): warning C4003: not enough actual parameters for macro 'FILL_ERRATA'
     1>E:\DESKTOP_FOLDER_\courses\FinalPaper-RayTracing\Practical\FinalPaperRayTracer\OpenCLRayTracer\Include\OpenCLUtils\CLInterface.h(473): warning C4003: not enough actual parameters for macro 'FILL_ERRATA'
     1>E:\DESKTOP_FOLDER_\courses\FinalPaper-RayTracing\Practical\FinalPaperRayTracer\OpenCLRayTracer\Include\OpenCLUtils\CLInterface.h(482): warning C4003: not enough actual parameters for macro 'FILL_ERRATA'
     1>E:\DESKTOP_FOLDER_\courses\FinalPaper-RayTracing\Practical\FinalPaperRayTracer\OpenCLRayTracer\Include\OpenCLUtils\CLInterface.h(531): warning C4003: not enough actual parameters for macro 'FILL_ERRATA'
     1>E:\DESKTOP_FOLDER_\courses\FinalPaper-RayTracing\Practical\FinalPaperRayTracer\OpenCLRayTracer\Include\OpenCLUtils\CLInterface.h(539): warning C4003: not enough actual parameters for macro 'FILL_ERRATA'
     1>E:\DESKTOP_FOLDER_\courses\FinalPaper-RayTracing\Practical\FinalPaperRayTracer\OpenCLRayTracer\Include\OpenCLUtils\CLInterface.h(547): warning C4003: not enough actual parameters for macro 'FILL_ERRATA'
     1>E:\DESKTOP_FOLDER_\courses\FinalPaper-RayTracing\Practical\FinalPaperRayTracer\OpenCLRayTracer\Include\OpenCLUtils\CLInterface.h(555): warning C4003: not enough actual parameters for macro 'FILL_ERRATA'
     1>E:\DESKTOP_FOLDER_\courses\FinalPaper-RayTracing\Practical\FinalPaperRayTracer\OpenCLRayTracer\Include\OpenCLUtils\CLInterface.h(563): warning C4003: not enough actual parameters for macro 'FILL_ERRATA'
     1>E:\DESKTOP_FOLDER_\courses\FinalPaper-RayTracing\Practical\FinalPaperRayTracer\OpenCLRayTracer\Include\OpenCLUtils\CLInterface.h(571): warning C4003: not enough actual parameters for macro 'FILL_ERRATA'
     1>E:\DESKTOP_FOLDER_\courses\FinalPaper-RayTracing\Practical\FinalPaperRayTracer\OpenCLRayTracer\Include\OpenCLUtils\CLInterface.h(580): warning C4003: not enough actual parameters for macro 'FILL_ERRATA'
     1>E:\DESKTOP_FOLDER_\courses\FinalPaper-RayTracing\Practical\FinalPaperRayTracer\OpenCLRayTracer\Include\OpenCLUtils\CLInterface.h(588): warning C4003: not enough actual parameters for macro 'FILL_ERRATA'
     1>E:\DESKTOP_FOLDER_\courses\FinalPaper-RayTracing\Practical\FinalPaperRayTracer\OpenCLRayTracer\Include\OpenCLUtils\CLInterface.h(596): warning C4003: not enough actual parameters for macro 'FILL_ERRATA'
     1>E:\DESKTOP_FOLDER_\courses\FinalPaper-RayTracing\Practical\FinalPaperRayTracer\OpenCLRayTracer\Include\OpenCLUtils\CLInterface.h(604): warning C4003: not enough actual parameters for macro 'FILL_ERRATA'
     1>E:\DESKTOP_FOLDER_\courses\FinalPaper-RayTracing\Practical\FinalPaperRayTracer\OpenCLRayTracer\Include\OpenCLUtils\CLInterface.h(612): warning C4003: not enough actual parameters for macro 'FILL_ERRATA'
     1>E:\DESKTOP_FOLDER_\courses\FinalPaper-RayTracing\Practical\FinalPaperRayTracer\OpenCLRayTracer\Include\OpenCLUtils\CLInterface.h(621): warning C4003: not enough actual parameters for macro 'FILL_ERRATA'
     1>E:\DESKTOP_FOLDER_\courses\FinalPaper-RayTracing\Practical\FinalPaperRayTracer\OpenCLRayTracer\Include\OpenCLUtils\CLInterface.h(681): warning C4018: '<' : signed/unsigned mismatch
     1>E:\DESKTOP_FOLDER_\courses\FinalPaper-RayTracing\Practical\FinalPaperRayTracer\OpenCLRayTracer\Include\OpenCLUtils\CLInterface.h(745): warning C4018: '>' : signed/unsigned mismatch
     1>E:\DESKTOP_FOLDER_\courses\FinalPaper-RayTracing\Practical\FinalPaperRayTracer\OpenCLRayTracer\Include\OpenCLUtils\CLInterface.h(767): warning C4018: '<' : signed/unsigned mismatch
     1>E:\DESKTOP_FOLDER_\courses\FinalPaper-RayTracing\Practical\FinalPaperRayTracer\OpenCLRayTracer\Include\CLData\CLPortability.h(87): warning C4005: 'CL_FLOAT' : macro redefinition
                 C:\Program Files (x86)\AMD APP SDK\3.0\include\CL\cl.h(437) : see previous definition of 'CL_FLOAT'
     1>E:\DESKTOP_FOLDER_\courses\FinalPaper-RayTracing\Practical\FinalPaperRayTracer\OpenCLRayTracer\Include\CLData\CLPortability.h(93): warning C4005: 'CL_GLOBAL' : macro redefinition
                 C:\Program Files (x86)\AMD APP SDK\3.0\include\CL\cl.h(332) : see previous definition of 'CL_GLOBAL'
     1>E:\DESKTOP_FOLDER_\courses\FinalPaper-RayTracing\Practical\FinalPaperRayTracer\OpenCLRayTracer\Include\CLData\CLPortability.h(94): warning C4005: 'CL_LOCAL' : macro redefinition
                 C:\Program Files (x86)\AMD APP SDK\3.0\include\CL\cl.h(331) : see previous definition of 'CL_LOCAL'
     1>E:\DESKTOP_FOLDER_\courses\FinalPaper-RayTracing\Practical\FinalPaperRayTracer\OpenCLRayTracer\Include\CLData\CLPortability.h(380): warning C4244: '=' : conversion from 'cl_float' to 'cl_uint', possible loss of data
     1>E:\DESKTOP_FOLDER_\courses\FinalPaper-RayTracing\Practical\FinalPaperRayTracer\OpenCLRayTracer\Include\CLData\CLPortability.h(381): warning C4244: '=' : conversion from 'cl_float' to 'cl_uint', possible loss of data
     1>E:\DESKTOP_FOLDER_\courses\FinalPaper-RayTracing\Practical\FinalPaperRayTracer\OpenCLRayTracer\Include\CLData\CLPortability.h(382): warning C4244: '=' : conversion from 'cl_float' to 'cl_uint', possible loss of data
     1>E:\DESKTOP_FOLDER_\courses\FinalPaper-RayTracing\Practical\FinalPaperRayTracer\OpenCLRayTracer\Include\CLData\CLPortability.h(389): warning C4244: '=' : conversion from 'cl_uint' to 'cl_float', possible loss of data
     1>E:\DESKTOP_FOLDER_\courses\FinalPaper-RayTracing\Practical\FinalPaperRayTracer\OpenCLRayTracer\Include\CLData\CLPortability.h(390): warning C4244: '=' : conversion from 'cl_uint' to 'cl_float', possible loss of data
     1>E:\DESKTOP_FOLDER_\courses\FinalPaper-RayTracing\Practical\FinalPaperRayTracer\OpenCLRayTracer\Include\CLData\CLPortability.h(391): warning C4244: '=' : conversion from 'cl_uint' to 'cl_float', possible loss of data
     1>E:\DESKTOP_FOLDER_\courses\FinalPaper-RayTracing\Practical\FinalPaperRayTracer\OpenCLRayTracer\Include\CLData\RTKernelUtils.h(166): warning C4334: '<<' : result of 32-bit shift implicitly converted to 64 bits (was 64-bit shift intended?)
     1>BitonicSort.cpp(120): warning C4018: '<' : signed/unsigned mismatch
         BVHManager.cpp
     1>E:\DESKTOP_FOLDER_\courses\FinalPaper-RayTracing\Practical\FinalPaperRayTracer\OpenCLRayTracer\Include\common/Errata.h(38): warning C4005: 'FILL_ERRATA' : macro redefinition
                 E:\DESKTOP_FOLDER_\courses\FinalPaper-RayTracing\Practical\FinalPaperRayTracer\OpenCLRayTracer\Include\common/Errata.h(36) : see previous definition of 'FILL_ERRATA'
     1>E:\DESKTOP_FOLDER_\courses\FinalPaper-RayTracing\Practical\FinalPaperRayTracer\OpenCLRayTracer\Include\OpenCLUtils\CLInterface.h(94): warning C4003: not enough actual parameters for macro 'FILL_ERRATA'
     1>E:\DESKTOP_FOLDER_\courses\FinalPaper-RayTracing\Practical\FinalPaperRayTracer\OpenCLRayTracer\Include\OpenCLUtils\CLInterface.h(103): warning C4003: not enough actual parameters for macro 'FILL_ERRATA'
     1>E:\DESKTOP_FOLDER_\courses\FinalPaper-RayTracing\Practical\FinalPaperRayTracer\OpenCLRayTracer\Include\OpenCLUtils\CLInterface.h(112): warning C4003: not enough actual parameters for macro 'FILL_ERRATA'
     1>E:\DESKTOP_FOLDER_\courses\FinalPaper-RayTracing\Practical\FinalPaperRayTracer\OpenCLRayTracer\Include\OpenCLUtils\CLInterface.h(121): warning C4003: not enough actual parameters for macro 'FILL_ERRATA'
     1>E:\DESKTOP_FOLDER_\courses\FinalPaper-RayTracing\Practical\FinalPaperRayTracer\OpenCLRayTracer\Include\OpenCLUtils\CLInterface.h(130): warning C4003: not enough actual parameters for macro 'FILL_ERRATA'
     1>E:\DESKTOP_FOLDER_\courses\FinalPaper-RayTracing\Practical\FinalPaperRayTracer\OpenCLRayTracer\Include\OpenCLUtils\CLInterface.h(139): warning C4003: not enough actual parameters for macro 'FILL_ERRATA'
     1>E:\DESKTOP_FOLDER_\courses\FinalPaper-RayTracing\Practical\FinalPaperRayTracer\OpenCLRayTracer\Include\OpenCLUtils\CLInterface.h(148): warning C4003: not enough actual parameters for macro 'FILL_ERRATA'
     1>E:\DESKTOP_FOLDER_\courses\FinalPaper-RayTracing\Practical\FinalPaperRayTracer\OpenCLRayTracer\Include\OpenCLUtils\CLInterface.h(157): warning C4003: not enough actual parameters for macro 'FILL_ERRATA'
     1>E:\DESKTOP_FOLDER_\courses\FinalPaper-RayTracing\Practical\FinalPaperRayTracer\OpenCLRayTracer\Include\OpenCLUtils\CLInterface.h(166): warning C4003: not enough actual parameters for macro 'FILL_ERRATA'
     1>E:\DESKTOP_FOLDER_\courses\FinalPaper-RayTracing\Practical\FinalPaperRayTracer\OpenCLRayTracer\Include\OpenCLUtils\CLInterface.h(183): warning C4003: not enough actual parameters for macro 'FILL_ERRATA'
     1>E:\DESKTOP_FOLDER_\courses\FinalPaper-RayTracing\Practical\FinalPaperRayTracer\OpenCLRayTracer\Include\OpenCLUtils\CLInterface.h(191): warning C4003: not enough actual parameters for macro 'FILL_ERRATA'
     1>E:\DESKTOP_FOLDER_\courses\FinalPaper-RayTracing\Practical\FinalPaperRayTracer\OpenCLRayTracer\Include\OpenCLUtils\CLInterface.h(199): warning C4003: not enough actual parameters for macro 'FILL_ERRATA'
     1>E:\DESKTOP_FOLDER_\courses\FinalPaper-RayTracing\Practical\FinalPaperRayTracer\OpenCLRayTracer\Include\OpenCLUtils\CLInterface.h(207): warning C4003: not enough actual parameters for macro 'FILL_ERRATA'
     1>E:\DESKTOP_FOLDER_\courses\FinalPaper-RayTracing\Practical\FinalPaperRayTracer\OpenCLRayTracer\Include\OpenCLUtils\CLInterface.h(215): warning C4003: not enough actual parameters for macro 'FILL_ERRATA'
     1>E:\DESKTOP_FOLDER_\courses\FinalPaper-RayTracing\Practical\FinalPaperRayTracer\OpenCLRayTracer\Include\OpenCLUtils\CLInterface.h(224): warning C4003: not enough actual parameters for macro 'FILL_ERRATA'
     1>E:\DESKTOP_FOLDER_\courses\FinalPaper-RayTracing\Practical\FinalPaperRayTracer\OpenCLRayTracer\Include\OpenCLUtils\CLInterface.h(233): warning C4003: not enough actual parameters for macro 'FILL_ERRATA'
     1>E:\DESKTOP_FOLDER_\courses\FinalPaper-RayTracing\Practical\FinalPaperRayTracer\OpenCLRayTracer\Include\OpenCLUtils\CLInterface.h(242): warning C4003: not enough actual parameters for macro 'FILL_ERRATA'
     1>E:\DESKTOP_FOLDER_\courses\FinalPaper-RayTracing\Practical\FinalPaperRayTracer\OpenCLRayTracer\Include\OpenCLUtils\CLInterface.h(260): warning C4003: not enough actual parameters for macro 'FILL_ERRATA'
     1>E:\DESKTOP_FOLDER_\courses\FinalPaper-RayTracing\Practical\FinalPaperRayTracer\OpenCLRayTracer\Include\OpenCLUtils\CLInterface.h(268): warning C4003: not enough actual parameters for macro 'FILL_ERRATA'
     1>E:\DESKTOP_FOLDER_\courses\FinalPaper-RayTracing\Practical\FinalPaperRayTracer\OpenCLRayTracer\Include\OpenCLUtils\CLInterface.h(276): warning C4003: not enough actual parameters for macro 'FILL_ERRATA'
     1>E:\DESKTOP_FOLDER_\courses\FinalPaper-RayTracing\Practical\FinalPaperRayTracer\OpenCLRayTracer\Include\OpenCLUtils\CLInterface.h(284): warning C4003: not enough actual parameters for macro 'FILL_ERRATA'
     1>E:\DESKTOP_FOLDER_\courses\FinalPaper-RayTracing\Practical\FinalPaperRayTracer\OpenCLRayTracer\Include\OpenCLUtils\CLInterface.h(292): warning C4003: not enough actual parameters for macro 'FILL_ERRATA'
     1>E:\DESKTOP_FOLDER_\courses\FinalPaper-RayTracing\Practical\FinalPaperRayTracer\OpenCLRayTracer\Include\OpenCLUtils\CLInterface.h(300): warning C4003: not enough actual parameters for macro 'FILL_ERRATA'
     1>E:\DESKTOP_FOLDER_\courses\FinalPaper-RayTracing\Practical\FinalPaperRayTracer\OpenCLRayTracer\Include\OpenCLUtils\CLInterface.h(308): warning C4003: not enough actual parameters for macro 'FILL_ERRATA'
     1>E:\DESKTOP_FOLDER_\courses\FinalPaper-RayTracing\Practical\FinalPaperRayTracer\OpenCLRayTracer\Include\OpenCLUtils\CLInterface.h(316): warning C4003: not enough actual parameters for macro 'FILL_ERRATA'
     1>E:\DESKTOP_FOLDER_\courses\FinalPaper-RayTracing\Practical\FinalPaperRayTracer\OpenCLRayTracer\Include\OpenCLUtils\CLInterface.h(325): warning C4003: not enough actual parameters for macro 'FILL_ERRATA'
     1>E:\DESKTOP_FOLDER_\courses\FinalPaper-RayTracing\Practical\FinalPaperRayTracer\OpenCLRayTracer\Include\OpenCLUtils\CLInterface.h(343): warning C4003: not enough actual parameters for macro 'FILL_ERRATA'
     1>E:\DESKTOP_FOLDER_\courses\FinalPaper-RayTracing\Practical\FinalPaperRayTracer\OpenCLRayTracer\Include\OpenCLUtils\CLInterface.h(351): warning C4003: not enough actual parameters for macro 'FILL_ERRATA'
     1>E:\DESKTOP_FOLDER_\courses\FinalPaper-RayTracing\Practical\FinalPaperRayTracer\OpenCLRayTracer\Include\OpenCLUtils\CLInterface.h(365): warning C4003: not enough actual parameters for macro 'FILL_ERRATA'
     1>E:\DESKTOP_FOLDER_\courses\FinalPaper-RayTracing\Practical\FinalPaperRayTracer\OpenCLRayTracer\Include\OpenCLUtils\CLInterface.h(399): warning C4003: not enough actual parameters for macro 'FILL_ERRATA'
     1>E:\DESKTOP_FOLDER_\courses\FinalPaper-RayTracing\Practical\FinalPaperRayTracer\OpenCLRayTracer\Include\OpenCLUtils\CLInterface.h(408): warning C4003: not enough actual parameters for macro 'FILL_ERRATA'
     1>E:\DESKTOP_FOLDER_\courses\FinalPaper-RayTracing\Practical\FinalPaperRayTracer\OpenCLRayTracer\Include\OpenCLUtils\CLInterface.h(417): warning C4003: not enough actual parameters for macro 'FILL_ERRATA'
     1>E:\DESKTOP_FOLDER_\courses\FinalPaper-RayTracing\Practical\FinalPaperRayTracer\OpenCLRayTracer\Include\OpenCLUtils\CLInterface.h(437): warning C4003: not enough actual parameters for macro 'FILL_ERRATA'
     1>E:\DESKTOP_FOLDER_\courses\FinalPaper-RayTracing\Practical\FinalPaperRayTracer\OpenCLRayTracer\Include\OpenCLUtils\CLInterface.h(446): warning C4003: not enough actual parameters for macro 'FILL_ERRATA'
     1>E:\DESKTOP_FOLDER_\courses\FinalPaper-RayTracing\Practical\FinalPaperRayTracer\OpenCLRayTracer\Include\OpenCLUtils\CLInterface.h(455): warning C4003: not enough actual parameters for macro 'FILL_ERRATA'
     1>E:\DESKTOP_FOLDER_\courses\FinalPaper-RayTracing\Practical\FinalPaperRayTracer\OpenCLRayTracer\Include\OpenCLUtils\CLInterface.h(464): warning C4003: not enough actual parameters for macro 'FILL_ERRATA'
     1>E:\DESKTOP_FOLDER_\courses\FinalPaper-RayTracing\Practical\FinalPaperRayTracer\OpenCLRayTracer\Include\OpenCLUtils\CLInterface.h(473): warning C4003: not enough actual parameters for macro 'FILL_ERRATA'
     1>E:\DESKTOP_FOLDER_\courses\FinalPaper-RayTracing\Practical\FinalPaperRayTracer\OpenCLRayTracer\Include\OpenCLUtils\CLInterface.h(482): warning C4003: not enough actual parameters for macro 'FILL_ERRATA'
     1>E:\DESKTOP_FOLDER_\courses\FinalPaper-RayTracing\Practical\FinalPaperRayTracer\OpenCLRayTracer\Include\OpenCLUtils\CLInterface.h(531): warning C4003: not enough actual parameters for macro 'FILL_ERRATA'
     1>E:\DESKTOP_FOLDER_\courses\FinalPaper-RayTracing\Practical\FinalPaperRayTracer\OpenCLRayTracer\Include\OpenCLUtils\CLInterface.h(539): warning C4003: not enough actual parameters for macro 'FILL_ERRATA'
     1>E:\DESKTOP_FOLDER_\courses\FinalPaper-RayTracing\Practical\FinalPaperRayTracer\OpenCLRayTracer\Include\OpenCLUtils\CLInterface.h(547): warning C4003: not enough actual parameters for macro 'FILL_ERRATA'
     1>E:\DESKTOP_FOLDER_\courses\FinalPaper-RayTracing\Practical\FinalPaperRayTracer\OpenCLRayTracer\Include\OpenCLUtils\CLInterface.h(555): warning C4003: not enough actual parameters for macro 'FILL_ERRATA'
     1>E:\DESKTOP_FOLDER_\courses\FinalPaper-RayTracing\Practical\FinalPaperRayTracer\OpenCLRayTracer\Include\OpenCLUtils\CLInterface.h(563): warning C4003: not enough actual parameters for macro 'FILL_ERRATA'
     1>E:\DESKTOP_FOLDER_\courses\FinalPaper-RayTracing\Practical\FinalPaperRayTracer\OpenCLRayTracer\Include\OpenCLUtils\CLInterface.h(571): warning C4003: not enough actual parameters for macro 'FILL_ERRATA'
     1>E:\DESKTOP_FOLDER_\courses\FinalPaper-RayTracing\Practical\FinalPaperRayTracer\OpenCLRayTracer\Include\OpenCLUtils\CLInterface.h(580): warning C4003: not enough actual parameters for macro 'FILL_ERRATA'
     1>E:\DESKTOP_FOLDER_\courses\FinalPaper-RayTracing\Practical\FinalPaperRayTracer\OpenCLRayTracer\Include\OpenCLUtils\CLInterface.h(588): warning C4003: not enough actual parameters for macro 'FILL_ERRATA'
     1>E:\DESKTOP_FOLDER_\courses\FinalPaper-RayTracing\Practical\FinalPaperRayTracer\OpenCLRayTracer\Include\OpenCLUtils\CLInterface.h(596): warning C4003: not enough actual parameters for macro 'FILL_ERRATA'
     1>E:\DESKTOP_FOLDER_\courses\FinalPaper-RayTracing\Practical\FinalPaperRayTracer\OpenCLRayTracer\Include\OpenCLUtils\CLInterface.h(604): warning C4003: not enough actual parameters for macro 'FILL_ERRATA'
     1>E:\DESKTOP_FOLDER_\courses\FinalPaper-RayTracing\Practical\FinalPaperRayTracer\OpenCLRayTracer\Include\OpenCLUtils\CLInterface.h(612): warning C4003: not enough actual parameters for macro 'FILL_ERRATA'
     1>E:\DESKTOP_FOLDER_\courses\FinalPaper-RayTracing\Practical\FinalPaperRayTracer\OpenCLRayTracer\Include\OpenCLUtils\CLInterface.h(621): warning C4003: not enough actual parameters for macro 'FILL_ERRATA'
     1>E:\DESKTOP_FOLDER_\courses\FinalPaper-RayTracing\Practical\FinalPaperRayTracer\OpenCLRayTracer\Include\OpenCLUtils\CLInterface.h(681): warning C4018: '<' : signed/unsigned mismatch
     1>E:\DESKTOP_FOLDER_\courses\FinalPaper-RayTracing\Practical\FinalPaperRayTracer\OpenCLRayTracer\Include\OpenCLUtils\CLInterface.h(745): warning C4018: '>' : signed/unsigned mismatch
     1>E:\DESKTOP_FOLDER_\courses\FinalPaper-RayTracing\Practical\FinalPaperRayTracer\OpenCLRayTracer\Include\OpenCLUtils\CLInterface.h(767): warning C4018: '<' : signed/unsigned mismatch
     1>E:\DESKTOP_FOLDER_\courses\FinalPaper-RayTracing\Practical\FinalPaperRayTracer\OpenCLRayTracer\Include\CLData\CLPortability.h(87): warning C4005: 'CL_FLOAT' : macro redefinition
                 C:\Program Files (x86)\AMD APP SDK\3.0\include\CL\cl.h(437) : see previous definition of 'CL_FLOAT'
     1>E:\DESKTOP_FOLDER_\courses\FinalPaper-RayTracing\Practical\FinalPaperRayTracer\OpenCLRayTracer\Include\CLData\CLPortability.h(93): warning C4005: 'CL_GLOBAL' : macro redefinition
                 C:\Program Files (x86)\AMD APP SDK\3.0\include\CL\cl.h(332) : see previous definition of 'CL_GLOBAL'
     1>E:\DESKTOP_FOLDER_\courses\FinalPaper-RayTracing\Practical\FinalPaperRayTracer\OpenCLRayTracer\Include\CLData\CLPortability.h(94): warning C4005: 'CL_LOCAL' : macro redefinition
                 C:\Program Files (x86)\AMD APP SDK\3.0\include\CL\cl.h(331) : see previous definition of 'CL_LOCAL'
     1>E:\DESKTOP_FOLDER_\courses\FinalPaper-RayTracing\Practical\FinalPaperRayTracer\OpenCLRayTracer\Include\CLData\CLPortability.h(380): warning C4244: '=' : conversion from 'cl_float' to 'cl_uint', possible loss of data
     1>E:\DESKTOP_FOLDER_\courses\FinalPaper-RayTracing\Practical\FinalPaperRayTracer\OpenCLRayTracer\Include\CLData\CLPortability.h(381): warning C4244: '=' : conversion from 'cl_float' to 'cl_uint', possible loss of data
     1>E:\DESKTOP_FOLDER_\courses\FinalPaper-RayTracing\Practical\FinalPaperRayTracer\OpenCLRayTracer\Include\CLData\CLPortability.h(382): warning C4244: '=' : conversion from 'cl_float' to 'cl_uint', possible loss of data
     1>E:\DESKTOP_FOLDER_\courses\FinalPaper-RayTracing\Practical\FinalPaperRayTracer\OpenCLRayTracer\Include\CLData\CLPortability.h(389): warning C4244: '=' : conversion from 'cl_uint' to 'cl_float', possible loss of data
     1>E:\DESKTOP_FOLDER_\courses\FinalPaper-RayTracing\Practical\FinalPaperRayTracer\OpenCLRayTracer\Include\CLData\CLPortability.h(390): warning C4244: '=' : conversion from 'cl_uint' to 'cl_float', possible loss of data
     1>E:\DESKTOP_FOLDER_\courses\FinalPaper-RayTracing\Practical\FinalPaperRayTracer\OpenCLRayTracer\Include\CLData\CLPortability.h(391): warning C4244: '=' : conversion from 'cl_uint' to 'cl_float', possible loss of data
     1>E:\DESKTOP_FOLDER_\courses\FinalPaper-RayTracing\Practical\FinalPaperRayTracer\OpenCLRayTracer\Include\CLData/RTKernelUtils.h(166): warning C4334: '<<' : result of 32-bit shift implicitly converted to 64 bits (was 64-bit shift intended?)
     1>E:\DESKTOP_FOLDER_\courses\FinalPaper-RayTracing\Practical\FinalPaperRayTracer\OpenCLRayTracer\Include\CLData/SceneBufferParser.h(178): warning C4018: '<' : signed/unsigned mismatch
     1>E:\DESKTOP_FOLDER_\courses\FinalPaper-RayTracing\Practical\FinalPaperRayTracer\OpenCLRayTracer\Include\CLData/SceneBufferParser.h(192): warning C4018: '<' : signed/unsigned mismatch
     1>E:\DESKTOP_FOLDER_\courses\FinalPaper-RayTracing\Practical\FinalPaperRayTracer\OpenCLRayTracer\Include\CLData/SceneBufferParser.h(267): warning C4244: '+=' : conversion from 'cl_ulong' to 'int', possible loss of data
     1>E:\DESKTOP_FOLDER_\courses\FinalPaper-RayTracing\Practical\FinalPaperRayTracer\OpenCLRayTracer\Include\CLData/SceneBufferParser.h(268): warning C4018: '>' : signed/unsigned mismatch
     1>E:\DESKTOP_FOLDER_\courses\FinalPaper-RayTracing\Practical\FinalPaperRayTracer\OpenCLRayTracer\Include\CLData/SceneBufferParser.h(270): warning C4244: '-=' : conversion from 'cl_ulong' to 'int', possible loss of data
     1>E:\DESKTOP_FOLDER_\courses\FinalPaper-RayTracing\Practical\FinalPaperRayTracer\OpenCLRayTracer\Include\CLData/SceneBufferParser.h(279): warning C4244: '+=' : conversion from 'cl_ulong' to 'int', possible loss of data
     1>E:\DESKTOP_FOLDER_\courses\FinalPaper-RayTracing\Practical\FinalPaperRayTracer\OpenCLRayTracer\Include\CLData/SceneBufferParser.h(280): warning C4018: '>' : signed/unsigned mismatch
     1>E:\DESKTOP_FOLDER_\courses\FinalPaper-RayTracing\Practical\FinalPaperRayTracer\OpenCLRayTracer\Include\CLData/SceneBufferParser.h(283): warning C4244: '-=' : conversion from 'cl_ulong' to 'int', possible loss of data
     1>E:\DESKTOP_FOLDER_\courses\FinalPaper-RayTracing\Practical\FinalPaperRayTracer\OpenCLRayTracer\Include\CLData\AccelerationStructs\BVH.h(258): warning C4018: '>' : signed/unsigned mismatch
     1>E:\DESKTOP_FOLDER_\courses\FinalPaper-RayTracing\Practical\FinalPaperRayTracer\OpenCLRayTracer\Include\CLData\AccelerationStructs\BVH.h(395): warning C4244: '=' : conversion from 'cl_ulong' to 'cl_uint', possible loss of data
     1>E:\DESKTOP_FOLDER_\courses\FinalPaper-RayTracing\Practical\FinalPaperRayTracer\OpenCLRayTracer\Include\OpenCLUtils\CLExecutionContext.h(201): warning C4018: '<' : signed/unsigned mismatch
     1>E:\DESKTOP_FOLDER_\courses\FinalPaper-RayTracing\Practical\FinalPaperRayTracer\OpenCLRayTracer\Include\OpenCLUtils\CLExecutionContext.h(212): warning C4018: '<' : signed/unsigned mismatch
     1>E:\Visual Studio 2012\VC\include\xtree(1969): warning C4003: not enough actual parameters for macro 'type'
     1>E:\DESKTOP_FOLDER_\courses\FinalPaper-RayTracing\Practical\FinalPaperRayTracer\OpenCLRayTracer\Include\Testing\SortingTest.h(156): warning C4018: '<' : signed/unsigned mismatch
     1>BVHManager.cpp(67): warning C4244: 'argument' : conversion from 'cl_ulong' to 'size_t', possible loss of data
     1>BVHManager.cpp(125): warning C4244: '=' : conversion from 'cl_ulong' to 'cl_uint', possible loss of data
     1>BVHManager.cpp(129): warning C4244: '=' : conversion from 'cl_ulong' to 'cl_uint', possible loss of data
     1>BVHManager.cpp(134): warning C4244: 'argument' : conversion from 'cl_ulong' to 'size_t', possible loss of data
         PrefixSum.cpp
     1>E:\DESKTOP_FOLDER_\courses\FinalPaper-RayTracing\Practical\FinalPaperRayTracer\OpenCLRayTracer\Include\common/Errata.h(38): warning C4005: 'FILL_ERRATA' : macro redefinition
                 E:\DESKTOP_FOLDER_\courses\FinalPaper-RayTracing\Practical\FinalPaperRayTracer\OpenCLRayTracer\Include\common/Errata.h(36) : see previous definition of 'FILL_ERRATA'
     1>E:\DESKTOP_FOLDER_\courses\FinalPaper-RayTracing\Practical\FinalPaperRayTracer\OpenCLRayTracer\Include\OpenCLUtils\CLInterface.h(94): warning C4003: not enough actual parameters for macro 'FILL_ERRATA'
     1>E:\DESKTOP_FOLDER_\courses\FinalPaper-RayTracing\Practical\FinalPaperRayTracer\OpenCLRayTracer\Include\OpenCLUtils\CLInterface.h(103): warning C4003: not enough actual parameters for macro 'FILL_ERRATA'
     1>E:\DESKTOP_FOLDER_\courses\FinalPaper-RayTracing\Practical\FinalPaperRayTracer\OpenCLRayTracer\Include\OpenCLUtils\CLInterface.h(112): warning C4003: not enough actual parameters for macro 'FILL_ERRATA'
     1>E:\DESKTOP_FOLDER_\courses\FinalPaper-RayTracing\Practical\FinalPaperRayTracer\OpenCLRayTracer\Include\OpenCLUtils\CLInterface.h(121): warning C4003: not enough actual parameters for macro 'FILL_ERRATA'
     1>E:\DESKTOP_FOLDER_\courses\FinalPaper-RayTracing\Practical\FinalPaperRayTracer\OpenCLRayTracer\Include\OpenCLUtils\CLInterface.h(130): warning C4003: not enough actual parameters for macro 'FILL_ERRATA'
     1>E:\DESKTOP_FOLDER_\courses\FinalPaper-RayTracing\Practical\FinalPaperRayTracer\OpenCLRayTracer\Include\OpenCLUtils\CLInterface.h(139): warning C4003: not enough actual parameters for macro 'FILL_ERRATA'
     1>E:\DESKTOP_FOLDER_\courses\FinalPaper-RayTracing\Practical\FinalPaperRayTracer\OpenCLRayTracer\Include\OpenCLUtils\CLInterface.h(148): warning C4003: not enough actual parameters for macro 'FILL_ERRATA'
     1>E:\DESKTOP_FOLDER_\courses\FinalPaper-RayTracing\Practical\FinalPaperRayTracer\OpenCLRayTracer\Include\OpenCLUtils\CLInterface.h(157): warning C4003: not enough actual parameters for macro 'FILL_ERRATA'
     1>E:\DESKTOP_FOLDER_\courses\FinalPaper-RayTracing\Practical\FinalPaperRayTracer\OpenCLRayTracer\Include\OpenCLUtils\CLInterface.h(166): warning C4003: not enough actual parameters for macro 'FILL_ERRATA'
     1>E:\DESKTOP_FOLDER_\courses\FinalPaper-RayTracing\Practical\FinalPaperRayTracer\OpenCLRayTracer\Include\OpenCLUtils\CLInterface.h(183): warning C4003: not enough actual parameters for macro 'FILL_ERRATA'
     1>E:\DESKTOP_FOLDER_\courses\FinalPaper-RayTracing\Practical\FinalPaperRayTracer\OpenCLRayTracer\Include\OpenCLUtils\CLInterface.h(191): warning C4003: not enough actual parameters for macro 'FILL_ERRATA'
     1>E:\DESKTOP_FOLDER_\courses\FinalPaper-RayTracing\Practical\FinalPaperRayTracer\OpenCLRayTracer\Include\OpenCLUtils\CLInterface.h(199): warning C4003: not enough actual parameters for macro 'FILL_ERRATA'
     1>E:\DESKTOP_FOLDER_\courses\FinalPaper-RayTracing\Practical\FinalPaperRayTracer\OpenCLRayTracer\Include\OpenCLUtils\CLInterface.h(207): warning C4003: not enough actual parameters for macro 'FILL_ERRATA'
     1>E:\DESKTOP_FOLDER_\courses\FinalPaper-RayTracing\Practical\FinalPaperRayTracer\OpenCLRayTracer\Include\OpenCLUtils\CLInterface.h(215): warning C4003: not enough actual parameters for macro 'FILL_ERRATA'
     1>E:\DESKTOP_FOLDER_\courses\FinalPaper-RayTracing\Practical\FinalPaperRayTracer\OpenCLRayTracer\Include\OpenCLUtils\CLInterface.h(224): warning C4003: not enough actual parameters for macro 'FILL_ERRATA'
     1>E:\DESKTOP_FOLDER_\courses\FinalPaper-RayTracing\Practical\FinalPaperRayTracer\OpenCLRayTracer\Include\OpenCLUtils\CLInterface.h(233): warning C4003: not enough actual parameters for macro 'FILL_ERRATA'
     1>E:\DESKTOP_FOLDER_\courses\FinalPaper-RayTracing\Practical\FinalPaperRayTracer\OpenCLRayTracer\Include\OpenCLUtils\CLInterface.h(242): warning C4003: not enough actual parameters for macro 'FILL_ERRATA'
     1>E:\DESKTOP_FOLDER_\courses\FinalPaper-RayTracing\Practical\FinalPaperRayTracer\OpenCLRayTracer\Include\OpenCLUtils\CLInterface.h(260): warning C4003: not enough actual parameters for macro 'FILL_ERRATA'
     1>E:\DESKTOP_FOLDER_\courses\FinalPaper-RayTracing\Practical\FinalPaperRayTracer\OpenCLRayTracer\Include\OpenCLUtils\CLInterface.h(268): warning C4003: not enough actual parameters for macro 'FILL_ERRATA'
     1>E:\DESKTOP_FOLDER_\courses\FinalPaper-RayTracing\Practical\FinalPaperRayTracer\OpenCLRayTracer\Include\OpenCLUtils\CLInterface.h(276): warning C4003: not enough actual parameters for macro 'FILL_ERRATA'
     1>E:\DESKTOP_FOLDER_\courses\FinalPaper-RayTracing\Practical\FinalPaperRayTracer\OpenCLRayTracer\Include\OpenCLUtils\CLInterface.h(284): warning C4003: not enough actual parameters for macro 'FILL_ERRATA'
     1>E:\DESKTOP_FOLDER_\courses\FinalPaper-RayTracing\Practical\FinalPaperRayTracer\OpenCLRayTracer\Include\OpenCLUtils\CLInterface.h(292): warning C4003: not enough actual parameters for macro 'FILL_ERRATA'
     1>E:\DESKTOP_FOLDER_\courses\FinalPaper-RayTracing\Practical\FinalPaperRayTracer\OpenCLRayTracer\Include\OpenCLUtils\CLInterface.h(300): warning C4003: not enough actual parameters for macro 'FILL_ERRATA'
     1>E:\DESKTOP_FOLDER_\courses\FinalPaper-RayTracing\Practical\FinalPaperRayTracer\OpenCLRayTracer\Include\OpenCLUtils\CLInterface.h(308): warning C4003: not enough actual parameters for macro 'FILL_ERRATA'
     1>E:\DESKTOP_FOLDER_\courses\FinalPaper-RayTracing\Practical\FinalPaperRayTracer\OpenCLRayTracer\Include\OpenCLUtils\CLInterface.h(316): warning C4003: not enough actual parameters for macro 'FILL_ERRATA'
     1>E:\DESKTOP_FOLDER_\courses\FinalPaper-RayTracing\Practical\FinalPaperRayTracer\OpenCLRayTracer\Include\OpenCLUtils\CLInterface.h(325): warning C4003: not enough actual parameters for macro 'FILL_ERRATA'
     1>E:\DESKTOP_FOLDER_\courses\FinalPaper-RayTracing\Practical\FinalPaperRayTracer\OpenCLRayTracer\Include\OpenCLUtils\CLInterface.h(343): warning C4003: not enough actual parameters for macro 'FILL_ERRATA'
     1>E:\DESKTOP_FOLDER_\courses\FinalPaper-RayTracing\Practical\FinalPaperRayTracer\OpenCLRayTracer\Include\OpenCLUtils\CLInterface.h(351): warning C4003: not enough actual parameters for macro 'FILL_ERRATA'
     1>E:\DESKTOP_FOLDER_\courses\FinalPaper-RayTracing\Practical\FinalPaperRayTracer\OpenCLRayTracer\Include\OpenCLUtils\CLInterface.h(365): warning C4003: not enough actual parameters for macro 'FILL_ERRATA'
     1>E:\DESKTOP_FOLDER_\courses\FinalPaper-RayTracing\Practical\FinalPaperRayTracer\OpenCLRayTracer\Include\OpenCLUtils\CLInterface.h(399): warning C4003: not enough actual parameters for macro 'FILL_ERRATA'
     1>E:\DESKTOP_FOLDER_\courses\FinalPaper-RayTracing\Practical\FinalPaperRayTracer\OpenCLRayTracer\Include\OpenCLUtils\CLInterface.h(408): warning C4003: not enough actual parameters for macro 'FILL_ERRATA'
     1>E:\DESKTOP_FOLDER_\courses\FinalPaper-RayTracing\Practical\FinalPaperRayTracer\OpenCLRayTracer\Include\OpenCLUtils\CLInterface.h(417): warning C4003: not enough actual parameters for macro 'FILL_ERRATA'
     1>E:\DESKTOP_FOLDER_\courses\FinalPaper-RayTracing\Practical\FinalPaperRayTracer\OpenCLRayTracer\Include\OpenCLUtils\CLInterface.h(437): warning C4003: not enough actual parameters for macro 'FILL_ERRATA'
     1>E:\DESKTOP_FOLDER_\courses\FinalPaper-RayTracing\Practical\FinalPaperRayTracer\OpenCLRayTracer\Include\OpenCLUtils\CLInterface.h(446): warning C4003: not enough actual parameters for macro 'FILL_ERRATA'
     1>E:\DESKTOP_FOLDER_\courses\FinalPaper-RayTracing\Practical\FinalPaperRayTracer\OpenCLRayTracer\Include\OpenCLUtils\CLInterface.h(455): warning C4003: not enough actual parameters for macro 'FILL_ERRATA'
     1>E:\DESKTOP_FOLDER_\courses\FinalPaper-RayTracing\Practical\FinalPaperRayTracer\OpenCLRayTracer\Include\OpenCLUtils\CLInterface.h(464): warning C4003: not enough actual parameters for macro 'FILL_ERRATA'
     1>E:\DESKTOP_FOLDER_\courses\FinalPaper-RayTracing\Practical\FinalPaperRayTracer\OpenCLRayTracer\Include\OpenCLUtils\CLInterface.h(473): warning C4003: not enough actual parameters for macro 'FILL_ERRATA'
     1>E:\DESKTOP_FOLDER_\courses\FinalPaper-RayTracing\Practical\FinalPaperRayTracer\OpenCLRayTracer\Include\OpenCLUtils\CLInterface.h(482): warning C4003: not enough actual parameters for macro 'FILL_ERRATA'
     1>E:\DESKTOP_FOLDER_\courses\FinalPaper-RayTracing\Practical\FinalPaperRayTracer\OpenCLRayTracer\Include\OpenCLUtils\CLInterface.h(531): warning C4003: not enough actual parameters for macro 'FILL_ERRATA'
     1>E:\DESKTOP_FOLDER_\courses\FinalPaper-RayTracing\Practical\FinalPaperRayTracer\OpenCLRayTracer\Include\OpenCLUtils\CLInterface.h(539): warning C4003: not enough actual parameters for macro 'FILL_ERRATA'
     1>E:\DESKTOP_FOLDER_\courses\FinalPaper-RayTracing\Practical\FinalPaperRayTracer\OpenCLRayTracer\Include\OpenCLUtils\CLInterface.h(547): warning C4003: not enough actual parameters for macro 'FILL_ERRATA'
     1>E:\DESKTOP_FOLDER_\courses\FinalPaper-RayTracing\Practical\FinalPaperRayTracer\OpenCLRayTracer\Include\OpenCLUtils\CLInterface.h(555): warning C4003: not enough actual parameters for macro 'FILL_ERRATA'
     1>E:\DESKTOP_FOLDER_\courses\FinalPaper-RayTracing\Practical\FinalPaperRayTracer\OpenCLRayTracer\Include\OpenCLUtils\CLInterface.h(563): warning C4003: not enough actual parameters for macro 'FILL_ERRATA'
     1>E:\DESKTOP_FOLDER_\courses\FinalPaper-RayTracing\Practical\FinalPaperRayTracer\OpenCLRayTracer\Include\OpenCLUtils\CLInterface.h(571): warning C4003: not enough actual parameters for macro 'FILL_ERRATA'
     1>E:\DESKTOP_FOLDER_\courses\FinalPaper-RayTracing\Practical\FinalPaperRayTracer\OpenCLRayTracer\Include\OpenCLUtils\CLInterface.h(580): warning C4003: not enough actual parameters for macro 'FILL_ERRATA'
     1>E:\DESKTOP_FOLDER_\courses\FinalPaper-RayTracing\Practical\FinalPaperRayTracer\OpenCLRayTracer\Include\OpenCLUtils\CLInterface.h(588): warning C4003: not enough actual parameters for macro 'FILL_ERRATA'
     1>E:\DESKTOP_FOLDER_\courses\FinalPaper-RayTracing\Practical\FinalPaperRayTracer\OpenCLRayTracer\Include\OpenCLUtils\CLInterface.h(596): warning C4003: not enough actual parameters for macro 'FILL_ERRATA'
     1>E:\DESKTOP_FOLDER_\courses\FinalPaper-RayTracing\Practical\FinalPaperRayTracer\OpenCLRayTracer\Include\OpenCLUtils\CLInterface.h(604): warning C4003: not enough actual parameters for macro 'FILL_ERRATA'
     1>E:\DESKTOP_FOLDER_\courses\FinalPaper-RayTracing\Practical\FinalPaperRayTracer\OpenCLRayTracer\Include\OpenCLUtils\CLInterface.h(612): warning C4003: not enough actual parameters for macro 'FILL_ERRATA'
     1>E:\DESKTOP_FOLDER_\courses\FinalPaper-RayTracing\Practical\FinalPaperRayTracer\OpenCLRayTracer\Include\OpenCLUtils\CLInterface.h(621): warning C4003: not enough actual parameters for macro 'FILL_ERRATA'
     1>E:\DESKTOP_FOLDER_\courses\FinalPaper-RayTracing\Practical\FinalPaperRayTracer\OpenCLRayTracer\Include\OpenCLUtils\CLInterface.h(681): warning C4018: '<' : signed/unsigned mismatch
     1>E:\DESKTOP_FOLDER_\courses\FinalPaper-RayTracing\Practical\FinalPaperRayTracer\OpenCLRayTracer\Include\OpenCLUtils\CLInterface.h(745): warning C4018: '>' : signed/unsigned mismatch
     1>E:\DESKTOP_FOLDER_\courses\FinalPaper-RayTracing\Practical\FinalPaperRayTracer\OpenCLRayTracer\Include\OpenCLUtils\CLInterface.h(767): warning C4018: '<' : signed/unsigned mismatch
     1>E:\DESKTOP_FOLDER_\courses\FinalPaper-RayTracing\Practical\FinalPaperRayTracer\OpenCLRayTracer\Include\CLData\CLPortability.h(87): warning C4005: 'CL_FLOAT' : macro redefinition
                 C:\Program Files (x86)\AMD APP SDK\3.0\include\CL\cl.h(437) : see previous definition of 'CL_FLOAT'
     1>E:\DESKTOP_FOLDER_\courses\FinalPaper-RayTracing\Practical\FinalPaperRayTracer\OpenCLRayTracer\Include\CLData\CLPortability.h(93): warning C4005: 'CL_GLOBAL' : macro redefinition
                 C:\Program Files (x86)\AMD APP SDK\3.0\include\CL\cl.h(332) : see previous definition of 'CL_GLOBAL'
     1>E:\DESKTOP_FOLDER_\courses\FinalPaper-RayTracing\Practical\FinalPaperRayTracer\OpenCLRayTracer\Include\CLData\CLPortability.h(94): warning C4005: 'CL_LOCAL' : macro redefinition
                 C:\Program Files (x86)\AMD APP SDK\3.0\include\CL\cl.h(331) : see previous definition of 'CL_LOCAL'
     1>E:\DESKTOP_FOLDER_\courses\FinalPaper-RayTracing\Practical\FinalPaperRayTracer\OpenCLRayTracer\Include\CLData\CLPortability.h(380): warning C4244: '=' : conversion from 'cl_float' to 'cl_uint', possible loss of data
     1>E:\DESKTOP_FOLDER_\courses\FinalPaper-RayTracing\Practical\FinalPaperRayTracer\OpenCLRayTracer\Include\CLData\CLPortability.h(381): warning C4244: '=' : conversion from 'cl_float' to 'cl_uint', possible loss of data
     1>E:\DESKTOP_FOLDER_\courses\FinalPaper-RayTracing\Practical\FinalPaperRayTracer\OpenCLRayTracer\Include\CLData\CLPortability.h(382): warning C4244: '=' : conversion from 'cl_float' to 'cl_uint', possible loss of data
     1>E:\DESKTOP_FOLDER_\courses\FinalPaper-RayTracing\Practical\FinalPaperRayTracer\OpenCLRayTracer\Include\CLData\CLPortability.h(389): warning C4244: '=' : conversion from 'cl_uint' to 'cl_float', possible loss of data
     1>E:\DESKTOP_FOLDER_\courses\FinalPaper-RayTracing\Practical\FinalPaperRayTracer\OpenCLRayTracer\Include\CLData\CLPortability.h(390): warning C4244: '=' : conversion from 'cl_uint' to 'cl_float', possible loss of data
     1>E:\DESKTOP_FOLDER_\courses\FinalPaper-RayTracing\Practical\FinalPaperRayTracer\OpenCLRayTracer\Include\CLData\CLPortability.h(391): warning C4244: '=' : conversion from 'cl_uint' to 'cl_float', possible loss of data
     1>E:\DESKTOP_FOLDER_\courses\FinalPaper-RayTracing\Practical\FinalPaperRayTracer\OpenCLRayTracer\Include\OpenCLUtils\CLExecutionContext.h(201): warning C4018: '<' : signed/unsigned mismatch
     1>E:\DESKTOP_FOLDER_\courses\FinalPaper-RayTracing\Practical\FinalPaperRayTracer\OpenCLRayTracer\Include\OpenCLUtils\CLExecutionContext.h(212): warning C4018: '<' : signed/unsigned mismatch
     1>E:\DESKTOP_FOLDER_\courses\FinalPaper-RayTracing\Practical\FinalPaperRayTracer\OpenCLRayTracer\Include\CLData/RTKernelUtils.h(166): warning C4334: '<<' : result of 32-bit shift implicitly converted to 64 bits (was 64-bit shift intended?)
     1>PrefixSum.cpp(98): warning C4003: not enough actual parameters for macro 'FILL_ERRATA'
     1>PrefixSum.cpp(107): warning C4003: not enough actual parameters for macro 'FILL_ERRATA'
         GeneratedBVHKernelSource.cpp
         GeneratedPrefixSumKernelSource.cpp
         GeneratedSortingKernelSource.cpp
         GeneratedTwoLevelGridKernelSource.cpp
         Scene.cpp
     1>E:\DESKTOP_FOLDER_\courses\FinalPaper-RayTracing\Practical\FinalPaperRayTracer\OpenCLRayTracer\Include\Common/Errata.h(38): warning C4005: 'FILL_ERRATA' : macro redefinition
                 E:\DESKTOP_FOLDER_\courses\FinalPaper-RayTracing\Practical\FinalPaperRayTracer\OpenCLRayTracer\Include\Common/Errata.h(36) : see previous definition of 'FILL_ERRATA'
     1>E:\DESKTOP_FOLDER_\courses\FinalPaper-RayTracing\Practical\FinalPaperRayTracer\OpenCLRayTracer\Include\OpenCLUtils\CLExecutionContext.h(201): warning C4018: '<' : signed/unsigned mismatch
     1>E:\DESKTOP_FOLDER_\courses\FinalPaper-RayTracing\Practical\FinalPaperRayTracer\OpenCLRayTracer\Include\OpenCLUtils\CLExecutionContext.h(212): warning C4018: '<' : signed/unsigned mismatch
     1>E:\DESKTOP_FOLDER_\courses\FinalPaper-RayTracing\Practical\FinalPaperRayTracer\OpenCLRayTracer\Include\CLData\CLPortability.h(87): warning C4005: 'CL_FLOAT' : macro redefinition
                 C:\Program Files (x86)\AMD APP SDK\3.0\include\CL\cl.h(437) : see previous definition of 'CL_FLOAT'
     1>E:\DESKTOP_FOLDER_\courses\FinalPaper-RayTracing\Practical\FinalPaperRayTracer\OpenCLRayTracer\Include\CLData\CLPortability.h(93): warning C4005: 'CL_GLOBAL' : macro redefinition
                 C:\Program Files (x86)\AMD APP SDK\3.0\include\CL\cl.h(332) : see previous definition of 'CL_GLOBAL'
     1>E:\DESKTOP_FOLDER_\courses\FinalPaper-RayTracing\Practical\FinalPaperRayTracer\OpenCLRayTracer\Include\CLData\CLPortability.h(94): warning C4005: 'CL_LOCAL' : macro redefinition
                 C:\Program Files (x86)\AMD APP SDK\3.0\include\CL\cl.h(331) : see previous definition of 'CL_LOCAL'
     1>E:\DESKTOP_FOLDER_\courses\FinalPaper-RayTracing\Practical\FinalPaperRayTracer\OpenCLRayTracer\Include\CLData\CLPortability.h(380): warning C4244: '=' : conversion from 'cl_float' to 'cl_uint', possible loss of data
     1>E:\DESKTOP_FOLDER_\courses\FinalPaper-RayTracing\Practical\FinalPaperRayTracer\OpenCLRayTracer\Include\CLData\CLPortability.h(381): warning C4244: '=' : conversion from 'cl_float' to 'cl_uint', possible loss of data
     1>E:\DESKTOP_FOLDER_\courses\FinalPaper-RayTracing\Practical\FinalPaperRayTracer\OpenCLRayTracer\Include\CLData\CLPortability.h(382): warning C4244: '=' : conversion from 'cl_float' to 'cl_uint', possible loss of data
     1>E:\DESKTOP_FOLDER_\courses\FinalPaper-RayTracing\Practical\FinalPaperRayTracer\OpenCLRayTracer\Include\CLData\CLPortability.h(389): warning C4244: '=' : conversion from 'cl_uint' to 'cl_float', possible loss of data
     1>E:\DESKTOP_FOLDER_\courses\FinalPaper-RayTracing\Practical\FinalPaperRayTracer\OpenCLRayTracer\Include\CLData\CLPortability.h(390): warning C4244: '=' : conversion from 'cl_uint' to 'cl_float', possible loss of data
     1>E:\DESKTOP_FOLDER_\courses\FinalPaper-RayTracing\Practical\FinalPaperRayTracer\OpenCLRayTracer\Include\CLData\CLPortability.h(391): warning C4244: '=' : conversion from 'cl_uint' to 'cl_float', possible loss of data
     1>E:\DESKTOP_FOLDER_\courses\FinalPaper-RayTracing\Practical\FinalPaperRayTracer\OpenCLRayTracer\Include\CLData\RTKernelUtils.h(166): warning C4334: '<<' : result of 32-bit shift implicitly converted to 64 bits (was 64-bit shift intended?)
     1>E:\DESKTOP_FOLDER_\courses\FinalPaper-RayTracing\Practical\FinalPaperRayTracer\OpenCLRayTracer\Include\CLData\SceneBufferParser.h(178): warning C4018: '<' : signed/unsigned mismatch
     1>E:\DESKTOP_FOLDER_\courses\FinalPaper-RayTracing\Practical\FinalPaperRayTracer\OpenCLRayTracer\Include\CLData\SceneBufferParser.h(192): warning C4018: '<' : signed/unsigned mismatch
     1>E:\DESKTOP_FOLDER_\courses\FinalPaper-RayTracing\Practical\FinalPaperRayTracer\OpenCLRayTracer\Include\CLData\SceneBufferParser.h(267): warning C4244: '+=' : conversion from 'cl_ulong' to 'int', possible loss of data
     1>E:\DESKTOP_FOLDER_\courses\FinalPaper-RayTracing\Practical\FinalPaperRayTracer\OpenCLRayTracer\Include\CLData\SceneBufferParser.h(268): warning C4018: '>' : signed/unsigned mismatch
     1>E:\DESKTOP_FOLDER_\courses\FinalPaper-RayTracing\Practical\FinalPaperRayTracer\OpenCLRayTracer\Include\CLData\SceneBufferParser.h(270): warning C4244: '-=' : conversion from 'cl_ulong' to 'int', possible loss of data
     1>E:\DESKTOP_FOLDER_\courses\FinalPaper-RayTracing\Practical\FinalPaperRayTracer\OpenCLRayTracer\Include\CLData\SceneBufferParser.h(279): warning C4244: '+=' : conversion from 'cl_ulong' to 'int', possible loss of data
     1>E:\DESKTOP_FOLDER_\courses\FinalPaper-RayTracing\Practical\FinalPaperRayTracer\OpenCLRayTracer\Include\CLData\SceneBufferParser.h(280): warning C4018: '>' : signed/unsigned mismatch
     1>E:\DESKTOP_FOLDER_\courses\FinalPaper-RayTracing\Practical\FinalPaperRayTracer\OpenCLRayTracer\Include\CLData\SceneBufferParser.h(283): warning C4244: '-=' : conversion from 'cl_ulong' to 'int', possible loss of data
     1>e:\desktop_folder_\courses\finalpaper-raytracing\practical\finalpaperraytracer\openclraytracer\include\3rdparty\tiny_obj_loader.h(1089): warning C4996: 'sscanf': This function or variable may be unsafe. Consider using sscanf_s instead. To disable deprecation, use _CRT_SECURE_NO_WARNINGS. See online help for details.
                 E:\Visual Studio 2012\VC\include\stdio.h(311) : see declaration of 'sscanf'
     1>e:\desktop_folder_\courses\finalpaper-raytracing\practical\finalpaperraytracer\openclraytracer\include\3rdparty\tiny_obj_loader.h(1113): warning C4996: 'sscanf': This function or variable may be unsafe. Consider using sscanf_s instead. To disable deprecation, use _CRT_SECURE_NO_WARNINGS. See online help for details.
                 E:\Visual Studio 2012\VC\include\stdio.h(311) : see declaration of 'sscanf'
     1>Scene.cpp(74): warning C4003: not enough actual parameters for macro 'FILL_ERRATA'
     1>Scene.cpp(121): warning C4244: '=' : conversion from 'int' to 'cl_float', possible loss of data
     1>Scene.cpp(158): warning C4018: '<' : signed/unsigned mismatch
     1>Scene.cpp(161): warning C4018: '<' : signed/unsigned mismatch
     1>Scene.cpp(171): warning C4244: 'initializing' : conversion from 'double' to 'float', possible loss of data
     1>Scene.cpp(189): warning C4018: '<' : signed/unsigned mismatch
     1>Scene.cpp(251): warning C4003: not enough actual parameters for macro 'FILL_ERRATA'
     1>Scene.cpp(294): warning C4244: 'argument' : conversion from 'cl_ulong' to 'unsigned int', possible loss of data
     1>Scene.cpp(296): warning C4018: '<' : signed/unsigned mismatch
     1>Scene.cpp(317): warning C4244: 'initializing' : conversion from 'cl_ulong' to 'unsigned int', possible loss of data
     1>Scene.cpp(318): warning C4244: 'argument' : conversion from 'cl_ulong' to 'size_t', possible loss of data
     1>Scene.cpp(339): warning C4018: '<' : signed/unsigned mismatch
     1>Scene.cpp(344): warning C4003: not enough actual parameters for macro 'FILL_ERRATA'
     1>Scene.cpp(361): warning C4018: '<' : signed/unsigned mismatch
     1>Scene.cpp(366): warning C4003: not enough actual parameters for macro 'FILL_ERRATA'
     1>Scene.cpp(381): warning C4018: '<' : signed/unsigned mismatch
     1>Scene.cpp(415): warning C4018: '<' : signed/unsigned mismatch
     1>Scene.cpp(429): warning C4018: '<' : signed/unsigned mismatch
     1>Scene.cpp(454): warning C4244: 'argument' : conversion from 'cl_ulong' to 'size_t', possible loss of data
         TwoLevelGridManager.cpp
     1>E:\DESKTOP_FOLDER_\courses\FinalPaper-RayTracing\Practical\FinalPaperRayTracer\OpenCLRayTracer\Include\Common/Errata.h(38): warning C4005: 'FILL_ERRATA' : macro redefinition
                 E:\DESKTOP_FOLDER_\courses\FinalPaper-RayTracing\Practical\FinalPaperRayTracer\OpenCLRayTracer\Include\Common/Errata.h(36) : see previous definition of 'FILL_ERRATA'
     1>E:\DESKTOP_FOLDER_\courses\FinalPaper-RayTracing\Practical\FinalPaperRayTracer\OpenCLRayTracer\Include\OpenCLUtils\CLExecutionContext.h(201): warning C4018: '<' : signed/unsigned mismatch
     1>E:\DESKTOP_FOLDER_\courses\FinalPaper-RayTracing\Practical\FinalPaperRayTracer\OpenCLRayTracer\Include\OpenCLUtils\CLExecutionContext.h(212): warning C4018: '<' : signed/unsigned mismatch
     1>E:\DESKTOP_FOLDER_\courses\FinalPaper-RayTracing\Practical\FinalPaperRayTracer\OpenCLRayTracer\Include\OpenCLUtils\CLInterface.h(94): warning C4003: not enough actual parameters for macro 'FILL_ERRATA'
     1>E:\DESKTOP_FOLDER_\courses\FinalPaper-RayTracing\Practical\FinalPaperRayTracer\OpenCLRayTracer\Include\OpenCLUtils\CLInterface.h(103): warning C4003: not enough actual parameters for macro 'FILL_ERRATA'
     1>E:\DESKTOP_FOLDER_\courses\FinalPaper-RayTracing\Practical\FinalPaperRayTracer\OpenCLRayTracer\Include\OpenCLUtils\CLInterface.h(112): warning C4003: not enough actual parameters for macro 'FILL_ERRATA'
     1>E:\DESKTOP_FOLDER_\courses\FinalPaper-RayTracing\Practical\FinalPaperRayTracer\OpenCLRayTracer\Include\OpenCLUtils\CLInterface.h(121): warning C4003: not enough actual parameters for macro 'FILL_ERRATA'
     1>E:\DESKTOP_FOLDER_\courses\FinalPaper-RayTracing\Practical\FinalPaperRayTracer\OpenCLRayTracer\Include\OpenCLUtils\CLInterface.h(130): warning C4003: not enough actual parameters for macro 'FILL_ERRATA'
     1>E:\DESKTOP_FOLDER_\courses\FinalPaper-RayTracing\Practical\FinalPaperRayTracer\OpenCLRayTracer\Include\OpenCLUtils\CLInterface.h(139): warning C4003: not enough actual parameters for macro 'FILL_ERRATA'
     1>E:\DESKTOP_FOLDER_\courses\FinalPaper-RayTracing\Practical\FinalPaperRayTracer\OpenCLRayTracer\Include\OpenCLUtils\CLInterface.h(148): warning C4003: not enough actual parameters for macro 'FILL_ERRATA'
     1>E:\DESKTOP_FOLDER_\courses\FinalPaper-RayTracing\Practical\FinalPaperRayTracer\OpenCLRayTracer\Include\OpenCLUtils\CLInterface.h(157): warning C4003: not enough actual parameters for macro 'FILL_ERRATA'
     1>E:\DESKTOP_FOLDER_\courses\FinalPaper-RayTracing\Practical\FinalPaperRayTracer\OpenCLRayTracer\Include\OpenCLUtils\CLInterface.h(166): warning C4003: not enough actual parameters for macro 'FILL_ERRATA'
     1>E:\DESKTOP_FOLDER_\courses\FinalPaper-RayTracing\Practical\FinalPaperRayTracer\OpenCLRayTracer\Include\OpenCLUtils\CLInterface.h(183): warning C4003: not enough actual parameters for macro 'FILL_ERRATA'
     1>E:\DESKTOP_FOLDER_\courses\FinalPaper-RayTracing\Practical\FinalPaperRayTracer\OpenCLRayTracer\Include\OpenCLUtils\CLInterface.h(191): warning C4003: not enough actual parameters for macro 'FILL_ERRATA'
     1>E:\DESKTOP_FOLDER_\courses\FinalPaper-RayTracing\Practical\FinalPaperRayTracer\OpenCLRayTracer\Include\OpenCLUtils\CLInterface.h(199): warning C4003: not enough actual parameters for macro 'FILL_ERRATA'
     1>E:\DESKTOP_FOLDER_\courses\FinalPaper-RayTracing\Practical\FinalPaperRayTracer\OpenCLRayTracer\Include\OpenCLUtils\CLInterface.h(207): warning C4003: not enough actual parameters for macro 'FILL_ERRATA'
     1>E:\DESKTOP_FOLDER_\courses\FinalPaper-RayTracing\Practical\FinalPaperRayTracer\OpenCLRayTracer\Include\OpenCLUtils\CLInterface.h(215): warning C4003: not enough actual parameters for macro 'FILL_ERRATA'
     1>E:\DESKTOP_FOLDER_\courses\FinalPaper-RayTracing\Practical\FinalPaperRayTracer\OpenCLRayTracer\Include\OpenCLUtils\CLInterface.h(224): warning C4003: not enough actual parameters for macro 'FILL_ERRATA'
     1>E:\DESKTOP_FOLDER_\courses\FinalPaper-RayTracing\Practical\FinalPaperRayTracer\OpenCLRayTracer\Include\OpenCLUtils\CLInterface.h(233): warning C4003: not enough actual parameters for macro 'FILL_ERRATA'
     1>E:\DESKTOP_FOLDER_\courses\FinalPaper-RayTracing\Practical\FinalPaperRayTracer\OpenCLRayTracer\Include\OpenCLUtils\CLInterface.h(242): warning C4003: not enough actual parameters for macro 'FILL_ERRATA'
     1>E:\DESKTOP_FOLDER_\courses\FinalPaper-RayTracing\Practical\FinalPaperRayTracer\OpenCLRayTracer\Include\OpenCLUtils\CLInterface.h(260): warning C4003: not enough actual parameters for macro 'FILL_ERRATA'
     1>E:\DESKTOP_FOLDER_\courses\FinalPaper-RayTracing\Practical\FinalPaperRayTracer\OpenCLRayTracer\Include\OpenCLUtils\CLInterface.h(268): warning C4003: not enough actual parameters for macro 'FILL_ERRATA'
     1>E:\DESKTOP_FOLDER_\courses\FinalPaper-RayTracing\Practical\FinalPaperRayTracer\OpenCLRayTracer\Include\OpenCLUtils\CLInterface.h(276): warning C4003: not enough actual parameters for macro 'FILL_ERRATA'
     1>E:\DESKTOP_FOLDER_\courses\FinalPaper-RayTracing\Practical\FinalPaperRayTracer\OpenCLRayTracer\Include\OpenCLUtils\CLInterface.h(284): warning C4003: not enough actual parameters for macro 'FILL_ERRATA'
     1>E:\DESKTOP_FOLDER_\courses\FinalPaper-RayTracing\Practical\FinalPaperRayTracer\OpenCLRayTracer\Include\OpenCLUtils\CLInterface.h(292): warning C4003: not enough actual parameters for macro 'FILL_ERRATA'
     1>E:\DESKTOP_FOLDER_\courses\FinalPaper-RayTracing\Practical\FinalPaperRayTracer\OpenCLRayTracer\Include\OpenCLUtils\CLInterface.h(300): warning C4003: not enough actual parameters for macro 'FILL_ERRATA'
     1>E:\DESKTOP_FOLDER_\courses\FinalPaper-RayTracing\Practical\FinalPaperRayTracer\OpenCLRayTracer\Include\OpenCLUtils\CLInterface.h(308): warning C4003: not enough actual parameters for macro 'FILL_ERRATA'
     1>E:\DESKTOP_FOLDER_\courses\FinalPaper-RayTracing\Practical\FinalPaperRayTracer\OpenCLRayTracer\Include\OpenCLUtils\CLInterface.h(316): warning C4003: not enough actual parameters for macro 'FILL_ERRATA'
     1>E:\DESKTOP_FOLDER_\courses\FinalPaper-RayTracing\Practical\FinalPaperRayTracer\OpenCLRayTracer\Include\OpenCLUtils\CLInterface.h(325): warning C4003: not enough actual parameters for macro 'FILL_ERRATA'
     1>E:\DESKTOP_FOLDER_\courses\FinalPaper-RayTracing\Practical\FinalPaperRayTracer\OpenCLRayTracer\Include\OpenCLUtils\CLInterface.h(343): warning C4003: not enough actual parameters for macro 'FILL_ERRATA'
     1>E:\DESKTOP_FOLDER_\courses\FinalPaper-RayTracing\Practical\FinalPaperRayTracer\OpenCLRayTracer\Include\OpenCLUtils\CLInterface.h(351): warning C4003: not enough actual parameters for macro 'FILL_ERRATA'
     1>E:\DESKTOP_FOLDER_\courses\FinalPaper-RayTracing\Practical\FinalPaperRayTracer\OpenCLRayTracer\Include\OpenCLUtils\CLInterface.h(365): warning C4003: not enough actual parameters for macro 'FILL_ERRATA'
     1>E:\DESKTOP_FOLDER_\courses\FinalPaper-RayTracing\Practical\FinalPaperRayTracer\OpenCLRayTracer\Include\OpenCLUtils\CLInterface.h(399): warning C4003: not enough actual parameters for macro 'FILL_ERRATA'
     1>E:\DESKTOP_FOLDER_\courses\FinalPaper-RayTracing\Practical\FinalPaperRayTracer\OpenCLRayTracer\Include\OpenCLUtils\CLInterface.h(408): warning C4003: not enough actual parameters for macro 'FILL_ERRATA'
     1>E:\DESKTOP_FOLDER_\courses\FinalPaper-RayTracing\Practical\FinalPaperRayTracer\OpenCLRayTracer\Include\OpenCLUtils\CLInterface.h(417): warning C4003: not enough actual parameters for macro 'FILL_ERRATA'
     1>E:\DESKTOP_FOLDER_\courses\FinalPaper-RayTracing\Practical\FinalPaperRayTracer\OpenCLRayTracer\Include\OpenCLUtils\CLInterface.h(437): warning C4003: not enough actual parameters for macro 'FILL_ERRATA'
     1>E:\DESKTOP_FOLDER_\courses\FinalPaper-RayTracing\Practical\FinalPaperRayTracer\OpenCLRayTracer\Include\OpenCLUtils\CLInterface.h(446): warning C4003: not enough actual parameters for macro 'FILL_ERRATA'
     1>E:\DESKTOP_FOLDER_\courses\FinalPaper-RayTracing\Practical\FinalPaperRayTracer\OpenCLRayTracer\Include\OpenCLUtils\CLInterface.h(455): warning C4003: not enough actual parameters for macro 'FILL_ERRATA'
     1>E:\DESKTOP_FOLDER_\courses\FinalPaper-RayTracing\Practical\FinalPaperRayTracer\OpenCLRayTracer\Include\OpenCLUtils\CLInterface.h(464): warning C4003: not enough actual parameters for macro 'FILL_ERRATA'
     1>E:\DESKTOP_FOLDER_\courses\FinalPaper-RayTracing\Practical\FinalPaperRayTracer\OpenCLRayTracer\Include\OpenCLUtils\CLInterface.h(473): warning C4003: not enough actual parameters for macro 'FILL_ERRATA'
     1>E:\DESKTOP_FOLDER_\courses\FinalPaper-RayTracing\Practical\FinalPaperRayTracer\OpenCLRayTracer\Include\OpenCLUtils\CLInterface.h(482): warning C4003: not enough actual parameters for macro 'FILL_ERRATA'
     1>E:\DESKTOP_FOLDER_\courses\FinalPaper-RayTracing\Practical\FinalPaperRayTracer\OpenCLRayTracer\Include\OpenCLUtils\CLInterface.h(531): warning C4003: not enough actual parameters for macro 'FILL_ERRATA'
     1>E:\DESKTOP_FOLDER_\courses\FinalPaper-RayTracing\Practical\FinalPaperRayTracer\OpenCLRayTracer\Include\OpenCLUtils\CLInterface.h(539): warning C4003: not enough actual parameters for macro 'FILL_ERRATA'
     1>E:\DESKTOP_FOLDER_\courses\FinalPaper-RayTracing\Practical\FinalPaperRayTracer\OpenCLRayTracer\Include\OpenCLUtils\CLInterface.h(547): warning C4003: not enough actual parameters for macro 'FILL_ERRATA'
     1>E:\DESKTOP_FOLDER_\courses\FinalPaper-RayTracing\Practical\FinalPaperRayTracer\OpenCLRayTracer\Include\OpenCLUtils\CLInterface.h(555): warning C4003: not enough actual parameters for macro 'FILL_ERRATA'
     1>E:\DESKTOP_FOLDER_\courses\FinalPaper-RayTracing\Practical\FinalPaperRayTracer\OpenCLRayTracer\Include\OpenCLUtils\CLInterface.h(563): warning C4003: not enough actual parameters for macro 'FILL_ERRATA'
     1>E:\DESKTOP_FOLDER_\courses\FinalPaper-RayTracing\Practical\FinalPaperRayTracer\OpenCLRayTracer\Include\OpenCLUtils\CLInterface.h(571): warning C4003: not enough actual parameters for macro 'FILL_ERRATA'
     1>E:\DESKTOP_FOLDER_\courses\FinalPaper-RayTracing\Practical\FinalPaperRayTracer\OpenCLRayTracer\Include\OpenCLUtils\CLInterface.h(580): warning C4003: not enough actual parameters for macro 'FILL_ERRATA'
     1>E:\DESKTOP_FOLDER_\courses\FinalPaper-RayTracing\Practical\FinalPaperRayTracer\OpenCLRayTracer\Include\OpenCLUtils\CLInterface.h(588): warning C4003: not enough actual parameters for macro 'FILL_ERRATA'
     1>E:\DESKTOP_FOLDER_\courses\FinalPaper-RayTracing\Practical\FinalPaperRayTracer\OpenCLRayTracer\Include\OpenCLUtils\CLInterface.h(596): warning C4003: not enough actual parameters for macro 'FILL_ERRATA'
     1>E:\DESKTOP_FOLDER_\courses\FinalPaper-RayTracing\Practical\FinalPaperRayTracer\OpenCLRayTracer\Include\OpenCLUtils\CLInterface.h(604): warning C4003: not enough actual parameters for macro 'FILL_ERRATA'
     1>E:\DESKTOP_FOLDER_\courses\FinalPaper-RayTracing\Practical\FinalPaperRayTracer\OpenCLRayTracer\Include\OpenCLUtils\CLInterface.h(612): warning C4003: not enough actual parameters for macro 'FILL_ERRATA'
     1>E:\DESKTOP_FOLDER_\courses\FinalPaper-RayTracing\Practical\FinalPaperRayTracer\OpenCLRayTracer\Include\OpenCLUtils\CLInterface.h(621): warning C4003: not enough actual parameters for macro 'FILL_ERRATA'
     1>E:\DESKTOP_FOLDER_\courses\FinalPaper-RayTracing\Practical\FinalPaperRayTracer\OpenCLRayTracer\Include\OpenCLUtils\CLInterface.h(681): warning C4018: '<' : signed/unsigned mismatch
     1>E:\DESKTOP_FOLDER_\courses\FinalPaper-RayTracing\Practical\FinalPaperRayTracer\OpenCLRayTracer\Include\OpenCLUtils\CLInterface.h(745): warning C4018: '>' : signed/unsigned mismatch
     1>E:\DESKTOP_FOLDER_\courses\FinalPaper-RayTracing\Practical\FinalPaperRayTracer\OpenCLRayTracer\Include\OpenCLUtils\CLInterface.h(767): warning C4018: '<' : signed/unsigned mismatch
     1>E:\DESKTOP_FOLDER_\courses\FinalPaper-RayTracing\Practical\FinalPaperRayTracer\OpenCLRayTracer\Include\CLData\CLPortability.h(87): warning C4005: 'CL_FLOAT' : macro redefinition
                 C:\Program Files (x86)\AMD APP SDK\3.0\include\CL\cl.h(437) : see previous definition of 'CL_FLOAT'
     1>E:\DESKTOP_FOLDER_\courses\FinalPaper-RayTracing\Practical\FinalPaperRayTracer\OpenCLRayTracer\Include\CLData\CLPortability.h(93): warning C4005: 'CL_GLOBAL' : macro redefinition
                 C:\Program Files (x86)\AMD APP SDK\3.0\include\CL\cl.h(332) : see previous definition of 'CL_GLOBAL'
     1>E:\DESKTOP_FOLDER_\courses\FinalPaper-RayTracing\Practical\FinalPaperRayTracer\OpenCLRayTracer\Include\CLData\CLPortability.h(94): warning C4005: 'CL_LOCAL' : macro redefinition
                 C:\Program Files (x86)\AMD APP SDK\3.0\include\CL\cl.h(331) : see previous definition of 'CL_LOCAL'
     1>E:\DESKTOP_FOLDER_\courses\FinalPaper-RayTracing\Practical\FinalPaperRayTracer\OpenCLRayTracer\Include\CLData\CLPortability.h(380): warning C4244: '=' : conversion from 'cl_float' to 'cl_uint', possible loss of data
     1>E:\DESKTOP_FOLDER_\courses\FinalPaper-RayTracing\Practical\FinalPaperRayTracer\OpenCLRayTracer\Include\CLData\CLPortability.h(381): warning C4244: '=' : conversion from 'cl_float' to 'cl_uint', possible loss of data
     1>E:\DESKTOP_FOLDER_\courses\FinalPaper-RayTracing\Practical\FinalPaperRayTracer\OpenCLRayTracer\Include\CLData\CLPortability.h(382): warning C4244: '=' : conversion from 'cl_float' to 'cl_uint', possible loss of data
     1>E:\DESKTOP_FOLDER_\courses\FinalPaper-RayTracing\Practical\FinalPaperRayTracer\OpenCLRayTracer\Include\CLData\CLPortability.h(389): warning C4244: '=' : conversion from 'cl_uint' to 'cl_float', possible loss of data
     1>E:\DESKTOP_FOLDER_\courses\FinalPaper-RayTracing\Practical\FinalPaperRayTracer\OpenCLRayTracer\Include\CLData\CLPortability.h(390): warning C4244: '=' : conversion from 'cl_uint' to 'cl_float', possible loss of data
     1>E:\DESKTOP_FOLDER_\courses\FinalPaper-RayTracing\Practical\FinalPaperRayTracer\OpenCLRayTracer\Include\CLData\CLPortability.h(391): warning C4244: '=' : conversion from 'cl_uint' to 'cl_float', possible loss of data
     1>E:\DESKTOP_FOLDER_\courses\FinalPaper-RayTracing\Practical\FinalPaperRayTracer\OpenCLRayTracer\Include\CLData\RTKernelUtils.h(166): warning C4334: '<<' : result of 32-bit shift implicitly converted to 64 bits (was 64-bit shift intended?)
     1>E:\DESKTOP_FOLDER_\courses\FinalPaper-RayTracing\Practical\FinalPaperRayTracer\OpenCLRayTracer\Include\CLData/SceneBufferParser.h(178): warning C4018: '<' : signed/unsigned mismatch
     1>E:\DESKTOP_FOLDER_\courses\FinalPaper-RayTracing\Practical\FinalPaperRayTracer\OpenCLRayTracer\Include\CLData/SceneBufferParser.h(192): warning C4018: '<' : signed/unsigned mismatch
     1>E:\DESKTOP_FOLDER_\courses\FinalPaper-RayTracing\Practical\FinalPaperRayTracer\OpenCLRayTracer\Include\CLData/SceneBufferParser.h(267): warning C4244: '+=' : conversion from 'cl_ulong' to 'int', possible loss of data
     1>E:\DESKTOP_FOLDER_\courses\FinalPaper-RayTracing\Practical\FinalPaperRayTracer\OpenCLRayTracer\Include\CLData/SceneBufferParser.h(268): warning C4018: '>' : signed/unsigned mismatch
     1>E:\DESKTOP_FOLDER_\courses\FinalPaper-RayTracing\Practical\FinalPaperRayTracer\OpenCLRayTracer\Include\CLData/SceneBufferParser.h(270): warning C4244: '-=' : conversion from 'cl_ulong' to 'int', possible loss of data
     1>E:\DESKTOP_FOLDER_\courses\FinalPaper-RayTracing\Practical\FinalPaperRayTracer\OpenCLRayTracer\Include\CLData/SceneBufferParser.h(279): warning C4244: '+=' : conversion from 'cl_ulong' to 'int', possible loss of data
     1>E:\DESKTOP_FOLDER_\courses\FinalPaper-RayTracing\Practical\FinalPaperRayTracer\OpenCLRayTracer\Include\CLData/SceneBufferParser.h(280): warning C4018: '>' : signed/unsigned mismatch
     1>E:\DESKTOP_FOLDER_\courses\FinalPaper-RayTracing\Practical\FinalPaperRayTracer\OpenCLRayTracer\Include\CLData/SceneBufferParser.h(283): warning C4244: '-=' : conversion from 'cl_ulong' to 'int', possible loss of data
     1>E:\DESKTOP_FOLDER_\courses\FinalPaper-RayTracing\Practical\FinalPaperRayTracer\OpenCLRayTracer\Include\CLData\AccelerationStructs\TwoLevelGrid.h(99): warning C4244: 'return' : conversion from 'cl_float' to 'cl_uint', possible loss of data
     1>E:\DESKTOP_FOLDER_\courses\FinalPaper-RayTracing\Practical\FinalPaperRayTracer\OpenCLRayTracer\Include\CLData\AccelerationStructs\TwoLevelGrid.h(236): warning C4244: 'return' : conversion from 'cl_float' to 'cl_uint', possible loss of data
     1>E:\DESKTOP_FOLDER_\courses\FinalPaper-RayTracing\Practical\FinalPaperRayTracer\OpenCLRayTracer\Include\CLData\AccelerationStructs\TwoLevelGrid.h(445): warning C4244: '=' : conversion from 'double' to 'float', possible loss of data
     1>E:\DESKTOP_FOLDER_\courses\FinalPaper-RayTracing\Practical\FinalPaperRayTracer\OpenCLRayTracer\Include\CLData\AccelerationStructs\TwoLevelGrid.h(451): warning C4244: '=' : conversion from 'cl_float' to 'int', possible loss of data
     1>E:\DESKTOP_FOLDER_\courses\FinalPaper-RayTracing\Practical\FinalPaperRayTracer\OpenCLRayTracer\Include\CLData\AccelerationStructs\TwoLevelGrid.h(452): warning C4244: '=' : conversion from 'cl_float' to 'int', possible loss of data
     1>E:\DESKTOP_FOLDER_\courses\FinalPaper-RayTracing\Practical\FinalPaperRayTracer\OpenCLRayTracer\Include\CLData\AccelerationStructs\TwoLevelGrid.h(453): warning C4244: '=' : conversion from 'cl_float' to 'int', possible loss of data
     1>E:\DESKTOP_FOLDER_\courses\FinalPaper-RayTracing\Practical\FinalPaperRayTracer\OpenCLRayTracer\Include\CLData\AccelerationStructs\TwoLevelGrid.h(532): warning C4244: '=' : conversion from 'cl_ulong' to 'cl_uint', possible loss of data
     1>E:\DESKTOP_FOLDER_\courses\FinalPaper-RayTracing\Practical\FinalPaperRayTracer\OpenCLRayTracer\Include\CLData\AccelerationStructs\TwoLevelGrid.h(584): warning C4244: '=' : conversion from 'double' to 'float', possible loss of data
     1>E:\DESKTOP_FOLDER_\courses\FinalPaper-RayTracing\Practical\FinalPaperRayTracer\OpenCLRayTracer\Include\CLData\AccelerationStructs\TwoLevelGrid.h(596): warning C4244: '=' : conversion from 'cl_float' to 'int', possible loss of data
     1>E:\DESKTOP_FOLDER_\courses\FinalPaper-RayTracing\Practical\FinalPaperRayTracer\OpenCLRayTracer\Include\CLData\AccelerationStructs\TwoLevelGrid.h(597): warning C4244: '=' : conversion from 'cl_float' to 'int', possible loss of data
     1>E:\DESKTOP_FOLDER_\courses\FinalPaper-RayTracing\Practical\FinalPaperRayTracer\OpenCLRayTracer\Include\CLData\AccelerationStructs\TwoLevelGrid.h(598): warning C4244: '=' : conversion from 'cl_float' to 'int', possible loss of data
     1>E:\DESKTOP_FOLDER_\courses\FinalPaper-RayTracing\Practical\FinalPaperRayTracer\OpenCLRayTracer\Include\Testing\PrefixSumTest.h(70): warning C4018: '<' : signed/unsigned mismatch
     1>E:\DESKTOP_FOLDER_\courses\FinalPaper-RayTracing\Practical\FinalPaperRayTracer\OpenCLRayTracer\Include\Testing\PrefixSumTest.h(90): warning C4018: '<' : signed/unsigned mismatch
     1>E:\DESKTOP_FOLDER_\courses\FinalPaper-RayTracing\Practical\FinalPaperRayTracer\OpenCLRayTracer\Include\Testing\PrefixSumTest.h(114): warning C4018: '<' : signed/unsigned mismatch
     1>E:\DESKTOP_FOLDER_\courses\FinalPaper-RayTracing\Practical\FinalPaperRayTracer\OpenCLRayTracer\Include\Testing\TwoLevelGridTest.h(57): warning C4018: '<' : signed/unsigned mismatch
     1>E:\DESKTOP_FOLDER_\courses\FinalPaper-RayTracing\Practical\FinalPaperRayTracer\OpenCLRayTracer\Include\Testing\TwoLevelGridTest.h(60): warning C4018: '<' : signed/unsigned mismatch
     1>E:\DESKTOP_FOLDER_\courses\FinalPaper-RayTracing\Practical\FinalPaperRayTracer\OpenCLRayTracer\Include\Testing\TwoLevelGridTest.h(104): warning C4018: '<' : signed/unsigned mismatch
     1>E:\DESKTOP_FOLDER_\courses\FinalPaper-RayTracing\Practical\FinalPaperRayTracer\OpenCLRayTracer\Include\Testing\TwoLevelGridTest.h(139): warning C4018: '<' : signed/unsigned mismatch
     1>E:\DESKTOP_FOLDER_\courses\FinalPaper-RayTracing\Practical\FinalPaperRayTracer\OpenCLRayTracer\Include\Testing\TwoLevelGridTest.h(144): warning C4018: '<' : signed/unsigned mismatch
     1>E:\DESKTOP_FOLDER_\courses\FinalPaper-RayTracing\Practical\FinalPaperRayTracer\OpenCLRayTracer\Include\Testing\TwoLevelGridTest.h(146): warning C4018: '<' : signed/unsigned mismatch
     1>E:\DESKTOP_FOLDER_\courses\FinalPaper-RayTracing\Practical\FinalPaperRayTracer\OpenCLRayTracer\Include\Testing\TwoLevelGridTest.h(146): warning C4018: '>=' : signed/unsigned mismatch
     1>E:\DESKTOP_FOLDER_\courses\FinalPaper-RayTracing\Practical\FinalPaperRayTracer\OpenCLRayTracer\Include\Testing\TwoLevelGridTest.h(148): warning C4018: '>=' : signed/unsigned mismatch
     1>E:\DESKTOP_FOLDER_\courses\FinalPaper-RayTracing\Practical\FinalPaperRayTracer\OpenCLRayTracer\Include\Testing\TwoLevelGridTest.h(148): warning C4018: '<' : signed/unsigned mismatch
     1>E:\DESKTOP_FOLDER_\courses\FinalPaper-RayTracing\Practical\FinalPaperRayTracer\OpenCLRayTracer\Include\Testing\TwoLevelGridTest.h(150): warning C4018: '>' : signed/unsigned mismatch
     1>E:\DESKTOP_FOLDER_\courses\FinalPaper-RayTracing\Practical\FinalPaperRayTracer\OpenCLRayTracer\Include\Testing\TwoLevelGridTest.h(150): warning C4018: '<=' : signed/unsigned mismatch
     1>E:\DESKTOP_FOLDER_\courses\FinalPaper-RayTracing\Practical\FinalPaperRayTracer\OpenCLRayTracer\Include\Testing\TwoLevelGridTest.h(177): warning C4018: '<' : signed/unsigned mismatch
     1>E:\DESKTOP_FOLDER_\courses\FinalPaper-RayTracing\Practical\FinalPaperRayTracer\OpenCLRayTracer\Include\Testing\TwoLevelGridTest.h(180): warning C4018: '<' : signed/unsigned mismatch
     1>E:\DESKTOP_FOLDER_\courses\FinalPaper-RayTracing\Practical\FinalPaperRayTracer\OpenCLRayTracer\Include\Testing\TwoLevelGridTest.h(205): warning C4018: '<' : signed/unsigned mismatch
     1>E:\DESKTOP_FOLDER_\courses\FinalPaper-RayTracing\Practical\FinalPaperRayTracer\OpenCLRayTracer\Include\Testing\TwoLevelGridTest.h(209): warning C4018: '<' : signed/unsigned mismatch
     1>E:\DESKTOP_FOLDER_\courses\FinalPaper-RayTracing\Practical\FinalPaperRayTracer\OpenCLRayTracer\Include\Testing\TwoLevelGridTest.h(213): warning C4018: '<' : signed/unsigned mismatch
     1>E:\DESKTOP_FOLDER_\courses\FinalPaper-RayTracing\Practical\FinalPaperRayTracer\OpenCLRayTracer\Include\Testing\SortingTest.h(156): warning C4018: '<' : signed/unsigned mismatch
     1>TwoLevelGridManager.cpp(165): warning C4244: '=' : conversion from 'cl_ulong' to 'cl_uint', possible loss of data
     1>TwoLevelGridManager.cpp(167): warning C4244: '=' : conversion from 'cl_ulong' to 'cl_uint', possible loss of data
     1>TwoLevelGridManager.cpp(168): warning C4244: '=' : conversion from 'cl_ulong' to 'cl_uint', possible loss of data
     1>TwoLevelGridManager.cpp(213): warning C4244: 'argument' : conversion from 'cl_ulong' to 'cl_uint', possible loss of data
     1>TwoLevelGridManager.cpp(239): warning C4244: '=' : conversion from 'cl_ulong' to 'cl_uint', possible loss of data
     1>TwoLevelGridManager.cpp(292): warning C4244: 'initializing' : conversion from 'cl_ulong' to 'cl_uint', possible loss of data
     1>TwoLevelGridManager.cpp(296): warning C4003: not enough actual parameters for macro 'FILL_ERRATA'
     1>TwoLevelGridManager.cpp(371): warning C4244: 'argument' : conversion from 'cl_ulong' to 'size_t', possible loss of data
     1>TwoLevelGridManager.cpp(372): warning C4244: 'argument' : conversion from 'cl_ulong' to 'size_t', possible loss of data
     1>TwoLevelGridManager.cpp(398): warning C4244: '=' : conversion from 'cl_ulong' to 'cl_uint', possible loss of data
     1>TwoLevelGridManager.cpp(443): warning C4244: 'initializing' : conversion from 'cl_ulong' to 'cl_uint', possible loss of data
     1>TwoLevelGridManager.cpp(447): warning C4003: not enough actual parameters for macro 'FILL_ERRATA'
     1>TwoLevelGridManager.cpp(573): warning C4244: 'initializing' : conversion from 'cl_ulong' to 'float', possible loss of data
     1>TwoLevelGridManager.cpp(576): warning C4244: '=' : conversion from 'float' to 'cl_uint', possible loss of data
       Lib:
         E:\Visual Studio 2012\VC\bin\Lib.exe /OUT:"E:\DESKTOP_FOLDER_\courses\FinalPaper-RayTracing\Practical\FinalPaperRayTracer\OpenCLRayTracer\\bin\Release\CLRayTracerEngine.lib" /NOLOGO /LTCG Release\BitonicSort.obj
         Release\BVHManager.obj
         Release\PrefixSum.obj
         Release\GeneratedBVHKernelSource.obj
         Release\GeneratedPrefixSumKernelSource.obj
         Release\GeneratedSortingKernelSource.obj
         Release\GeneratedTwoLevelGridKernelSource.obj
         Release\Scene.obj
         Release\TwoLevelGridManager.obj
         CLRayTracerEngine.vcxproj -> E:\DESKTOP_FOLDER_\courses\FinalPaper-RayTracing\Practical\FinalPaperRayTracer\OpenCLRayTracer\\bin\Release\CLRayTracerEngine.lib
     1>Done Building Project "E:\DESKTOP_FOLDER_\courses\FinalPaper-RayTracing\Practical\FinalPaperRayTracer\OpenCLRayTracer\src\CLRayTracerEngine\CLRayTracerEngine.vcxproj" (Rebuild target(s)).

Build succeeded.

Time Elapsed 00:00:13.10
