Build started 27/06/2016 11:12:20.
     1>Project "E:\DESKTOP_FOLDER_\courses\FinalPaper-RayTracing\Practical\FinalPaperRayTracer\OpenCLRayTracer\src\CLRayTracerEngine\CLRayTracerEngine.vcxproj" on node 2 (Build target(s)).
     1>ClCompile:
         E:\Visual Studio 2012\VC\bin\CL.exe /c /I"C:\Program Files (x86)\AMD APP SDK\3.0\/include" /I"E:\AMD_APP_SDK\AMD_APP_SDK_3.0\AMD APP SDK\3.0\Include" /I../../../Libs/boost/boost_1_59_0 /I../../Include /ZI /nologo /W3 /WX- /Od /Oy- /D _MBCS /Gm /EHsc /RTC1 /MDd /GS /fp:precise /Zc:wchar_t /Zc:forScope /Fo"Debug\\" /Fd"Debug\vc110.pdb" /Gd /TP /analyze- /errorReport:prompt BVHManager.cpp BitonicSort.cpp GeneratedBVHKernelSource.cpp GeneratedPrefixSumKernelSource.cpp GeneratedSortingKernelSource.cpp GeneratedTwoLevelGridKernelSource.cpp PrefixSum.cpp TwoLevelGridManager.cpp
         GeneratedTwoLevelGridKernelSource.cpp
         GeneratedSortingKernelSource.cpp
         GeneratedPrefixSumKernelSource.cpp
         GeneratedBVHKernelSource.cpp
         Generating Code...
         Compiling...
         BVHManager.cpp
     1>e:\desktop_folder_\courses\finalpaper-raytracing\practical\finalpaperraytracer\openclraytracer\include\common\errata.h(38): warning C4005: 'FILL_ERRATA' : macro redefinition
                 e:\desktop_folder_\courses\finalpaper-raytracing\practical\finalpaperraytracer\openclraytracer\include\common\errata.h(36) : see previous definition of 'FILL_ERRATA'
     1>e:\desktop_folder_\courses\finalpaper-raytracing\practical\finalpaperraytracer\openclraytracer\include\openclutils\clinterface.h(94): warning C4003: not enough actual parameters for macro 'FILL_ERRATA'
     1>e:\desktop_folder_\courses\finalpaper-raytracing\practical\finalpaperraytracer\openclraytracer\include\openclutils\clinterface.h(103): warning C4003: not enough actual parameters for macro 'FILL_ERRATA'
     1>e:\desktop_folder_\courses\finalpaper-raytracing\practical\finalpaperraytracer\openclraytracer\include\openclutils\clinterface.h(112): warning C4003: not enough actual parameters for macro 'FILL_ERRATA'
     1>e:\desktop_folder_\courses\finalpaper-raytracing\practical\finalpaperraytracer\openclraytracer\include\openclutils\clinterface.h(121): warning C4003: not enough actual parameters for macro 'FILL_ERRATA'
     1>e:\desktop_folder_\courses\finalpaper-raytracing\practical\finalpaperraytracer\openclraytracer\include\openclutils\clinterface.h(130): warning C4003: not enough actual parameters for macro 'FILL_ERRATA'
     1>e:\desktop_folder_\courses\finalpaper-raytracing\practical\finalpaperraytracer\openclraytracer\include\openclutils\clinterface.h(139): warning C4003: not enough actual parameters for macro 'FILL_ERRATA'
     1>e:\desktop_folder_\courses\finalpaper-raytracing\practical\finalpaperraytracer\openclraytracer\include\openclutils\clinterface.h(148): warning C4003: not enough actual parameters for macro 'FILL_ERRATA'
     1>e:\desktop_folder_\courses\finalpaper-raytracing\practical\finalpaperraytracer\openclraytracer\include\openclutils\clinterface.h(157): warning C4003: not enough actual parameters for macro 'FILL_ERRATA'
     1>e:\desktop_folder_\courses\finalpaper-raytracing\practical\finalpaperraytracer\openclraytracer\include\openclutils\clinterface.h(166): warning C4003: not enough actual parameters for macro 'FILL_ERRATA'
     1>e:\desktop_folder_\courses\finalpaper-raytracing\practical\finalpaperraytracer\openclraytracer\include\openclutils\clinterface.h(183): warning C4003: not enough actual parameters for macro 'FILL_ERRATA'
     1>e:\desktop_folder_\courses\finalpaper-raytracing\practical\finalpaperraytracer\openclraytracer\include\openclutils\clinterface.h(191): warning C4003: not enough actual parameters for macro 'FILL_ERRATA'
     1>e:\desktop_folder_\courses\finalpaper-raytracing\practical\finalpaperraytracer\openclraytracer\include\openclutils\clinterface.h(199): warning C4003: not enough actual parameters for macro 'FILL_ERRATA'
     1>e:\desktop_folder_\courses\finalpaper-raytracing\practical\finalpaperraytracer\openclraytracer\include\openclutils\clinterface.h(207): warning C4003: not enough actual parameters for macro 'FILL_ERRATA'
     1>e:\desktop_folder_\courses\finalpaper-raytracing\practical\finalpaperraytracer\openclraytracer\include\openclutils\clinterface.h(215): warning C4003: not enough actual parameters for macro 'FILL_ERRATA'
     1>e:\desktop_folder_\courses\finalpaper-raytracing\practical\finalpaperraytracer\openclraytracer\include\openclutils\clinterface.h(224): warning C4003: not enough actual parameters for macro 'FILL_ERRATA'
     1>e:\desktop_folder_\courses\finalpaper-raytracing\practical\finalpaperraytracer\openclraytracer\include\openclutils\clinterface.h(233): warning C4003: not enough actual parameters for macro 'FILL_ERRATA'
     1>e:\desktop_folder_\courses\finalpaper-raytracing\practical\finalpaperraytracer\openclraytracer\include\openclutils\clinterface.h(242): warning C4003: not enough actual parameters for macro 'FILL_ERRATA'
     1>e:\desktop_folder_\courses\finalpaper-raytracing\practical\finalpaperraytracer\openclraytracer\include\openclutils\clinterface.h(260): warning C4003: not enough actual parameters for macro 'FILL_ERRATA'
     1>e:\desktop_folder_\courses\finalpaper-raytracing\practical\finalpaperraytracer\openclraytracer\include\openclutils\clinterface.h(268): warning C4003: not enough actual parameters for macro 'FILL_ERRATA'
     1>e:\desktop_folder_\courses\finalpaper-raytracing\practical\finalpaperraytracer\openclraytracer\include\openclutils\clinterface.h(276): warning C4003: not enough actual parameters for macro 'FILL_ERRATA'
     1>e:\desktop_folder_\courses\finalpaper-raytracing\practical\finalpaperraytracer\openclraytracer\include\openclutils\clinterface.h(284): warning C4003: not enough actual parameters for macro 'FILL_ERRATA'
     1>e:\desktop_folder_\courses\finalpaper-raytracing\practical\finalpaperraytracer\openclraytracer\include\openclutils\clinterface.h(292): warning C4003: not enough actual parameters for macro 'FILL_ERRATA'
     1>e:\desktop_folder_\courses\finalpaper-raytracing\practical\finalpaperraytracer\openclraytracer\include\openclutils\clinterface.h(300): warning C4003: not enough actual parameters for macro 'FILL_ERRATA'
     1>e:\desktop_folder_\courses\finalpaper-raytracing\practical\finalpaperraytracer\openclraytracer\include\openclutils\clinterface.h(308): warning C4003: not enough actual parameters for macro 'FILL_ERRATA'
     1>e:\desktop_folder_\courses\finalpaper-raytracing\practical\finalpaperraytracer\openclraytracer\include\openclutils\clinterface.h(316): warning C4003: not enough actual parameters for macro 'FILL_ERRATA'
     1>e:\desktop_folder_\courses\finalpaper-raytracing\practical\finalpaperraytracer\openclraytracer\include\openclutils\clinterface.h(325): warning C4003: not enough actual parameters for macro 'FILL_ERRATA'
     1>e:\desktop_folder_\courses\finalpaper-raytracing\practical\finalpaperraytracer\openclraytracer\include\openclutils\clinterface.h(343): warning C4003: not enough actual parameters for macro 'FILL_ERRATA'
     1>e:\desktop_folder_\courses\finalpaper-raytracing\practical\finalpaperraytracer\openclraytracer\include\openclutils\clinterface.h(351): warning C4003: not enough actual parameters for macro 'FILL_ERRATA'
     1>e:\desktop_folder_\courses\finalpaper-raytracing\practical\finalpaperraytracer\openclraytracer\include\openclutils\clinterface.h(365): warning C4003: not enough actual parameters for macro 'FILL_ERRATA'
     1>e:\desktop_folder_\courses\finalpaper-raytracing\practical\finalpaperraytracer\openclraytracer\include\openclutils\clinterface.h(399): warning C4003: not enough actual parameters for macro 'FILL_ERRATA'
     1>e:\desktop_folder_\courses\finalpaper-raytracing\practical\finalpaperraytracer\openclraytracer\include\openclutils\clinterface.h(408): warning C4003: not enough actual parameters for macro 'FILL_ERRATA'
     1>e:\desktop_folder_\courses\finalpaper-raytracing\practical\finalpaperraytracer\openclraytracer\include\openclutils\clinterface.h(417): warning C4003: not enough actual parameters for macro 'FILL_ERRATA'
     1>e:\desktop_folder_\courses\finalpaper-raytracing\practical\finalpaperraytracer\openclraytracer\include\openclutils\clinterface.h(437): warning C4003: not enough actual parameters for macro 'FILL_ERRATA'
     1>e:\desktop_folder_\courses\finalpaper-raytracing\practical\finalpaperraytracer\openclraytracer\include\openclutils\clinterface.h(446): warning C4003: not enough actual parameters for macro 'FILL_ERRATA'
     1>e:\desktop_folder_\courses\finalpaper-raytracing\practical\finalpaperraytracer\openclraytracer\include\openclutils\clinterface.h(455): warning C4003: not enough actual parameters for macro 'FILL_ERRATA'
     1>e:\desktop_folder_\courses\finalpaper-raytracing\practical\finalpaperraytracer\openclraytracer\include\openclutils\clinterface.h(464): warning C4003: not enough actual parameters for macro 'FILL_ERRATA'
     1>e:\desktop_folder_\courses\finalpaper-raytracing\practical\finalpaperraytracer\openclraytracer\include\openclutils\clinterface.h(473): warning C4003: not enough actual parameters for macro 'FILL_ERRATA'
     1>e:\desktop_folder_\courses\finalpaper-raytracing\practical\finalpaperraytracer\openclraytracer\include\openclutils\clinterface.h(482): warning C4003: not enough actual parameters for macro 'FILL_ERRATA'
     1>e:\desktop_folder_\courses\finalpaper-raytracing\practical\finalpaperraytracer\openclraytracer\include\openclutils\clinterface.h(531): warning C4003: not enough actual parameters for macro 'FILL_ERRATA'
     1>e:\desktop_folder_\courses\finalpaper-raytracing\practical\finalpaperraytracer\openclraytracer\include\openclutils\clinterface.h(539): warning C4003: not enough actual parameters for macro 'FILL_ERRATA'
     1>e:\desktop_folder_\courses\finalpaper-raytracing\practical\finalpaperraytracer\openclraytracer\include\openclutils\clinterface.h(547): warning C4003: not enough actual parameters for macro 'FILL_ERRATA'
     1>e:\desktop_folder_\courses\finalpaper-raytracing\practical\finalpaperraytracer\openclraytracer\include\openclutils\clinterface.h(555): warning C4003: not enough actual parameters for macro 'FILL_ERRATA'
     1>e:\desktop_folder_\courses\finalpaper-raytracing\practical\finalpaperraytracer\openclraytracer\include\openclutils\clinterface.h(563): warning C4003: not enough actual parameters for macro 'FILL_ERRATA'
     1>e:\desktop_folder_\courses\finalpaper-raytracing\practical\finalpaperraytracer\openclraytracer\include\openclutils\clinterface.h(571): warning C4003: not enough actual parameters for macro 'FILL_ERRATA'
     1>e:\desktop_folder_\courses\finalpaper-raytracing\practical\finalpaperraytracer\openclraytracer\include\openclutils\clinterface.h(580): warning C4003: not enough actual parameters for macro 'FILL_ERRATA'
     1>e:\desktop_folder_\courses\finalpaper-raytracing\practical\finalpaperraytracer\openclraytracer\include\openclutils\clinterface.h(588): warning C4003: not enough actual parameters for macro 'FILL_ERRATA'
     1>e:\desktop_folder_\courses\finalpaper-raytracing\practical\finalpaperraytracer\openclraytracer\include\openclutils\clinterface.h(596): warning C4003: not enough actual parameters for macro 'FILL_ERRATA'
     1>e:\desktop_folder_\courses\finalpaper-raytracing\practical\finalpaperraytracer\openclraytracer\include\openclutils\clinterface.h(604): warning C4003: not enough actual parameters for macro 'FILL_ERRATA'
     1>e:\desktop_folder_\courses\finalpaper-raytracing\practical\finalpaperraytracer\openclraytracer\include\openclutils\clinterface.h(612): warning C4003: not enough actual parameters for macro 'FILL_ERRATA'
     1>e:\desktop_folder_\courses\finalpaper-raytracing\practical\finalpaperraytracer\openclraytracer\include\openclutils\clinterface.h(621): warning C4003: not enough actual parameters for macro 'FILL_ERRATA'
     1>e:\desktop_folder_\courses\finalpaper-raytracing\practical\finalpaperraytracer\openclraytracer\include\openclutils\clinterface.h(681): warning C4018: '<' : signed/unsigned mismatch
     1>e:\desktop_folder_\courses\finalpaper-raytracing\practical\finalpaperraytracer\openclraytracer\include\openclutils\clinterface.h(745): warning C4018: '>' : signed/unsigned mismatch
     1>e:\desktop_folder_\courses\finalpaper-raytracing\practical\finalpaperraytracer\openclraytracer\include\openclutils\clinterface.h(767): warning C4018: '<' : signed/unsigned mismatch
     1>e:\desktop_folder_\courses\finalpaper-raytracing\practical\finalpaperraytracer\openclraytracer\include\cldata\clportability.h(87): warning C4005: 'CL_FLOAT' : macro redefinition
                 c:\program files (x86)\amd app sdk\3.0\include\cl\cl.h(437) : see previous definition of 'CL_FLOAT'
     1>e:\desktop_folder_\courses\finalpaper-raytracing\practical\finalpaperraytracer\openclraytracer\include\cldata\clportability.h(93): warning C4005: 'CL_GLOBAL' : macro redefinition
                 c:\program files (x86)\amd app sdk\3.0\include\cl\cl.h(332) : see previous definition of 'CL_GLOBAL'
     1>e:\desktop_folder_\courses\finalpaper-raytracing\practical\finalpaperraytracer\openclraytracer\include\cldata\clportability.h(94): warning C4005: 'CL_LOCAL' : macro redefinition
                 c:\program files (x86)\amd app sdk\3.0\include\cl\cl.h(331) : see previous definition of 'CL_LOCAL'
     1>e:\desktop_folder_\courses\finalpaper-raytracing\practical\finalpaperraytracer\openclraytracer\include\cldata\clportability.h(380): warning C4244: '=' : conversion from 'cl_float' to 'cl_uint', possible loss of data
     1>e:\desktop_folder_\courses\finalpaper-raytracing\practical\finalpaperraytracer\openclraytracer\include\cldata\clportability.h(381): warning C4244: '=' : conversion from 'cl_float' to 'cl_uint', possible loss of data
     1>e:\desktop_folder_\courses\finalpaper-raytracing\practical\finalpaperraytracer\openclraytracer\include\cldata\clportability.h(382): warning C4244: '=' : conversion from 'cl_float' to 'cl_uint', possible loss of data
     1>e:\desktop_folder_\courses\finalpaper-raytracing\practical\finalpaperraytracer\openclraytracer\include\cldata\clportability.h(389): warning C4244: '=' : conversion from 'cl_uint' to 'cl_float', possible loss of data
     1>e:\desktop_folder_\courses\finalpaper-raytracing\practical\finalpaperraytracer\openclraytracer\include\cldata\clportability.h(390): warning C4244: '=' : conversion from 'cl_uint' to 'cl_float', possible loss of data
     1>e:\desktop_folder_\courses\finalpaper-raytracing\practical\finalpaperraytracer\openclraytracer\include\cldata\clportability.h(391): warning C4244: '=' : conversion from 'cl_uint' to 'cl_float', possible loss of data
     1>e:\desktop_folder_\courses\finalpaper-raytracing\practical\finalpaperraytracer\openclraytracer\include\cldata\rtkernelutils.h(166): warning C4334: '<<' : result of 32-bit shift implicitly converted to 64 bits (was 64-bit shift intended?)
     1>e:\desktop_folder_\courses\finalpaper-raytracing\practical\finalpaperraytracer\openclraytracer\include\cldata\scenebufferparser.h(178): warning C4018: '<' : signed/unsigned mismatch
     1>e:\desktop_folder_\courses\finalpaper-raytracing\practical\finalpaperraytracer\openclraytracer\include\cldata\scenebufferparser.h(192): warning C4018: '<' : signed/unsigned mismatch
     1>e:\desktop_folder_\courses\finalpaper-raytracing\practical\finalpaperraytracer\openclraytracer\include\cldata\scenebufferparser.h(267): warning C4244: '+=' : conversion from 'cl_ulong' to 'int', possible loss of data
     1>e:\desktop_folder_\courses\finalpaper-raytracing\practical\finalpaperraytracer\openclraytracer\include\cldata\scenebufferparser.h(268): warning C4018: '>' : signed/unsigned mismatch
     1>e:\desktop_folder_\courses\finalpaper-raytracing\practical\finalpaperraytracer\openclraytracer\include\cldata\scenebufferparser.h(270): warning C4244: '-=' : conversion from 'cl_ulong' to 'int', possible loss of data
     1>e:\desktop_folder_\courses\finalpaper-raytracing\practical\finalpaperraytracer\openclraytracer\include\cldata\scenebufferparser.h(279): warning C4244: '+=' : conversion from 'cl_ulong' to 'int', possible loss of data
     1>e:\desktop_folder_\courses\finalpaper-raytracing\practical\finalpaperraytracer\openclraytracer\include\cldata\scenebufferparser.h(280): warning C4018: '>' : signed/unsigned mismatch
     1>e:\desktop_folder_\courses\finalpaper-raytracing\practical\finalpaperraytracer\openclraytracer\include\cldata\scenebufferparser.h(283): warning C4244: '-=' : conversion from 'cl_ulong' to 'int', possible loss of data
     1>e:\desktop_folder_\courses\finalpaper-raytracing\practical\finalpaperraytracer\openclraytracer\include\cldata\accelerationstructs\bvh.h(258): warning C4018: '>' : signed/unsigned mismatch
     1>e:\desktop_folder_\courses\finalpaper-raytracing\practical\finalpaperraytracer\openclraytracer\include\cldata\accelerationstructs\bvh.h(395): warning C4244: '=' : conversion from 'cl_ulong' to 'cl_uint', possible loss of data
     1>e:\desktop_folder_\courses\finalpaper-raytracing\practical\finalpaperraytracer\openclraytracer\include\openclutils\clexecutioncontext.h(201): warning C4018: '<' : signed/unsigned mismatch
     1>e:\desktop_folder_\courses\finalpaper-raytracing\practical\finalpaperraytracer\openclraytracer\include\openclutils\clexecutioncontext.h(212): warning C4018: '<' : signed/unsigned mismatch
     1>e:\visual studio 2012\vc\include\xtree(1969): warning C4003: not enough actual parameters for macro 'type'
     1>e:\desktop_folder_\courses\finalpaper-raytracing\practical\finalpaperraytracer\openclraytracer\include\testing\sortingtest.h(156): warning C4018: '<' : signed/unsigned mismatch
     1>e:\desktop_folder_\courses\finalpaper-raytracing\practical\finalpaperraytracer\openclraytracer\src\clraytracerengine\bvhmanager.cpp(67): warning C4244: 'argument' : conversion from 'cl_ulong' to 'size_t', possible loss of data
     1>e:\desktop_folder_\courses\finalpaper-raytracing\practical\finalpaperraytracer\openclraytracer\src\clraytracerengine\bvhmanager.cpp(125): warning C4244: '=' : conversion from 'cl_ulong' to 'cl_uint', possible loss of data
     1>e:\desktop_folder_\courses\finalpaper-raytracing\practical\finalpaperraytracer\openclraytracer\src\clraytracerengine\bvhmanager.cpp(129): warning C4244: '=' : conversion from 'cl_ulong' to 'cl_uint', possible loss of data
     1>e:\desktop_folder_\courses\finalpaper-raytracing\practical\finalpaperraytracer\openclraytracer\src\clraytracerengine\bvhmanager.cpp(134): warning C4244: 'argument' : conversion from 'cl_ulong' to 'size_t', possible loss of data
         Generating Code...
         Skipping... (no relevant changes detected)
         TwoLevelGridManager.cpp
         PrefixSum.cpp
         BitonicSort.cpp
       Lib:
         E:\Visual Studio 2012\VC\bin\Lib.exe /OUT:"E:\DESKTOP_FOLDER_\courses\FinalPaper-RayTracing\Practical\FinalPaperRayTracer\OpenCLRayTracer\\bin\Debug\CLRayTracerEngine.lib" /NOLOGO Debug\BitonicSort.obj
         Debug\BVHManager.obj
         Debug\PrefixSum.obj
         Debug\GeneratedBVHKernelSource.obj
         Debug\GeneratedPrefixSumKernelSource.obj
         Debug\GeneratedSortingKernelSource.obj
         Debug\GeneratedTwoLevelGridKernelSource.obj
         Debug\Scene.obj
         Debug\TwoLevelGridManager.obj
         CLRayTracerEngine.vcxproj -> E:\DESKTOP_FOLDER_\courses\FinalPaper-RayTracing\Practical\FinalPaperRayTracer\OpenCLRayTracer\\bin\Debug\CLRayTracerEngine.lib
     1>Done Building Project "E:\DESKTOP_FOLDER_\courses\FinalPaper-RayTracing\Practical\FinalPaperRayTracer\OpenCLRayTracer\src\CLRayTracerEngine\CLRayTracerEngine.vcxproj" (Build target(s)).

Build succeeded.

Time Elapsed 00:00:03.37
