E:\DESKTOP_FOLDER_\COURSES\FINALPAPER-RAYTRACING\PRACTICAL\FINALPAPERRAYTRACER\OPENCLRAYTRACER\CLRAYTRACERDATA\DEBUG\BITONICSORT.OBJ
E:\DESKTOP_FOLDER_\COURSES\FINALPAPER-RAYTRACING\PRACTICAL\FINALPAPERRAYTRACER\OPENCLRAYTRACER\CLRAYTRACERDATA\DEBUG\BVHMANAGER.OBJ
E:\DESKTOP_FOLDER_\COURSES\FINALPAPER-RAYTRACING\PRACTICAL\FINALPAPERRAYTRACER\OPENCLRAYTRACER\CLRAYTRACERDATA\DEBUG\GENERATEDBVHKERNELSOURCE.OBJ
E:\DESKTOP_FOLDER_\COURSES\FINALPAPER-RAYTRACING\PRACTICAL\FINALPAPERRAYTRACER\OPENCLRAYTRACER\CLRAYTRACERDATA\DEBUG\GENERATEDSORTINGKERNELSOURCE.OBJ
E:\DESKTOP_FOLDER_\COURSES\FINALPAPER-RAYTRACING\PRACTICAL\FINALPAPERRAYTRACER\OPENCLRAYTRACER\CLRAYTRACERDATA\DEBUG\MERGESORT.OBJ
E:\DESKTOP_FOLDER_\COURSES\FINALPAPER-RAYTRACING\PRACTICAL\FINALPAPERRAYTRACER\OPENCLRAYTRACER\CLRAYTRACERDATA\DEBUG\SCENE.OBJ
E:\DESKTOP_FOLDER_\COURSES\FINALPAPER-RAYTRACING\PRACTICAL\FINALPAPERRAYTRACER\OPENCLRAYTRACER\CLRAYTRACERDATA\DEBUG\TIMING.OBJ
E:\DESKTOP_FOLDER_\COURSES\FINALPAPER-RAYTRACING\PRACTICAL\FINALPAPERRAYTRACER\OPENCLRAYTRACER\CLRAYTRACERDATA\DEBUG\VC110.PDB
E:\DESKTOP_FOLDER_\COURSES\FINALPAPER-RAYTRACING\PRACTICAL\FINALPAPERRAYTRACER\OPENCLRAYTRACER\CLRAYTRACERDATA\GENERATEDSORTINGKERNELSOURCE.CPP
E:\DESKTOP_FOLDER_\COURSES\FINALPAPER-RAYTRACING\PRACTICAL\FINALPAPERRAYTRACER\OPENCLRAYTRACER\CLRAYTRACERDATA\GENERATEDBVHKERNELSOURCE.CPP
E:\DESKTOP_FOLDER_\COURSES\FINALPAPER-RAYTRACING\PRACTICAL\FINALPAPERRAYTRACER\OPENCLRAYTRACER\DEBUG\CLRAYTRACERUTILS.LIB
E:\DESKTOP_FOLDER_\courses\FinalPaper-RayTracing\Practical\FinalPaperRayTracer\OpenCLRayTracer\CLRayTracerData\Debug\BitonicSort.obj
E:\DESKTOP_FOLDER_\courses\FinalPaper-RayTracing\Practical\FinalPaperRayTracer\OpenCLRayTracer\CLRayTracerData\Debug\GeneratedBVHKernelSource.obj
E:\DESKTOP_FOLDER_\courses\FinalPaper-RayTracing\Practical\FinalPaperRayTracer\OpenCLRayTracer\CLRayTracerData\Debug\GeneratedSortingKernelSource.obj
E:\DESKTOP_FOLDER_\courses\FinalPaper-RayTracing\Practical\FinalPaperRayTracer\OpenCLRayTracer\CLRayTracerData\Debug\MergeSort.obj
E:\DESKTOP_FOLDER_\courses\FinalPaper-RayTracing\Practical\FinalPaperRayTracer\OpenCLRayTracer\CLRayTracerData\Debug\Scene.obj
E:\DESKTOP_FOLDER_\courses\FinalPaper-RayTracing\Practical\FinalPaperRayTracer\OpenCLRayTracer\CLRayTracerData\Debug\Timing.obj
E:\DESKTOP_FOLDER_\courses\FinalPaper-RayTracing\Practical\FinalPaperRayTracer\OpenCLRayTracer\CLRayTracerData\Debug\cl.command.1.tlog
E:\DESKTOP_FOLDER_\courses\FinalPaper-RayTracing\Practical\FinalPaperRayTracer\OpenCLRayTracer\CLRayTracerData\Debug\CL.read.1.tlog
E:\DESKTOP_FOLDER_\courses\FinalPaper-RayTracing\Practical\FinalPaperRayTracer\OpenCLRayTracer\CLRayTracerData\Debug\CL.write.1.tlog
E:\DESKTOP_FOLDER_\courses\FinalPaper-RayTracing\Practical\FinalPaperRayTracer\OpenCLRayTracer\CLRayTracerData\Debug\custombuild.command.1.tlog
E:\DESKTOP_FOLDER_\courses\FinalPaper-RayTracing\Practical\FinalPaperRayTracer\OpenCLRayTracer\CLRayTracerData\Debug\custombuild.read.1.tlog
E:\DESKTOP_FOLDER_\courses\FinalPaper-RayTracing\Practical\FinalPaperRayTracer\OpenCLRayTracer\CLRayTracerData\Debug\custombuild.write.1.tlog
E:\DESKTOP_FOLDER_\courses\FinalPaper-RayTracing\Practical\FinalPaperRayTracer\OpenCLRayTracer\CLRayTracerData\Debug\Lib-link.read.1.tlog
E:\DESKTOP_FOLDER_\courses\FinalPaper-RayTracing\Practical\FinalPaperRayTracer\OpenCLRayTracer\CLRayTracerData\Debug\Lib-link.write.1.tlog
E:\DESKTOP_FOLDER_\courses\FinalPaper-RayTracing\Practical\FinalPaperRayTracer\OpenCLRayTracer\CLRayTracerData\Debug\lib.command.1.tlog
E:\DESKTOP_FOLDER_\courses\FinalPaper-RayTracing\Practical\FinalPaperRayTracer\OpenCLRayTracer\CLRayTracerData\Debug\vc110.idb
E:\DESKTOP_FOLDER_\courses\FinalPaper-RayTracing\Practical\FinalPaperRayTracer\OpenCLRayTracer\CLRayTracerData\Debug\vc110.pdb
E:\DESKTOP_FOLDER_\courses\FinalPaper-RayTracing\Practical\FinalPaperRayTracer\OpenCLRayTracer\Debug\CLRayTracerUtils.lib
